[2025-09-08T20:23:48.490+0000] {local_task_job_runner.py:120} INFO - ::group::Pre task execution logs
[2025-09-08T20:23:48.549+0000] {taskinstance.py:2076} INFO - Dependencies all met for dep_context=non-requeueable deps ti=<TaskInstance: tfm_weekly_pipeline.scrape backfill__2025-09-02T01:00:00+00:00 [queued]>
[2025-09-08T20:23:48.565+0000] {taskinstance.py:2076} INFO - Dependencies all met for dep_context=requeueable deps ti=<TaskInstance: tfm_weekly_pipeline.scrape backfill__2025-09-02T01:00:00+00:00 [queued]>
[2025-09-08T20:23:48.568+0000] {taskinstance.py:2306} INFO - Starting attempt 1 of 2
[2025-09-08T20:23:48.591+0000] {taskinstance.py:2330} INFO - Executing <Task(_PythonDecoratedOperator): scrape> on 2025-09-02 01:00:00+00:00
[2025-09-08T20:23:48.598+0000] {standard_task_runner.py:63} INFO - Started process 287 to run task
[2025-09-08T20:23:48.603+0000] {standard_task_runner.py:90} INFO - Running: ['***', 'tasks', 'run', 'tfm_weekly_pipeline', 'scrape', 'backfill__2025-09-02T01:00:00+00:00', '--job-id', '69', '--pool', 'default_pool', '--raw', '--subdir', 'DAGS_FOLDER/tfm_market_value_dag.py', '--cfg-path', '/tmp/tmpxg2cql3g']
[2025-09-08T20:23:48.609+0000] {standard_task_runner.py:91} INFO - Job 69: Subtask scrape
[2025-09-08T20:23:48.709+0000] {task_command.py:426} INFO - Running <TaskInstance: tfm_weekly_pipeline.scrape backfill__2025-09-02T01:00:00+00:00 [running]> on host 0c5ea971e960
[2025-09-08T20:23:48.851+0000] {taskinstance.py:2648} INFO - Exporting env vars: AIRFLOW_CTX_DAG_OWNER='tfm' AIRFLOW_CTX_DAG_ID='tfm_weekly_pipeline' AIRFLOW_CTX_TASK_ID='scrape' AIRFLOW_CTX_EXECUTION_DATE='2025-09-02T01:00:00+00:00' AIRFLOW_CTX_TRY_NUMBER='1' AIRFLOW_CTX_DAG_RUN_ID='backfill__2025-09-02T01:00:00+00:00'
[2025-09-08T20:23:48.853+0000] {taskinstance.py:430} INFO - ::endgroup::
[2025-09-08T20:23:48.855+0000] {logging_mixin.py:188} INFO - 
Procesando archivo: stats
[2025-09-08T20:23:48.856+0000] {logging_mixin.py:188} INFO - 
Procesando: La Liga
[2025-09-08T20:23:58.857+0000] {logging_mixin.py:188} INFO - https://fbref.com/en/comps/12/2024-2025/stats/2024-2025-La-Liga-Stats
[2025-09-08T20:23:59.046+0000] {logging_mixin.py:188} INFO - FBref error en La Liga: Error al acceder a https://fbref.com/en/comps/12/2024-2025/stats/2024-2025-La-Liga-Stats: código 403
[2025-09-08T20:23:59.047+0000] {logging_mixin.py:188} INFO - 
Procesando: Premier League
[2025-09-08T20:24:09.058+0000] {logging_mixin.py:188} INFO - https://fbref.com/en/comps/9/2024-2025/stats/2024-2025-Premier-League-Stats
[2025-09-08T20:24:09.264+0000] {logging_mixin.py:188} INFO - FBref error en Premier League: Error al acceder a https://fbref.com/en/comps/9/2024-2025/stats/2024-2025-Premier-League-Stats: código 403
[2025-09-08T20:24:09.266+0000] {logging_mixin.py:188} INFO - 
Procesando: Serie A
[2025-09-08T20:24:19.268+0000] {logging_mixin.py:188} INFO - https://fbref.com/en/comps/11/2024-2025/stats/2024-2025-Serie-A-Stats
[2025-09-08T20:24:19.412+0000] {logging_mixin.py:188} INFO - FBref error en Serie A: Error al acceder a https://fbref.com/en/comps/11/2024-2025/stats/2024-2025-Serie-A-Stats: código 403
[2025-09-08T20:24:19.413+0000] {logging_mixin.py:188} INFO - 
Procesando: Bundesliga
[2025-09-08T20:24:29.414+0000] {logging_mixin.py:188} INFO - https://fbref.com/en/comps/20/2024-2025/stats/2024-2025-Bundesliga-Stats
[2025-09-08T20:24:29.583+0000] {logging_mixin.py:188} INFO - FBref error en Bundesliga: Error al acceder a https://fbref.com/en/comps/20/2024-2025/stats/2024-2025-Bundesliga-Stats: código 403
[2025-09-08T20:24:29.584+0000] {logging_mixin.py:188} INFO - 
Procesando: Ligue-1
[2025-09-08T20:24:39.543+0000] {logging_mixin.py:188} INFO - https://fbref.com/en/comps/13/2024-2025/stats/2024-2025-Ligue-1-Stats
[2025-09-08T20:24:40.361+0000] {logging_mixin.py:188} INFO - FBref error en Ligue-1: Error al acceder a https://fbref.com/en/comps/13/2024-2025/stats/2024-2025-Ligue-1-Stats: código 403
[2025-09-08T20:24:40.362+0000] {logging_mixin.py:188} INFO - FBref error en 2024-2025 [stats]: cannot access local variable 'temporada' where it is not associated with a value
[2025-09-08T20:24:40.363+0000] {logging_mixin.py:188} INFO - 
Procesando archivo: possession
[2025-09-08T20:24:40.363+0000] {logging_mixin.py:188} INFO - 
Procesando: La Liga
[2025-09-08T20:24:50.365+0000] {logging_mixin.py:188} INFO - https://fbref.com/en/comps/12/2024-2025/possession/2024-2025-La-Liga-Stats
[2025-09-08T20:24:51.050+0000] {logging_mixin.py:188} INFO - FBref error en La Liga: Error al acceder a https://fbref.com/en/comps/12/2024-2025/possession/2024-2025-La-Liga-Stats: código 403
[2025-09-08T20:24:51.052+0000] {logging_mixin.py:188} INFO - 
Procesando: Premier League
[2025-09-08T20:25:01.053+0000] {logging_mixin.py:188} INFO - https://fbref.com/en/comps/9/2024-2025/possession/2024-2025-Premier-League-Stats
[2025-09-08T20:25:01.494+0000] {logging_mixin.py:188} INFO - FBref error en Premier League: Error al acceder a https://fbref.com/en/comps/9/2024-2025/possession/2024-2025-Premier-League-Stats: código 403
[2025-09-08T20:25:01.495+0000] {logging_mixin.py:188} INFO - 
Procesando: Serie A
[2025-09-08T20:25:11.499+0000] {logging_mixin.py:188} INFO - https://fbref.com/en/comps/11/2024-2025/possession/2024-2025-Serie-A-Stats
[2025-09-08T20:25:11.640+0000] {logging_mixin.py:188} INFO - FBref error en Serie A: Error al acceder a https://fbref.com/en/comps/11/2024-2025/possession/2024-2025-Serie-A-Stats: código 403
[2025-09-08T20:25:11.641+0000] {logging_mixin.py:188} INFO - 
Procesando: Bundesliga
[2025-09-08T20:25:21.642+0000] {logging_mixin.py:188} INFO - https://fbref.com/en/comps/20/2024-2025/possession/2024-2025-Bundesliga-Stats
[2025-09-08T20:25:21.987+0000] {logging_mixin.py:188} INFO - FBref error en Bundesliga: Error al acceder a https://fbref.com/en/comps/20/2024-2025/possession/2024-2025-Bundesliga-Stats: código 403
[2025-09-08T20:25:21.989+0000] {logging_mixin.py:188} INFO - 
Procesando: Ligue-1
[2025-09-08T20:25:31.990+0000] {logging_mixin.py:188} INFO - https://fbref.com/en/comps/13/2024-2025/possession/2024-2025-Ligue-1-Stats
[2025-09-08T20:25:34.744+0000] {logging_mixin.py:188} INFO - FBref error en Ligue-1: Error al acceder a https://fbref.com/en/comps/13/2024-2025/possession/2024-2025-Ligue-1-Stats: código 403
[2025-09-08T20:25:34.746+0000] {logging_mixin.py:188} INFO - FBref error en 2024-2025 [possession]: cannot access local variable 'temporada' where it is not associated with a value
[2025-09-08T20:25:34.747+0000] {logging_mixin.py:188} INFO - 
Procesando archivo: defense
[2025-09-08T20:25:34.748+0000] {logging_mixin.py:188} INFO - 
Procesando: La Liga
[2025-09-08T20:25:44.750+0000] {logging_mixin.py:188} INFO - https://fbref.com/en/comps/12/2024-2025/defense/2024-2025-La-Liga-Stats
[2025-09-08T20:25:44.929+0000] {logging_mixin.py:188} INFO - FBref error en La Liga: Error al acceder a https://fbref.com/en/comps/12/2024-2025/defense/2024-2025-La-Liga-Stats: código 403
[2025-09-08T20:25:44.930+0000] {logging_mixin.py:188} INFO - 
Procesando: Premier League
[2025-09-08T20:25:54.931+0000] {logging_mixin.py:188} INFO - https://fbref.com/en/comps/9/2024-2025/defense/2024-2025-Premier-League-Stats
[2025-09-08T20:25:55.026+0000] {logging_mixin.py:188} INFO - FBref error en Premier League: Error al acceder a https://fbref.com/en/comps/9/2024-2025/defense/2024-2025-Premier-League-Stats: código 403
[2025-09-08T20:25:55.027+0000] {logging_mixin.py:188} INFO - 
Procesando: Serie A
[2025-09-08T20:26:04.993+0000] {logging_mixin.py:188} INFO - https://fbref.com/en/comps/11/2024-2025/defense/2024-2025-Serie-A-Stats
[2025-09-08T20:26:05.091+0000] {logging_mixin.py:188} INFO - FBref error en Serie A: Error al acceder a https://fbref.com/en/comps/11/2024-2025/defense/2024-2025-Serie-A-Stats: código 403
[2025-09-08T20:26:05.092+0000] {logging_mixin.py:188} INFO - 
Procesando: Bundesliga
[2025-09-08T20:26:15.093+0000] {logging_mixin.py:188} INFO - https://fbref.com/en/comps/20/2024-2025/defense/2024-2025-Bundesliga-Stats
[2025-09-08T20:26:15.592+0000] {logging_mixin.py:188} INFO - FBref error en Bundesliga: Error al acceder a https://fbref.com/en/comps/20/2024-2025/defense/2024-2025-Bundesliga-Stats: código 403
[2025-09-08T20:26:15.593+0000] {logging_mixin.py:188} INFO - 
Procesando: Ligue-1
[2025-09-08T20:26:25.594+0000] {logging_mixin.py:188} INFO - https://fbref.com/en/comps/13/2024-2025/defense/2024-2025-Ligue-1-Stats
[2025-09-08T20:26:25.811+0000] {logging_mixin.py:188} INFO - FBref error en Ligue-1: Error al acceder a https://fbref.com/en/comps/13/2024-2025/defense/2024-2025-Ligue-1-Stats: código 403
[2025-09-08T20:26:25.811+0000] {logging_mixin.py:188} INFO - FBref error en 2024-2025 [defense]: cannot access local variable 'temporada' where it is not associated with a value
[2025-09-08T20:26:25.812+0000] {logging_mixin.py:188} INFO - 
Procesando archivo: misc
[2025-09-08T20:26:25.812+0000] {logging_mixin.py:188} INFO - 
Procesando: La Liga
[2025-09-08T20:26:35.826+0000] {logging_mixin.py:188} INFO - https://fbref.com/en/comps/12/2024-2025/misc/2024-2025-La-Liga-Stats
[2025-09-08T20:26:35.894+0000] {logging_mixin.py:188} INFO - FBref error en La Liga: Error al acceder a https://fbref.com/en/comps/12/2024-2025/misc/2024-2025-La-Liga-Stats: código 403
[2025-09-08T20:26:35.895+0000] {logging_mixin.py:188} INFO - 
Procesando: Premier League
[2025-09-08T20:26:45.896+0000] {logging_mixin.py:188} INFO - https://fbref.com/en/comps/9/2024-2025/misc/2024-2025-Premier-League-Stats
[2025-09-08T20:26:45.999+0000] {logging_mixin.py:188} INFO - FBref error en Premier League: Error al acceder a https://fbref.com/en/comps/9/2024-2025/misc/2024-2025-Premier-League-Stats: código 403
[2025-09-08T20:26:46.000+0000] {logging_mixin.py:188} INFO - 
Procesando: Serie A
[2025-09-08T20:26:56.001+0000] {logging_mixin.py:188} INFO - https://fbref.com/en/comps/11/2024-2025/misc/2024-2025-Serie-A-Stats
[2025-09-08T20:26:56.128+0000] {logging_mixin.py:188} INFO - FBref error en Serie A: Error al acceder a https://fbref.com/en/comps/11/2024-2025/misc/2024-2025-Serie-A-Stats: código 403
[2025-09-08T20:26:56.128+0000] {logging_mixin.py:188} INFO - 
Procesando: Bundesliga
[2025-09-08T20:27:06.138+0000] {logging_mixin.py:188} INFO - https://fbref.com/en/comps/20/2024-2025/misc/2024-2025-Bundesliga-Stats
[2025-09-08T20:27:06.235+0000] {logging_mixin.py:188} INFO - FBref error en Bundesliga: Error al acceder a https://fbref.com/en/comps/20/2024-2025/misc/2024-2025-Bundesliga-Stats: código 403
[2025-09-08T20:27:06.235+0000] {logging_mixin.py:188} INFO - 
Procesando: Ligue-1
[2025-09-08T20:27:16.236+0000] {logging_mixin.py:188} INFO - https://fbref.com/en/comps/13/2024-2025/misc/2024-2025-Ligue-1-Stats
[2025-09-08T20:27:16.328+0000] {logging_mixin.py:188} INFO - FBref error en Ligue-1: Error al acceder a https://fbref.com/en/comps/13/2024-2025/misc/2024-2025-Ligue-1-Stats: código 403
[2025-09-08T20:27:16.328+0000] {logging_mixin.py:188} INFO - FBref error en 2024-2025 [misc]: cannot access local variable 'temporada' where it is not associated with a value
[2025-09-08T20:27:16.329+0000] {logging_mixin.py:188} INFO - 
Procesando archivo: passing
[2025-09-08T20:27:16.329+0000] {logging_mixin.py:188} INFO - 
Procesando: La Liga
[2025-09-08T20:27:26.330+0000] {logging_mixin.py:188} INFO - https://fbref.com/en/comps/12/2024-2025/passing/2024-2025-La-Liga-Stats
[2025-09-08T20:27:27.015+0000] {logging_mixin.py:188} INFO - FBref error en La Liga: Error al acceder a https://fbref.com/en/comps/12/2024-2025/passing/2024-2025-La-Liga-Stats: código 403
[2025-09-08T20:27:27.017+0000] {logging_mixin.py:188} INFO - 
Procesando: Premier League
[2025-09-08T20:27:37.036+0000] {logging_mixin.py:188} INFO - https://fbref.com/en/comps/9/2024-2025/passing/2024-2025-Premier-League-Stats
[2025-09-08T20:27:37.109+0000] {logging_mixin.py:188} INFO - FBref error en Premier League: Error al acceder a https://fbref.com/en/comps/9/2024-2025/passing/2024-2025-Premier-League-Stats: código 403
[2025-09-08T20:27:37.110+0000] {logging_mixin.py:188} INFO - 
Procesando: Serie A
[2025-09-08T20:27:47.111+0000] {logging_mixin.py:188} INFO - https://fbref.com/en/comps/11/2024-2025/passing/2024-2025-Serie-A-Stats
[2025-09-08T20:27:47.179+0000] {logging_mixin.py:188} INFO - FBref error en Serie A: Error al acceder a https://fbref.com/en/comps/11/2024-2025/passing/2024-2025-Serie-A-Stats: código 403
[2025-09-08T20:27:47.181+0000] {logging_mixin.py:188} INFO - 
Procesando: Bundesliga
[2025-09-08T20:27:57.182+0000] {logging_mixin.py:188} INFO - https://fbref.com/en/comps/20/2024-2025/passing/2024-2025-Bundesliga-Stats
[2025-09-08T20:27:57.918+0000] {logging_mixin.py:188} INFO - FBref error en Bundesliga: Error al acceder a https://fbref.com/en/comps/20/2024-2025/passing/2024-2025-Bundesliga-Stats: código 403
[2025-09-08T20:27:57.919+0000] {logging_mixin.py:188} INFO - 
Procesando: Ligue-1
[2025-09-08T20:28:07.944+0000] {logging_mixin.py:188} INFO - https://fbref.com/en/comps/13/2024-2025/passing/2024-2025-Ligue-1-Stats
[2025-09-08T20:28:08.023+0000] {logging_mixin.py:188} INFO - FBref error en Ligue-1: Error al acceder a https://fbref.com/en/comps/13/2024-2025/passing/2024-2025-Ligue-1-Stats: código 403
[2025-09-08T20:28:08.024+0000] {logging_mixin.py:188} INFO - FBref error en 2024-2025 [passing]: cannot access local variable 'temporada' where it is not associated with a value
[2025-09-08T20:28:08.025+0000] {logging_mixin.py:188} INFO - 
Procesando archivo: shooting
[2025-09-08T20:28:08.025+0000] {logging_mixin.py:188} INFO - 
Procesando: La Liga
[2025-09-08T20:28:18.026+0000] {logging_mixin.py:188} INFO - https://fbref.com/en/comps/12/2024-2025/shooting/2024-2025-La-Liga-Stats
[2025-09-08T20:28:18.094+0000] {logging_mixin.py:188} INFO - FBref error en La Liga: Error al acceder a https://fbref.com/en/comps/12/2024-2025/shooting/2024-2025-La-Liga-Stats: código 403
[2025-09-08T20:28:18.096+0000] {logging_mixin.py:188} INFO - 
Procesando: Premier League
[2025-09-08T20:28:28.097+0000] {logging_mixin.py:188} INFO - https://fbref.com/en/comps/9/2024-2025/shooting/2024-2025-Premier-League-Stats
[2025-09-08T20:28:28.183+0000] {logging_mixin.py:188} INFO - FBref error en Premier League: Error al acceder a https://fbref.com/en/comps/9/2024-2025/shooting/2024-2025-Premier-League-Stats: código 403
[2025-09-08T20:28:28.185+0000] {logging_mixin.py:188} INFO - 
Procesando: Serie A
[2025-09-08T20:28:38.214+0000] {logging_mixin.py:188} INFO - https://fbref.com/en/comps/11/2024-2025/shooting/2024-2025-Serie-A-Stats
[2025-09-08T20:28:38.486+0000] {logging_mixin.py:188} INFO - FBref error en Serie A: Error al acceder a https://fbref.com/en/comps/11/2024-2025/shooting/2024-2025-Serie-A-Stats: código 403
[2025-09-08T20:28:38.487+0000] {logging_mixin.py:188} INFO - 
Procesando: Bundesliga
[2025-09-08T20:28:48.488+0000] {logging_mixin.py:188} INFO - https://fbref.com/en/comps/20/2024-2025/shooting/2024-2025-Bundesliga-Stats
[2025-09-08T20:28:48.564+0000] {logging_mixin.py:188} INFO - FBref error en Bundesliga: Error al acceder a https://fbref.com/en/comps/20/2024-2025/shooting/2024-2025-Bundesliga-Stats: código 403
[2025-09-08T20:28:48.565+0000] {logging_mixin.py:188} INFO - 
Procesando: Ligue-1
[2025-09-08T20:28:58.566+0000] {logging_mixin.py:188} INFO - https://fbref.com/en/comps/13/2024-2025/shooting/2024-2025-Ligue-1-Stats
[2025-09-08T20:28:58.658+0000] {logging_mixin.py:188} INFO - FBref error en Ligue-1: Error al acceder a https://fbref.com/en/comps/13/2024-2025/shooting/2024-2025-Ligue-1-Stats: código 403
[2025-09-08T20:28:58.659+0000] {logging_mixin.py:188} INFO - FBref error en 2024-2025 [shooting]: cannot access local variable 'temporada' where it is not associated with a value
[2025-09-08T20:28:58.660+0000] {logging_mixin.py:188} INFO - 
Procesando archivo: keepers
[2025-09-08T20:28:58.660+0000] {logging_mixin.py:188} INFO - 
Procesando: La Liga
[2025-09-08T20:29:08.703+0000] {logging_mixin.py:188} INFO - https://fbref.com/en/comps/12/2024-2025/keepers/2024-2025-La-Liga-Stats
[2025-09-08T20:29:09.181+0000] {logging_mixin.py:188} INFO - FBref error en La Liga: Error al acceder a https://fbref.com/en/comps/12/2024-2025/keepers/2024-2025-La-Liga-Stats: código 403
[2025-09-08T20:29:09.182+0000] {logging_mixin.py:188} INFO - 
Procesando: Premier League
[2025-09-08T20:29:19.182+0000] {logging_mixin.py:188} INFO - https://fbref.com/en/comps/9/2024-2025/keepers/2024-2025-Premier-League-Stats
[2025-09-08T20:29:19.263+0000] {logging_mixin.py:188} INFO - FBref error en Premier League: Error al acceder a https://fbref.com/en/comps/9/2024-2025/keepers/2024-2025-Premier-League-Stats: código 403
[2025-09-08T20:29:19.264+0000] {logging_mixin.py:188} INFO - 
Procesando: Serie A
[2025-09-08T20:29:29.265+0000] {logging_mixin.py:188} INFO - https://fbref.com/en/comps/11/2024-2025/keepers/2024-2025-Serie-A-Stats
[2025-09-08T20:29:29.330+0000] {logging_mixin.py:188} INFO - FBref error en Serie A: Error al acceder a https://fbref.com/en/comps/11/2024-2025/keepers/2024-2025-Serie-A-Stats: código 403
[2025-09-08T20:29:29.331+0000] {logging_mixin.py:188} INFO - 
Procesando: Bundesliga
[2025-09-08T20:29:39.337+0000] {logging_mixin.py:188} INFO - https://fbref.com/en/comps/20/2024-2025/keepers/2024-2025-Bundesliga-Stats
[2025-09-08T20:29:39.470+0000] {logging_mixin.py:188} INFO - FBref error en Bundesliga: Error al acceder a https://fbref.com/en/comps/20/2024-2025/keepers/2024-2025-Bundesliga-Stats: código 403
[2025-09-08T20:29:39.471+0000] {logging_mixin.py:188} INFO - 
Procesando: Ligue-1
[2025-09-08T20:29:49.473+0000] {logging_mixin.py:188} INFO - https://fbref.com/en/comps/13/2024-2025/keepers/2024-2025-Ligue-1-Stats
[2025-09-08T20:29:49.630+0000] {logging_mixin.py:188} INFO - FBref error en Ligue-1: Error al acceder a https://fbref.com/en/comps/13/2024-2025/keepers/2024-2025-Ligue-1-Stats: código 403
[2025-09-08T20:29:49.631+0000] {logging_mixin.py:188} INFO - FBref error en 2024-2025 [keepers]: cannot access local variable 'temporada' where it is not associated with a value
[2025-09-08T20:29:49.631+0000] {logging_mixin.py:188} INFO - 
Procesando archivo: keepersadv
[2025-09-08T20:29:49.632+0000] {logging_mixin.py:188} INFO - 
Procesando: La Liga
[2025-09-08T20:29:59.632+0000] {logging_mixin.py:188} INFO - https://fbref.com/en/comps/12/2024-2025/keepersadv/2024-2025-La-Liga-Stats
[2025-09-08T20:29:59.742+0000] {logging_mixin.py:188} INFO - FBref error en La Liga: Error al acceder a https://fbref.com/en/comps/12/2024-2025/keepersadv/2024-2025-La-Liga-Stats: código 403
[2025-09-08T20:29:59.743+0000] {logging_mixin.py:188} INFO - 
Procesando: Premier League
[2025-09-08T20:30:09.755+0000] {logging_mixin.py:188} INFO - https://fbref.com/en/comps/9/2024-2025/keepersadv/2024-2025-Premier-League-Stats
[2025-09-08T20:30:09.858+0000] {logging_mixin.py:188} INFO - FBref error en Premier League: Error al acceder a https://fbref.com/en/comps/9/2024-2025/keepersadv/2024-2025-Premier-League-Stats: código 403
[2025-09-08T20:30:09.859+0000] {logging_mixin.py:188} INFO - 
Procesando: Serie A
[2025-09-08T20:30:19.860+0000] {logging_mixin.py:188} INFO - https://fbref.com/en/comps/11/2024-2025/keepersadv/2024-2025-Serie-A-Stats
[2025-09-08T20:30:19.976+0000] {logging_mixin.py:188} INFO - FBref error en Serie A: Error al acceder a https://fbref.com/en/comps/11/2024-2025/keepersadv/2024-2025-Serie-A-Stats: código 403
[2025-09-08T20:30:19.977+0000] {logging_mixin.py:188} INFO - 
Procesando: Bundesliga
[2025-09-08T20:30:29.978+0000] {logging_mixin.py:188} INFO - https://fbref.com/en/comps/20/2024-2025/keepersadv/2024-2025-Bundesliga-Stats
[2025-09-08T20:30:30.112+0000] {logging_mixin.py:188} INFO - FBref error en Bundesliga: Error al acceder a https://fbref.com/en/comps/20/2024-2025/keepersadv/2024-2025-Bundesliga-Stats: código 403
[2025-09-08T20:30:30.113+0000] {logging_mixin.py:188} INFO - 
Procesando: Ligue-1
[2025-09-08T20:30:40.126+0000] {logging_mixin.py:188} INFO - https://fbref.com/en/comps/13/2024-2025/keepersadv/2024-2025-Ligue-1-Stats
[2025-09-08T20:30:40.212+0000] {logging_mixin.py:188} INFO - FBref error en Ligue-1: Error al acceder a https://fbref.com/en/comps/13/2024-2025/keepersadv/2024-2025-Ligue-1-Stats: código 403
[2025-09-08T20:30:40.213+0000] {logging_mixin.py:188} INFO - FBref error en 2024-2025 [keepersadv]: cannot access local variable 'temporada' where it is not associated with a value
[2025-09-08T20:30:40.214+0000] {python.py:237} INFO - Done. Returned value was: None
[2025-09-08T20:30:40.215+0000] {taskinstance.py:441} INFO - ::group::Post task execution logs
[2025-09-08T20:30:40.223+0000] {taskinstance.py:1206} INFO - Marking task as SUCCESS. dag_id=tfm_weekly_pipeline, task_id=scrape, run_id=backfill__2025-09-02T01:00:00+00:00, execution_date=20250902T010000, start_date=20250908T202348, end_date=20250908T203040
[2025-09-08T20:30:40.271+0000] {local_task_job_runner.py:240} INFO - Task exited with return code 0
[2025-09-08T20:30:40.289+0000] {taskinstance.py:3503} INFO - 1 downstream tasks scheduled from follow-on schedule check
[2025-09-08T20:30:40.291+0000] {local_task_job_runner.py:222} INFO - ::endgroup::
