[2025-09-02T07:22:49.783+0000] {local_task_job_runner.py:120} INFO - ::group::Pre task execution logs
[2025-09-02T07:22:50.043+0000] {taskinstance.py:2076} INFO - Dependencies all met for dep_context=non-requeueable deps ti=<TaskInstance: tfm_weekly_pipeline.scrape scheduled__2025-08-26T01:00:00+00:00 [queued]>
[2025-09-02T07:22:50.211+0000] {taskinstance.py:2076} INFO - Dependencies all met for dep_context=requeueable deps ti=<TaskInstance: tfm_weekly_pipeline.scrape scheduled__2025-08-26T01:00:00+00:00 [queued]>
[2025-09-02T07:22:50.233+0000] {taskinstance.py:2306} INFO - Starting attempt 1 of 2
[2025-09-02T07:22:50.387+0000] {taskinstance.py:2330} INFO - Executing <Task(_PythonDecoratedOperator): scrape> on 2025-08-26 01:00:00+00:00
[2025-09-02T07:22:50.410+0000] {standard_task_runner.py:63} INFO - Started process 5633 to run task
[2025-09-02T07:22:50.435+0000] {standard_task_runner.py:90} INFO - Running: ['***', 'tasks', 'run', 'tfm_weekly_pipeline', 'scrape', 'scheduled__2025-08-26T01:00:00+00:00', '--job-id', '56', '--raw', '--subdir', 'DAGS_FOLDER/tfm_market_value_dag.py', '--cfg-path', '/tmp/tmpdjllb7dp']
[2025-09-02T07:22:50.506+0000] {standard_task_runner.py:91} INFO - Job 56: Subtask scrape
[2025-09-02T07:22:55.695+0000] {task_command.py:426} INFO - Running <TaskInstance: tfm_weekly_pipeline.scrape scheduled__2025-08-26T01:00:00+00:00 [running]> on host 1cf97d3f0dcd
[2025-09-02T07:22:57.117+0000] {taskinstance.py:2648} INFO - Exporting env vars: AIRFLOW_CTX_DAG_OWNER='tfm' AIRFLOW_CTX_DAG_ID='tfm_weekly_pipeline' AIRFLOW_CTX_TASK_ID='scrape' AIRFLOW_CTX_EXECUTION_DATE='2025-08-26T01:00:00+00:00' AIRFLOW_CTX_TRY_NUMBER='1' AIRFLOW_CTX_DAG_RUN_ID='scheduled__2025-08-26T01:00:00+00:00'
[2025-09-02T07:22:57.205+0000] {taskinstance.py:430} INFO - ::endgroup::
[2025-09-02T07:22:57.265+0000] {logging_mixin.py:188} INFO - 
Procesando archivo: stats
[2025-09-02T07:22:57.295+0000] {logging_mixin.py:188} INFO - 
Procesando: La Liga
[2025-09-02T07:23:07.333+0000] {logging_mixin.py:188} INFO - https://fbref.com/en/comps/12/2024-2025/stats/2024-2025-La-Liga-Stats
[2025-09-02T07:23:07.735+0000] {logging_mixin.py:188} INFO - FBref error en La Liga: Error al acceder a https://fbref.com/en/comps/12/2024-2025/stats/2024-2025-La-Liga-Stats: código 403
[2025-09-02T07:23:07.736+0000] {logging_mixin.py:188} INFO - 
Procesando: Premier League
[2025-09-02T07:23:17.431+0000] {logging_mixin.py:188} INFO - https://fbref.com/en/comps/9/2024-2025/stats/2024-2025-Premier-League-Stats
[2025-09-02T07:23:17.575+0000] {logging_mixin.py:188} INFO - FBref error en Premier League: Error al acceder a https://fbref.com/en/comps/9/2024-2025/stats/2024-2025-Premier-League-Stats: código 403
[2025-09-02T07:23:17.577+0000] {logging_mixin.py:188} INFO - 
Procesando: Serie A
[2025-09-02T07:23:27.579+0000] {logging_mixin.py:188} INFO - https://fbref.com/en/comps/11/2024-2025/stats/2024-2025-Serie-A-Stats
[2025-09-02T07:23:27.760+0000] {logging_mixin.py:188} INFO - FBref error en Serie A: Error al acceder a https://fbref.com/en/comps/11/2024-2025/stats/2024-2025-Serie-A-Stats: código 403
[2025-09-02T07:23:27.761+0000] {logging_mixin.py:188} INFO - 
Procesando: Bundesliga
[2025-09-02T07:23:37.766+0000] {logging_mixin.py:188} INFO - https://fbref.com/en/comps/20/2024-2025/stats/2024-2025-Bundesliga-Stats
[2025-09-02T07:23:37.880+0000] {logging_mixin.py:188} INFO - FBref error en Bundesliga: Error al acceder a https://fbref.com/en/comps/20/2024-2025/stats/2024-2025-Bundesliga-Stats: código 403
[2025-09-02T07:23:37.888+0000] {logging_mixin.py:188} INFO - 
Procesando: Ligue-1
[2025-09-02T07:23:47.576+0000] {logging_mixin.py:188} INFO - https://fbref.com/en/comps/13/2024-2025/stats/2024-2025-Ligue-1-Stats
[2025-09-02T07:23:47.851+0000] {logging_mixin.py:188} INFO - FBref error en Ligue-1: Error al acceder a https://fbref.com/en/comps/13/2024-2025/stats/2024-2025-Ligue-1-Stats: código 403
[2025-09-02T07:23:48.011+0000] {logging_mixin.py:188} INFO - [limpiar_datos] limpiando stats
[2025-09-02T07:23:48.092+0000] {logging_mixin.py:188} INFO - FBref error en 2024-2025 [stats]: 'list' object has no attribute 'columns'
[2025-09-02T07:23:48.137+0000] {logging_mixin.py:188} INFO - 
Procesando archivo: possession
[2025-09-02T07:23:48.147+0000] {logging_mixin.py:188} INFO - 
Procesando: La Liga
[2025-09-02T07:23:58.151+0000] {logging_mixin.py:188} INFO - https://fbref.com/en/comps/12/2024-2025/possession/2024-2025-La-Liga-Stats
[2025-09-02T07:23:58.687+0000] {logging_mixin.py:188} INFO - FBref error en La Liga: Error al acceder a https://fbref.com/en/comps/12/2024-2025/possession/2024-2025-La-Liga-Stats: código 403
[2025-09-02T07:23:58.787+0000] {logging_mixin.py:188} INFO - 
Procesando: Premier League
[2025-09-02T07:24:08.863+0000] {logging_mixin.py:188} INFO - https://fbref.com/en/comps/9/2024-2025/possession/2024-2025-Premier-League-Stats
[2025-09-02T07:24:09.060+0000] {logging_mixin.py:188} INFO - FBref error en Premier League: Error al acceder a https://fbref.com/en/comps/9/2024-2025/possession/2024-2025-Premier-League-Stats: código 403
[2025-09-02T07:24:09.062+0000] {logging_mixin.py:188} INFO - 
Procesando: Serie A
[2025-09-02T07:24:18.744+0000] {logging_mixin.py:188} INFO - https://fbref.com/en/comps/11/2024-2025/possession/2024-2025-Serie-A-Stats
[2025-09-02T07:24:18.887+0000] {logging_mixin.py:188} INFO - FBref error en Serie A: Error al acceder a https://fbref.com/en/comps/11/2024-2025/possession/2024-2025-Serie-A-Stats: código 403
[2025-09-02T07:24:18.897+0000] {logging_mixin.py:188} INFO - 
Procesando: Bundesliga
[2025-09-02T07:24:28.899+0000] {logging_mixin.py:188} INFO - https://fbref.com/en/comps/20/2024-2025/possession/2024-2025-Bundesliga-Stats
[2025-09-02T07:24:29.312+0000] {logging_mixin.py:188} INFO - FBref error en Bundesliga: Error al acceder a https://fbref.com/en/comps/20/2024-2025/possession/2024-2025-Bundesliga-Stats: código 403
[2025-09-02T07:24:29.361+0000] {logging_mixin.py:188} INFO - 
Procesando: Ligue-1
[2025-09-02T07:24:39.368+0000] {logging_mixin.py:188} INFO - https://fbref.com/en/comps/13/2024-2025/possession/2024-2025-Ligue-1-Stats
[2025-09-02T07:24:39.480+0000] {logging_mixin.py:188} INFO - FBref error en Ligue-1: Error al acceder a https://fbref.com/en/comps/13/2024-2025/possession/2024-2025-Ligue-1-Stats: código 403
[2025-09-02T07:24:39.483+0000] {logging_mixin.py:188} INFO - [limpiar_datos] limpiando possession
[2025-09-02T07:24:39.485+0000] {logging_mixin.py:188} INFO - FBref error en 2024-2025 [possession]: 'list' object has no attribute 'columns'
[2025-09-02T07:24:39.487+0000] {logging_mixin.py:188} INFO - 
Procesando archivo: defense
[2025-09-02T07:24:39.489+0000] {logging_mixin.py:188} INFO - 
Procesando: La Liga
[2025-09-02T07:24:49.158+0000] {logging_mixin.py:188} INFO - https://fbref.com/en/comps/12/2024-2025/defense/2024-2025-La-Liga-Stats
[2025-09-02T07:24:49.292+0000] {logging_mixin.py:188} INFO - FBref error en La Liga: Error al acceder a https://fbref.com/en/comps/12/2024-2025/defense/2024-2025-La-Liga-Stats: código 403
[2025-09-02T07:24:49.300+0000] {logging_mixin.py:188} INFO - 
Procesando: Premier League
[2025-09-02T07:24:59.303+0000] {logging_mixin.py:188} INFO - https://fbref.com/en/comps/9/2024-2025/defense/2024-2025-Premier-League-Stats
[2025-09-02T07:24:59.366+0000] {logging_mixin.py:188} INFO - FBref error en Premier League: Error al acceder a https://fbref.com/en/comps/9/2024-2025/defense/2024-2025-Premier-League-Stats: código 403
[2025-09-02T07:24:59.367+0000] {logging_mixin.py:188} INFO - 
Procesando: Serie A
[2025-09-02T07:25:09.369+0000] {logging_mixin.py:188} INFO - https://fbref.com/en/comps/11/2024-2025/defense/2024-2025-Serie-A-Stats
[2025-09-02T07:25:09.454+0000] {logging_mixin.py:188} INFO - FBref error en Serie A: Error al acceder a https://fbref.com/en/comps/11/2024-2025/defense/2024-2025-Serie-A-Stats: código 403
[2025-09-02T07:25:09.460+0000] {logging_mixin.py:188} INFO - 
Procesando: Bundesliga
[2025-09-02T07:25:19.222+0000] {logging_mixin.py:188} INFO - https://fbref.com/en/comps/20/2024-2025/defense/2024-2025-Bundesliga-Stats
[2025-09-02T07:25:19.298+0000] {logging_mixin.py:188} INFO - FBref error en Bundesliga: Error al acceder a https://fbref.com/en/comps/20/2024-2025/defense/2024-2025-Bundesliga-Stats: código 403
[2025-09-02T07:25:19.306+0000] {logging_mixin.py:188} INFO - 
Procesando: Ligue-1
[2025-09-02T07:25:29.307+0000] {logging_mixin.py:188} INFO - https://fbref.com/en/comps/13/2024-2025/defense/2024-2025-Ligue-1-Stats
[2025-09-02T07:25:29.444+0000] {logging_mixin.py:188} INFO - FBref error en Ligue-1: Error al acceder a https://fbref.com/en/comps/13/2024-2025/defense/2024-2025-Ligue-1-Stats: código 403
[2025-09-02T07:25:29.460+0000] {logging_mixin.py:188} INFO - [limpiar_datos] limpiando defense
[2025-09-02T07:25:29.462+0000] {logging_mixin.py:188} INFO - FBref error en 2024-2025 [defense]: 'list' object has no attribute 'columns'
[2025-09-02T07:25:29.464+0000] {logging_mixin.py:188} INFO - 
Procesando archivo: misc
[2025-09-02T07:25:29.471+0000] {logging_mixin.py:188} INFO - 
Procesando: La Liga
[2025-09-02T07:25:39.480+0000] {logging_mixin.py:188} INFO - https://fbref.com/en/comps/12/2024-2025/misc/2024-2025-La-Liga-Stats
[2025-09-02T07:25:39.720+0000] {logging_mixin.py:188} INFO - FBref error en La Liga: Error al acceder a https://fbref.com/en/comps/12/2024-2025/misc/2024-2025-La-Liga-Stats: código 403
[2025-09-02T07:25:39.722+0000] {logging_mixin.py:188} INFO - 
Procesando: Premier League
[2025-09-02T07:25:49.399+0000] {logging_mixin.py:188} INFO - https://fbref.com/en/comps/9/2024-2025/misc/2024-2025-Premier-League-Stats
[2025-09-02T07:25:49.490+0000] {logging_mixin.py:188} INFO - FBref error en Premier League: Error al acceder a https://fbref.com/en/comps/9/2024-2025/misc/2024-2025-Premier-League-Stats: código 403
[2025-09-02T07:25:49.493+0000] {logging_mixin.py:188} INFO - 
Procesando: Serie A
[2025-09-02T07:25:59.495+0000] {logging_mixin.py:188} INFO - https://fbref.com/en/comps/11/2024-2025/misc/2024-2025-Serie-A-Stats
[2025-09-02T07:25:59.571+0000] {logging_mixin.py:188} INFO - FBref error en Serie A: Error al acceder a https://fbref.com/en/comps/11/2024-2025/misc/2024-2025-Serie-A-Stats: código 403
[2025-09-02T07:25:59.572+0000] {logging_mixin.py:188} INFO - 
Procesando: Bundesliga
[2025-09-02T07:26:09.576+0000] {logging_mixin.py:188} INFO - https://fbref.com/en/comps/20/2024-2025/misc/2024-2025-Bundesliga-Stats
[2025-09-02T07:26:09.675+0000] {logging_mixin.py:188} INFO - FBref error en Bundesliga: Error al acceder a https://fbref.com/en/comps/20/2024-2025/misc/2024-2025-Bundesliga-Stats: código 403
[2025-09-02T07:26:09.677+0000] {logging_mixin.py:188} INFO - 
Procesando: Ligue-1
[2025-09-02T07:26:19.367+0000] {logging_mixin.py:188} INFO - https://fbref.com/en/comps/13/2024-2025/misc/2024-2025-Ligue-1-Stats
[2025-09-02T07:26:19.446+0000] {logging_mixin.py:188} INFO - FBref error en Ligue-1: Error al acceder a https://fbref.com/en/comps/13/2024-2025/misc/2024-2025-Ligue-1-Stats: código 403
[2025-09-02T07:26:19.450+0000] {logging_mixin.py:188} INFO - [limpiar_datos] limpiando misc
[2025-09-02T07:26:19.453+0000] {logging_mixin.py:188} INFO - FBref error en 2024-2025 [misc]: 'list' object has no attribute 'columns'
[2025-09-02T07:26:19.454+0000] {logging_mixin.py:188} INFO - 
Procesando archivo: passing
[2025-09-02T07:26:19.455+0000] {logging_mixin.py:188} INFO - 
Procesando: La Liga
[2025-09-02T07:26:29.457+0000] {logging_mixin.py:188} INFO - https://fbref.com/en/comps/12/2024-2025/passing/2024-2025-La-Liga-Stats
[2025-09-02T07:26:29.511+0000] {logging_mixin.py:188} INFO - FBref error en La Liga: Error al acceder a https://fbref.com/en/comps/12/2024-2025/passing/2024-2025-La-Liga-Stats: código 403
[2025-09-02T07:26:29.512+0000] {logging_mixin.py:188} INFO - 
Procesando: Premier League
[2025-09-02T07:26:39.514+0000] {logging_mixin.py:188} INFO - https://fbref.com/en/comps/9/2024-2025/passing/2024-2025-Premier-League-Stats
[2025-09-02T07:26:39.586+0000] {logging_mixin.py:188} INFO - FBref error en Premier League: Error al acceder a https://fbref.com/en/comps/9/2024-2025/passing/2024-2025-Premier-League-Stats: código 403
[2025-09-02T07:26:39.587+0000] {logging_mixin.py:188} INFO - 
Procesando: Serie A
[2025-09-02T07:26:49.345+0000] {logging_mixin.py:188} INFO - https://fbref.com/en/comps/11/2024-2025/passing/2024-2025-Serie-A-Stats
[2025-09-02T07:26:49.395+0000] {logging_mixin.py:188} INFO - FBref error en Serie A: Error al acceder a https://fbref.com/en/comps/11/2024-2025/passing/2024-2025-Serie-A-Stats: código 403
[2025-09-02T07:26:49.396+0000] {logging_mixin.py:188} INFO - 
Procesando: Bundesliga
[2025-09-02T07:26:59.397+0000] {logging_mixin.py:188} INFO - https://fbref.com/en/comps/20/2024-2025/passing/2024-2025-Bundesliga-Stats
[2025-09-02T07:26:59.462+0000] {logging_mixin.py:188} INFO - FBref error en Bundesliga: Error al acceder a https://fbref.com/en/comps/20/2024-2025/passing/2024-2025-Bundesliga-Stats: código 403
[2025-09-02T07:26:59.463+0000] {logging_mixin.py:188} INFO - 
Procesando: Ligue-1
[2025-09-02T07:27:09.464+0000] {logging_mixin.py:188} INFO - https://fbref.com/en/comps/13/2024-2025/passing/2024-2025-Ligue-1-Stats
[2025-09-02T07:27:09.511+0000] {logging_mixin.py:188} INFO - FBref error en Ligue-1: Error al acceder a https://fbref.com/en/comps/13/2024-2025/passing/2024-2025-Ligue-1-Stats: código 403
[2025-09-02T07:27:09.512+0000] {logging_mixin.py:188} INFO - [limpiar_datos] limpiando passing
[2025-09-02T07:27:09.513+0000] {logging_mixin.py:188} INFO - FBref error en 2024-2025 [passing]: 'list' object has no attribute 'columns'
[2025-09-02T07:27:09.514+0000] {logging_mixin.py:188} INFO - 
Procesando archivo: shooting
[2025-09-02T07:27:09.514+0000] {logging_mixin.py:188} INFO - 
Procesando: La Liga
[2025-09-02T07:27:19.303+0000] {logging_mixin.py:188} INFO - https://fbref.com/en/comps/12/2024-2025/shooting/2024-2025-La-Liga-Stats
[2025-09-02T07:27:19.361+0000] {logging_mixin.py:188} INFO - FBref error en La Liga: Error al acceder a https://fbref.com/en/comps/12/2024-2025/shooting/2024-2025-La-Liga-Stats: código 403
[2025-09-02T07:27:19.362+0000] {logging_mixin.py:188} INFO - 
Procesando: Premier League
[2025-09-02T07:27:29.365+0000] {logging_mixin.py:188} INFO - https://fbref.com/en/comps/9/2024-2025/shooting/2024-2025-Premier-League-Stats
[2025-09-02T07:27:29.430+0000] {logging_mixin.py:188} INFO - FBref error en Premier League: Error al acceder a https://fbref.com/en/comps/9/2024-2025/shooting/2024-2025-Premier-League-Stats: código 403
[2025-09-02T07:27:29.431+0000] {logging_mixin.py:188} INFO - 
Procesando: Serie A
[2025-09-02T07:27:39.433+0000] {logging_mixin.py:188} INFO - https://fbref.com/en/comps/11/2024-2025/shooting/2024-2025-Serie-A-Stats
[2025-09-02T07:27:40.117+0000] {logging_mixin.py:188} INFO - FBref error en Serie A: Error al acceder a https://fbref.com/en/comps/11/2024-2025/shooting/2024-2025-Serie-A-Stats: código 403
[2025-09-02T07:27:40.119+0000] {logging_mixin.py:188} INFO - 
Procesando: Bundesliga
[2025-09-02T07:27:49.872+0000] {logging_mixin.py:188} INFO - https://fbref.com/en/comps/20/2024-2025/shooting/2024-2025-Bundesliga-Stats
[2025-09-02T07:27:49.935+0000] {logging_mixin.py:188} INFO - FBref error en Bundesliga: Error al acceder a https://fbref.com/en/comps/20/2024-2025/shooting/2024-2025-Bundesliga-Stats: código 403
[2025-09-02T07:27:49.937+0000] {logging_mixin.py:188} INFO - 
Procesando: Ligue-1
[2025-09-02T07:27:59.939+0000] {logging_mixin.py:188} INFO - https://fbref.com/en/comps/13/2024-2025/shooting/2024-2025-Ligue-1-Stats
[2025-09-02T07:28:00.011+0000] {logging_mixin.py:188} INFO - FBref error en Ligue-1: Error al acceder a https://fbref.com/en/comps/13/2024-2025/shooting/2024-2025-Ligue-1-Stats: código 403
[2025-09-02T07:28:00.012+0000] {logging_mixin.py:188} INFO - [limpiar_datos] limpiando shooting
[2025-09-02T07:28:00.014+0000] {logging_mixin.py:188} INFO - FBref error en 2024-2025 [shooting]: 'list' object has no attribute 'columns'
[2025-09-02T07:28:00.015+0000] {logging_mixin.py:188} INFO - 
Procesando archivo: keepers
[2025-09-02T07:28:00.016+0000] {logging_mixin.py:188} INFO - 
Procesando: La Liga
[2025-09-02T07:28:10.018+0000] {logging_mixin.py:188} INFO - https://fbref.com/en/comps/12/2024-2025/keepers/2024-2025-La-Liga-Stats
[2025-09-02T07:28:10.295+0000] {logging_mixin.py:188} INFO - FBref error en La Liga: Error al acceder a https://fbref.com/en/comps/12/2024-2025/keepers/2024-2025-La-Liga-Stats: código 403
[2025-09-02T07:28:10.314+0000] {logging_mixin.py:188} INFO - 
Procesando: Premier League
[2025-09-02T07:28:20.058+0000] {logging_mixin.py:188} INFO - https://fbref.com/en/comps/9/2024-2025/keepers/2024-2025-Premier-League-Stats
[2025-09-02T07:28:20.231+0000] {logging_mixin.py:188} INFO - FBref error en Premier League: Error al acceder a https://fbref.com/en/comps/9/2024-2025/keepers/2024-2025-Premier-League-Stats: código 403
[2025-09-02T07:28:20.233+0000] {logging_mixin.py:188} INFO - 
Procesando: Serie A
[2025-09-02T07:28:30.234+0000] {logging_mixin.py:188} INFO - https://fbref.com/en/comps/11/2024-2025/keepers/2024-2025-Serie-A-Stats
[2025-09-02T07:28:30.299+0000] {logging_mixin.py:188} INFO - FBref error en Serie A: Error al acceder a https://fbref.com/en/comps/11/2024-2025/keepers/2024-2025-Serie-A-Stats: código 403
[2025-09-02T07:28:30.300+0000] {logging_mixin.py:188} INFO - 
Procesando: Bundesliga
[2025-09-02T07:28:40.302+0000] {logging_mixin.py:188} INFO - https://fbref.com/en/comps/20/2024-2025/keepers/2024-2025-Bundesliga-Stats
[2025-09-02T07:28:40.365+0000] {logging_mixin.py:188} INFO - FBref error en Bundesliga: Error al acceder a https://fbref.com/en/comps/20/2024-2025/keepers/2024-2025-Bundesliga-Stats: código 403
[2025-09-02T07:28:40.366+0000] {logging_mixin.py:188} INFO - 
Procesando: Ligue-1
[2025-09-02T07:28:50.091+0000] {logging_mixin.py:188} INFO - https://fbref.com/en/comps/13/2024-2025/keepers/2024-2025-Ligue-1-Stats
[2025-09-02T07:28:50.160+0000] {logging_mixin.py:188} INFO - FBref error en Ligue-1: Error al acceder a https://fbref.com/en/comps/13/2024-2025/keepers/2024-2025-Ligue-1-Stats: código 403
[2025-09-02T07:28:50.164+0000] {logging_mixin.py:188} INFO - [limpiar_datos] limpiando keepers
[2025-09-02T07:28:50.165+0000] {logging_mixin.py:188} INFO - FBref error en 2024-2025 [keepers]: 'list' object has no attribute 'columns'
[2025-09-02T07:28:50.166+0000] {logging_mixin.py:188} INFO - 
Procesando archivo: keepersadv
[2025-09-02T07:28:50.167+0000] {logging_mixin.py:188} INFO - 
Procesando: La Liga
[2025-09-02T07:29:00.169+0000] {logging_mixin.py:188} INFO - https://fbref.com/en/comps/12/2024-2025/keepersadv/2024-2025-La-Liga-Stats
[2025-09-02T07:29:00.239+0000] {logging_mixin.py:188} INFO - FBref error en La Liga: Error al acceder a https://fbref.com/en/comps/12/2024-2025/keepersadv/2024-2025-La-Liga-Stats: código 403
[2025-09-02T07:29:00.240+0000] {logging_mixin.py:188} INFO - 
Procesando: Premier League
[2025-09-02T07:29:10.241+0000] {logging_mixin.py:188} INFO - https://fbref.com/en/comps/9/2024-2025/keepersadv/2024-2025-Premier-League-Stats
[2025-09-02T07:29:10.305+0000] {logging_mixin.py:188} INFO - FBref error en Premier League: Error al acceder a https://fbref.com/en/comps/9/2024-2025/keepersadv/2024-2025-Premier-League-Stats: código 403
[2025-09-02T07:29:10.306+0000] {logging_mixin.py:188} INFO - 
Procesando: Serie A
[2025-09-02T07:29:20.032+0000] {logging_mixin.py:188} INFO - https://fbref.com/en/comps/11/2024-2025/keepersadv/2024-2025-Serie-A-Stats
[2025-09-02T07:29:20.089+0000] {logging_mixin.py:188} INFO - FBref error en Serie A: Error al acceder a https://fbref.com/en/comps/11/2024-2025/keepersadv/2024-2025-Serie-A-Stats: código 403
[2025-09-02T07:29:20.090+0000] {logging_mixin.py:188} INFO - 
Procesando: Bundesliga
[2025-09-02T07:29:30.092+0000] {logging_mixin.py:188} INFO - https://fbref.com/en/comps/20/2024-2025/keepersadv/2024-2025-Bundesliga-Stats
[2025-09-02T07:29:30.147+0000] {logging_mixin.py:188} INFO - FBref error en Bundesliga: Error al acceder a https://fbref.com/en/comps/20/2024-2025/keepersadv/2024-2025-Bundesliga-Stats: código 403
[2025-09-02T07:29:30.148+0000] {logging_mixin.py:188} INFO - 
Procesando: Ligue-1
[2025-09-02T07:29:40.149+0000] {logging_mixin.py:188} INFO - https://fbref.com/en/comps/13/2024-2025/keepersadv/2024-2025-Ligue-1-Stats
[2025-09-02T07:29:40.216+0000] {logging_mixin.py:188} INFO - FBref error en Ligue-1: Error al acceder a https://fbref.com/en/comps/13/2024-2025/keepersadv/2024-2025-Ligue-1-Stats: código 403
[2025-09-02T07:29:40.217+0000] {logging_mixin.py:188} INFO - [limpiar_datos] limpiando keepersadv
[2025-09-02T07:29:40.218+0000] {logging_mixin.py:188} INFO - FBref error en 2024-2025 [keepersadv]: 'list' object has no attribute 'columns'
[2025-09-02T07:29:40.219+0000] {python.py:237} INFO - Done. Returned value was: None
[2025-09-02T07:29:40.220+0000] {taskinstance.py:441} INFO - ::group::Post task execution logs
[2025-09-02T07:29:40.236+0000] {taskinstance.py:1206} INFO - Marking task as SUCCESS. dag_id=tfm_weekly_pipeline, task_id=scrape, run_id=scheduled__2025-08-26T01:00:00+00:00, execution_date=20250826T010000, start_date=20250902T072250, end_date=20250902T072940
[2025-09-02T07:29:40.558+0000] {local_task_job_runner.py:240} INFO - Task exited with return code 0
[2025-09-02T07:29:40.599+0000] {taskinstance.py:3503} INFO - 1 downstream tasks scheduled from follow-on schedule check
[2025-09-02T07:29:40.602+0000] {local_task_job_runner.py:222} INFO - ::endgroup::
