[2025-09-09T19:12:29.541+0000] {local_task_job_runner.py:120} INFO - ::group::Pre task execution logs
[2025-09-09T19:12:29.590+0000] {taskinstance.py:2076} INFO - Dependencies all met for dep_context=non-requeueable deps ti=<TaskInstance: tfm_weekly_pipeline.scrape manual__2025-09-09T00:00:00+00:00 [queued]>
[2025-09-09T19:12:29.604+0000] {taskinstance.py:2076} INFO - Dependencies all met for dep_context=requeueable deps ti=<TaskInstance: tfm_weekly_pipeline.scrape manual__2025-09-09T00:00:00+00:00 [queued]>
[2025-09-09T19:12:29.608+0000] {taskinstance.py:2306} INFO - Starting attempt 1 of 2
[2025-09-09T19:12:29.632+0000] {taskinstance.py:2330} INFO - Executing <Task(_PythonDecoratedOperator): scrape> on 2025-09-09 00:00:00+00:00
[2025-09-09T19:12:29.641+0000] {standard_task_runner.py:63} INFO - Started process 1234 to run task
[2025-09-09T19:12:29.647+0000] {standard_task_runner.py:90} INFO - Running: ['***', 'tasks', 'run', 'tfm_weekly_pipeline', 'scrape', 'manual__2025-09-09T00:00:00+00:00', '--job-id', '89', '--raw', '--subdir', 'DAGS_FOLDER/tfm_market_value_dag.py', '--cfg-path', '/tmp/tmpxgied50h']
[2025-09-09T19:12:29.653+0000] {standard_task_runner.py:91} INFO - Job 89: Subtask scrape
[2025-09-09T19:12:29.745+0000] {task_command.py:426} INFO - Running <TaskInstance: tfm_weekly_pipeline.scrape manual__2025-09-09T00:00:00+00:00 [running]> on host 2eba43985c56
[2025-09-09T19:12:29.920+0000] {taskinstance.py:2648} INFO - Exporting env vars: AIRFLOW_CTX_DAG_OWNER='tfm' AIRFLOW_CTX_DAG_ID='tfm_weekly_pipeline' AIRFLOW_CTX_TASK_ID='scrape' AIRFLOW_CTX_EXECUTION_DATE='2025-09-09T00:00:00+00:00' AIRFLOW_CTX_TRY_NUMBER='1' AIRFLOW_CTX_DAG_RUN_ID='manual__2025-09-09T00:00:00+00:00'
[2025-09-09T19:12:29.922+0000] {taskinstance.py:430} INFO - ::endgroup::
[2025-09-09T19:12:29.924+0000] {logging_mixin.py:188} INFO - 
Procesando archivo: stats
[2025-09-09T19:12:29.925+0000] {logging_mixin.py:188} INFO - 
Procesando: La Liga
[2025-09-09T19:12:39.926+0000] {logging_mixin.py:188} INFO - https://fbref.com/en/comps/12/2024-2025/stats/2024-2025-La-Liga-Stats
[2025-09-09T19:12:40.826+0000] {logging_mixin.py:188} INFO - FBref error en La Liga: Error al acceder a https://fbref.com/en/comps/12/2024-2025/stats/2024-2025-La-Liga-Stats: código 403
[2025-09-09T19:12:40.827+0000] {logging_mixin.py:188} INFO - 
Procesando: Premier League
[2025-09-09T19:12:50.828+0000] {logging_mixin.py:188} INFO - https://fbref.com/en/comps/9/2024-2025/stats/2024-2025-Premier-League-Stats
[2025-09-09T19:12:50.896+0000] {logging_mixin.py:188} INFO - FBref error en Premier League: Error al acceder a https://fbref.com/en/comps/9/2024-2025/stats/2024-2025-Premier-League-Stats: código 403
[2025-09-09T19:12:50.898+0000] {logging_mixin.py:188} INFO - 
Procesando: Serie A
[2025-09-09T19:13:00.913+0000] {logging_mixin.py:188} INFO - https://fbref.com/en/comps/11/2024-2025/stats/2024-2025-Serie-A-Stats
[2025-09-09T19:13:01.231+0000] {logging_mixin.py:188} INFO - FBref error en Serie A: Error al acceder a https://fbref.com/en/comps/11/2024-2025/stats/2024-2025-Serie-A-Stats: código 403
[2025-09-09T19:13:01.231+0000] {logging_mixin.py:188} INFO - 
Procesando: Bundesliga
[2025-09-09T19:13:11.232+0000] {logging_mixin.py:188} INFO - https://fbref.com/en/comps/20/2024-2025/stats/2024-2025-Bundesliga-Stats
[2025-09-09T19:13:11.315+0000] {logging_mixin.py:188} INFO - FBref error en Bundesliga: Error al acceder a https://fbref.com/en/comps/20/2024-2025/stats/2024-2025-Bundesliga-Stats: código 403
[2025-09-09T19:13:11.317+0000] {logging_mixin.py:188} INFO - 
Procesando: Ligue-1
[2025-09-09T19:13:21.318+0000] {logging_mixin.py:188} INFO - https://fbref.com/en/comps/13/2024-2025/stats/2024-2025-Ligue-1-Stats
[2025-09-09T19:13:21.481+0000] {logging_mixin.py:188} INFO - FBref error en Ligue-1: Error al acceder a https://fbref.com/en/comps/13/2024-2025/stats/2024-2025-Ligue-1-Stats: código 403
[2025-09-09T19:13:21.484+0000] {logging_mixin.py:188} INFO - FBref error en 2024-2025 [stats]: cannot access local variable 'temporada' where it is not associated with a value
[2025-09-09T19:13:21.485+0000] {logging_mixin.py:188} INFO - 
Procesando archivo: possession
[2025-09-09T19:13:21.486+0000] {logging_mixin.py:188} INFO - 
Procesando: La Liga
[2025-09-09T19:13:31.487+0000] {logging_mixin.py:188} INFO - https://fbref.com/en/comps/12/2024-2025/possession/2024-2025-La-Liga-Stats
[2025-09-09T19:13:32.574+0000] {logging_mixin.py:188} INFO - FBref error en La Liga: Error al acceder a https://fbref.com/en/comps/12/2024-2025/possession/2024-2025-La-Liga-Stats: código 403
[2025-09-09T19:13:32.576+0000] {logging_mixin.py:188} INFO - 
Procesando: Premier League
[2025-09-09T19:13:42.577+0000] {logging_mixin.py:188} INFO - https://fbref.com/en/comps/9/2024-2025/possession/2024-2025-Premier-League-Stats
[2025-09-09T19:13:42.727+0000] {logging_mixin.py:188} INFO - FBref error en Premier League: Error al acceder a https://fbref.com/en/comps/9/2024-2025/possession/2024-2025-Premier-League-Stats: código 403
[2025-09-09T19:13:42.729+0000] {logging_mixin.py:188} INFO - 
Procesando: Serie A
[2025-09-09T19:13:52.757+0000] {logging_mixin.py:188} INFO - https://fbref.com/en/comps/11/2024-2025/possession/2024-2025-Serie-A-Stats
[2025-09-09T19:13:52.832+0000] {logging_mixin.py:188} INFO - FBref error en Serie A: Error al acceder a https://fbref.com/en/comps/11/2024-2025/possession/2024-2025-Serie-A-Stats: código 403
[2025-09-09T19:13:52.833+0000] {logging_mixin.py:188} INFO - 
Procesando: Bundesliga
[2025-09-09T19:14:02.834+0000] {logging_mixin.py:188} INFO - https://fbref.com/en/comps/20/2024-2025/possession/2024-2025-Bundesliga-Stats
[2025-09-09T19:14:02.925+0000] {logging_mixin.py:188} INFO - FBref error en Bundesliga: Error al acceder a https://fbref.com/en/comps/20/2024-2025/possession/2024-2025-Bundesliga-Stats: código 403
[2025-09-09T19:14:02.927+0000] {logging_mixin.py:188} INFO - 
Procesando: Ligue-1
[2025-09-09T19:14:08.416+0000] {local_task_job_runner.py:124} ERROR - Received SIGTERM. Terminating subprocesses
[2025-09-09T19:14:08.440+0000] {process_utils.py:132} INFO - Sending 15 to group 1234. PIDs of all processes in the group: [1234]
[2025-09-09T19:14:08.442+0000] {process_utils.py:87} INFO - Sending the signal 15 to group 1234
[2025-09-09T19:14:08.475+0000] {taskinstance.py:2611} ERROR - Received SIGTERM. Terminating subprocesses.
[2025-09-09T19:14:08.502+0000] {taskinstance.py:441} INFO - ::group::Post task execution logs
[2025-09-09T19:14:08.559+0000] {taskinstance.py:2905} ERROR - Task failed with exception
Traceback (most recent call last):
  File "/home/airflow/.local/lib/python3.11/site-packages/airflow/models/taskinstance.py", line 465, in _execute_task
    result = _execute_callable(context=context, **execute_callable_kwargs)
             ^^^^^^^^^^^^^^^^^^^^^^^^^^^^^^^^^^^^^^^^^^^^^^^^^^^^^^^^^^^^^
  File "/home/airflow/.local/lib/python3.11/site-packages/airflow/models/taskinstance.py", line 432, in _execute_callable
    return execute_callable(context=context, **execute_callable_kwargs)
           ^^^^^^^^^^^^^^^^^^^^^^^^^^^^^^^^^^^^^^^^^^^^^^^^^^^^^^^^^^^^
  File "/home/airflow/.local/lib/python3.11/site-packages/airflow/models/baseoperator.py", line 401, in wrapper
    return func(self, *args, **kwargs)
           ^^^^^^^^^^^^^^^^^^^^^^^^^^^
  File "/home/airflow/.local/lib/python3.11/site-packages/airflow/decorators/base.py", line 265, in execute
    return_value = super().execute(context)
                   ^^^^^^^^^^^^^^^^^^^^^^^^
  File "/home/airflow/.local/lib/python3.11/site-packages/airflow/models/baseoperator.py", line 401, in wrapper
    return func(self, *args, **kwargs)
           ^^^^^^^^^^^^^^^^^^^^^^^^^^^
  File "/home/airflow/.local/lib/python3.11/site-packages/airflow/operators/python.py", line 235, in execute
    return_value = self.execute_callable()
                   ^^^^^^^^^^^^^^^^^^^^^^^
  File "/home/airflow/.local/lib/python3.11/site-packages/airflow/operators/python.py", line 252, in execute_callable
    return self.python_callable(*self.op_args, **self.op_kwargs)
           ^^^^^^^^^^^^^^^^^^^^^^^^^^^^^^^^^^^^^^^^^^^^^^^^^^^^^
  File "/opt/airflow/dags/tfm_market_value_dag.py", line 77, in scrape
    run_scraping_pipeline(season=season, ejecutar_r= False)
  File "/opt/airflow/repo/scripts/pipeline_api.py", line 28, in run_scraping_pipeline
    ctrl.run(season=season, ejecutar_r=ejecutar_r)
  File "/opt/airflow/repo/scripts/controlador_scrpapping.py", line 44, in run
  File "/opt/airflow/repo/scripts/controlador_scrpapping.py", line 36, in scrap_fbref_and_clean
    print(f"\nProcesando archivo: {type}")
             ^^^^^^^^^^^^^^^^^^^^^^^^^^^^^^
  File "/opt/airflow/repo/scripts/scrape_fbref.py", line 57, in scrape_fbref
    df = crear_tablas(liga["code"], liga["name"], liga["slug"], season, id, type)
         ^^^^^^^^^^^^^^^^^^^^^^^^^^^^^^^^^^^^^^^^^^^^^^^^^^^^^^^^^^^^^^^^^^^^^^^^
  File "/opt/airflow/repo/scripts/scrape_fbref.py", line 37, in crear_tablas
    time.sleep(10)
  File "/home/airflow/.local/lib/python3.11/site-packages/airflow/models/taskinstance.py", line 2613, in signal_handler
    raise AirflowTaskTerminated("Task received SIGTERM signal")
airflow.exceptions.AirflowTaskTerminated: Task received SIGTERM signal
[2025-09-09T19:14:08.647+0000] {taskinstance.py:1206} INFO - Marking task as UP_FOR_RETRY. dag_id=tfm_weekly_pipeline, task_id=scrape, run_id=manual__2025-09-09T00:00:00+00:00, execution_date=20250909T000000, start_date=20250909T191229, end_date=20250909T191408
[2025-09-09T19:14:08.738+0000] {process_utils.py:80} INFO - Process psutil.Process(pid=1234, status='terminated', exitcode=2, started='19:12:29') (1234) terminated with exit code 2
[2025-09-09T19:14:08.742+0000] {local_task_job_runner.py:240} INFO - Task exited with return code 143
[2025-09-09T19:14:08.813+0000] {taskinstance.py:3503} INFO - 0 downstream tasks scheduled from follow-on schedule check
[2025-09-09T19:14:10.670+0000] {local_task_job_runner.py:222} INFO - ::endgroup::
