[2025-09-13T13:25:52.909+0000] {local_task_job_runner.py:120} INFO - ::group::Pre task execution logs
[2025-09-13T13:25:52.959+0000] {taskinstance.py:2076} INFO - Dependencies all met for dep_context=non-requeueable deps ti=<TaskInstance: tfm_weekly_pipeline.scrape __airflow_temporary_run_2025-09-13T13:25:49.729367+00:00__ [queued]>
[2025-09-13T13:25:52.976+0000] {taskinstance.py:2076} INFO - Dependencies all met for dep_context=requeueable deps ti=<TaskInstance: tfm_weekly_pipeline.scrape __airflow_temporary_run_2025-09-13T13:25:49.729367+00:00__ [queued]>
[2025-09-13T13:25:52.977+0000] {taskinstance.py:2306} INFO - Starting attempt 1 of 2
[2025-09-13T13:25:52.999+0000] {taskinstance.py:2330} INFO - Executing <Task(_PythonDecoratedOperator): scrape> on 2025-09-13 01:00:00+00:00
[2025-09-13T13:25:53.006+0000] {standard_task_runner.py:63} INFO - Started process 214 to run task
[2025-09-13T13:25:53.015+0000] {standard_task_runner.py:90} INFO - Running: ['***', 'tasks', 'run', 'tfm_weekly_pipeline', 'scrape', '__***_temporary_run_2025-09-13T13:25:49.729367+00:00__', '--job-id', '114', '--raw', '--subdir', 'DAGS_FOLDER/tfm_market_value_dag.py', '--cfg-path', '/tmp/tmpw35qe8j7']
[2025-09-13T13:25:53.020+0000] {standard_task_runner.py:91} INFO - Job 114: Subtask scrape
[2025-09-13T13:25:53.114+0000] {task_command.py:426} INFO - Running <TaskInstance: tfm_weekly_pipeline.scrape __airflow_temporary_run_2025-09-13T13:25:49.729367+00:00__ [running]> on host a2047f06c711
[2025-09-13T13:25:53.290+0000] {taskinstance.py:2648} INFO - Exporting env vars: AIRFLOW_CTX_DAG_OWNER='tfm' AIRFLOW_CTX_DAG_ID='tfm_weekly_pipeline' AIRFLOW_CTX_TASK_ID='scrape' AIRFLOW_CTX_EXECUTION_DATE='2025-09-13T01:00:00+00:00' AIRFLOW_CTX_TRY_NUMBER='1' AIRFLOW_CTX_DAG_RUN_ID='__***_temporary_run_2025-09-13T13:25:49.729367+00:00__'
[2025-09-13T13:25:53.293+0000] {taskinstance.py:430} INFO - ::endgroup::
[2025-09-13T13:25:53.294+0000] {logging_mixin.py:188} INFO - 
Procesando archivo: stats
[2025-09-13T13:25:53.296+0000] {logging_mixin.py:188} INFO - 
Procesando3: La Liga
[2025-09-13T13:25:53.363+0000] {logging_mixin.py:188} INFO - WARN 403 en https://fbref.com/en/comps/12/2024-2025/. Reintentando con backoff y UA nuevo…
[2025-09-13T13:25:55.694+0000] {logging_mixin.py:188} INFO - FBref error en La Liga: Índice https://fbref.com/en/comps/12/2024-2025/ devolvió 403
[2025-09-13T13:25:56.830+0000] {logging_mixin.py:188} INFO - 
Procesando3: Premier League
[2025-09-13T13:25:56.887+0000] {logging_mixin.py:188} INFO - WARN 403 en https://fbref.com/en/comps/9/2024-2025/. Reintentando con backoff y UA nuevo…
[2025-09-13T13:25:58.447+0000] {logging_mixin.py:188} INFO - FBref error en Premier League: Índice https://fbref.com/en/comps/9/2024-2025/ devolvió 403
[2025-09-13T13:26:00.546+0000] {logging_mixin.py:188} INFO - 
Procesando3: Serie A
[2025-09-13T13:26:00.603+0000] {logging_mixin.py:188} INFO - WARN 403 en https://fbref.com/en/comps/11/2024-2025/. Reintentando con backoff y UA nuevo…
[2025-09-13T13:26:02.968+0000] {logging_mixin.py:188} INFO - FBref error en Serie A: Índice https://fbref.com/en/comps/11/2024-2025/ devolvió 403
[2025-09-13T13:26:04.120+0000] {logging_mixin.py:188} INFO - 
Procesando3: Bundesliga
[2025-09-13T13:26:04.177+0000] {logging_mixin.py:188} INFO - WARN 403 en https://fbref.com/en/comps/20/2024-2025/. Reintentando con backoff y UA nuevo…
[2025-09-13T13:26:06.012+0000] {logging_mixin.py:188} INFO - FBref error en Bundesliga: Índice https://fbref.com/en/comps/20/2024-2025/ devolvió 403
[2025-09-13T13:26:08.132+0000] {logging_mixin.py:188} INFO - 
Procesando3: Ligue 1
[2025-09-13T13:26:08.209+0000] {logging_mixin.py:188} INFO - WARN 403 en https://fbref.com/en/comps/13/2024-2025/. Reintentando con backoff y UA nuevo…
[2025-09-13T13:26:09.853+0000] {logging_mixin.py:188} INFO - FBref error en Ligue 1: Índice https://fbref.com/en/comps/13/2024-2025/ devolvió 403
[2025-09-13T13:26:11.244+0000] {logging_mixin.py:188} INFO - FBref error en 2024-2025 [stats]: 'builtin_function_or_method' object has no attribute 'random'
[2025-09-13T13:26:11.251+0000] {logging_mixin.py:188} INFO - 
Procesando archivo: possession
[2025-09-13T13:26:11.254+0000] {logging_mixin.py:188} INFO - 
Procesando3: La Liga
[2025-09-13T13:26:11.347+0000] {logging_mixin.py:188} INFO - WARN 403 en https://fbref.com/en/comps/12/2024-2025/. Reintentando con backoff y UA nuevo…
[2025-09-13T13:26:14.203+0000] {logging_mixin.py:188} INFO - FBref error en La Liga: Índice https://fbref.com/en/comps/12/2024-2025/ devolvió 403
[2025-09-13T13:26:15.875+0000] {logging_mixin.py:188} INFO - 
Procesando3: Premier League
[2025-09-13T13:26:15.931+0000] {logging_mixin.py:188} INFO - WARN 403 en https://fbref.com/en/comps/9/2024-2025/. Reintentando con backoff y UA nuevo…
[2025-09-13T13:26:19.096+0000] {logging_mixin.py:188} INFO - FBref error en Premier League: Índice https://fbref.com/en/comps/9/2024-2025/ devolvió 403
[2025-09-13T13:26:20.747+0000] {logging_mixin.py:188} INFO - 
Procesando3: Serie A
[2025-09-13T13:26:20.796+0000] {logging_mixin.py:188} INFO - WARN 403 en https://fbref.com/en/comps/11/2024-2025/. Reintentando con backoff y UA nuevo…
[2025-09-13T13:26:23.097+0000] {logging_mixin.py:188} INFO - FBref error en Serie A: Índice https://fbref.com/en/comps/11/2024-2025/ devolvió 403
[2025-09-13T13:26:23.394+0000] {local_task_job_runner.py:310} WARNING - State of this instance has been externally set to None. Terminating instance.
[2025-09-13T13:26:23.420+0000] {local_task_job_runner.py:222} INFO - ::endgroup::
[2025-09-13T13:26:23.529+0000] {process_utils.py:132} INFO - Sending 15 to group 214. PIDs of all processes in the group: [214]
[2025-09-13T13:26:23.615+0000] {process_utils.py:87} INFO - Sending the signal 15 to group 214
[2025-09-13T13:26:23.645+0000] {taskinstance.py:2611} ERROR - Received SIGTERM. Terminating subprocesses.
[2025-09-13T13:26:23.678+0000] {taskinstance.py:441} INFO - ::group::Post task execution logs
[2025-09-13T13:26:23.709+0000] {taskinstance.py:2905} ERROR - Task failed with exception
Traceback (most recent call last):
  File "/home/airflow/.local/lib/python3.11/site-packages/airflow/models/taskinstance.py", line 465, in _execute_task
    result = _execute_callable(context=context, **execute_callable_kwargs)
             ^^^^^^^^^^^^^^^^^^^^^^^^^^^^^^^^^^^^^^^^^^^^^^^^^^^^^^^^^^^^^
  File "/home/airflow/.local/lib/python3.11/site-packages/airflow/models/taskinstance.py", line 432, in _execute_callable
    return execute_callable(context=context, **execute_callable_kwargs)
           ^^^^^^^^^^^^^^^^^^^^^^^^^^^^^^^^^^^^^^^^^^^^^^^^^^^^^^^^^^^^
  File "/home/airflow/.local/lib/python3.11/site-packages/airflow/models/baseoperator.py", line 401, in wrapper
    return func(self, *args, **kwargs)
           ^^^^^^^^^^^^^^^^^^^^^^^^^^^
  File "/home/airflow/.local/lib/python3.11/site-packages/airflow/decorators/base.py", line 265, in execute
    return_value = super().execute(context)
                   ^^^^^^^^^^^^^^^^^^^^^^^^
  File "/home/airflow/.local/lib/python3.11/site-packages/airflow/models/baseoperator.py", line 401, in wrapper
    return func(self, *args, **kwargs)
           ^^^^^^^^^^^^^^^^^^^^^^^^^^^
  File "/home/airflow/.local/lib/python3.11/site-packages/airflow/operators/python.py", line 235, in execute
    return_value = self.execute_callable()
                   ^^^^^^^^^^^^^^^^^^^^^^^
  File "/home/airflow/.local/lib/python3.11/site-packages/airflow/operators/python.py", line 252, in execute_callable
    return self.python_callable(*self.op_args, **self.op_kwargs)
           ^^^^^^^^^^^^^^^^^^^^^^^^^^^^^^^^^^^^^^^^^^^^^^^^^^^^^
  File "/opt/airflow/dags/tfm_market_value_dag.py", line 78, in scrape
    run_scraping_pipeline(season=season, ejecutar_r= False)
  File "/opt/airflow/repo/scripts/pipeline_api.py", line 29, in run_scraping_pipeline
    return ctrl.run(season=season, ejecutar_r=ejecutar_r)
           ^^^^^^^^^^^^^^^^^^^^^^^^^^^^^^^^^^^^^^^^^^^^^^
  File "/opt/airflow/repo/scripts/controlador_scrpapping.py", line 47, in run
    scrap_fbref_and_clean(season)
  File "/opt/airflow/repo/scripts/controlador_scrpapping.py", line 38, in scrap_fbref_and_clean
    df = scrape_fbref(temporada, id, type)
         ^^^^^^^^^^^^^^^^^^^^^^^^^^^^^^^^^
  File "/opt/airflow/repo/scripts/scrape_fbref.py", line 253, in scrape_fbref
    _polite_pause(min_delay, max_delay)
  File "/opt/airflow/repo/scripts/scrape_fbref.py", line 68, in _polite_pause
    time.sleep(random.uniform(a, b))
  File "/home/airflow/.local/lib/python3.11/site-packages/airflow/models/taskinstance.py", line 2613, in signal_handler
    raise AirflowTaskTerminated("Task received SIGTERM signal")
airflow.exceptions.AirflowTaskTerminated: Task received SIGTERM signal
[2025-09-13T13:26:23.761+0000] {taskinstance.py:1206} INFO - Marking task as FAILED. dag_id=tfm_weekly_pipeline, task_id=scrape, run_id=__***_temporary_run_2025-09-13T13:25:49.729367+00:00__, execution_date=20250913T010000, start_date=20250913T132552, end_date=20250913T132623
[2025-09-13T13:26:23.805+0000] {standard_task_runner.py:110} ERROR - Failed to execute job 114 for task scrape ((psycopg2.errors.ForeignKeyViolation) insert or update on table "task_fail" violates foreign key constraint "task_fail_ti_fkey"
DETAIL:  Key (dag_id, task_id, run_id, map_index)=(tfm_weekly_pipeline, scrape, __airflow_temporary_run_2025-09-13T13:25:49.729367+00:00__, -1) is not present in table "task_instance".

[SQL: INSERT INTO task_fail (task_id, dag_id, run_id, map_index, start_date, end_date, duration) VALUES (%(task_id)s, %(dag_id)s, %(run_id)s, %(map_index)s, %(start_date)s, %(end_date)s, %(duration)s) RETURNING task_fail.id]
[parameters: {'task_id': 'scrape', 'dag_id': 'tfm_weekly_pipeline', 'run_id': '__airflow_temporary_run_2025-09-13T13:25:49.729367+00:00__', 'map_index': -1, 'start_date': datetime.datetime(2025, 9, 13, 13, 25, 52, 960752, tzinfo=Timezone('UTC')), 'end_date': datetime.datetime(2025, 9, 13, 13, 26, 23, 759221, tzinfo=Timezone('UTC')), 'duration': 30}]
(Background on this error at: https://sqlalche.me/e/14/gkpj); 214)
[2025-09-13T13:26:23.825+0000] {process_utils.py:80} INFO - Process psutil.Process(pid=214, status='terminated', exitcode=1, started='13:25:52') (214) terminated with exit code 1
