[2025-08-27T18:42:17.239+0000] {local_task_job_runner.py:120} INFO - ::group::Pre task execution logs
[2025-08-27T18:42:17.268+0000] {taskinstance.py:2076} INFO - Dependencies all met for dep_context=non-requeueable deps ti=<TaskInstance: tfm_weekly_pipeline.scrape scheduled__2025-08-19T01:00:00+00:00 [queued]>
[2025-08-27T18:42:17.276+0000] {taskinstance.py:2076} INFO - Dependencies all met for dep_context=requeueable deps ti=<TaskInstance: tfm_weekly_pipeline.scrape scheduled__2025-08-19T01:00:00+00:00 [queued]>
[2025-08-27T18:42:17.277+0000] {taskinstance.py:2306} INFO - Starting attempt 1 of 2
[2025-08-27T18:42:17.289+0000] {taskinstance.py:2330} INFO - Executing <Task(_PythonDecoratedOperator): scrape> on 2025-08-19 01:00:00+00:00
[2025-08-27T18:42:17.301+0000] {standard_task_runner.py:63} INFO - Started process 241 to run task
[2025-08-27T18:42:17.305+0000] {standard_task_runner.py:90} INFO - Running: ['***', 'tasks', 'run', 'tfm_weekly_pipeline', 'scrape', 'scheduled__2025-08-19T01:00:00+00:00', '--job-id', '15', '--raw', '--subdir', 'DAGS_FOLDER/tfm_market_value_dag.py', '--cfg-path', '/tmp/tmph40snyqy']
[2025-08-27T18:42:17.309+0000] {standard_task_runner.py:91} INFO - Job 15: Subtask scrape
[2025-08-27T18:42:17.366+0000] {task_command.py:426} INFO - Running <TaskInstance: tfm_weekly_pipeline.scrape scheduled__2025-08-19T01:00:00+00:00 [running]> on host 29a2c0c31253
[2025-08-27T18:42:17.446+0000] {taskinstance.py:2648} INFO - Exporting env vars: AIRFLOW_CTX_DAG_OWNER='tfm' AIRFLOW_CTX_DAG_ID='tfm_weekly_pipeline' AIRFLOW_CTX_TASK_ID='scrape' AIRFLOW_CTX_EXECUTION_DATE='2025-08-19T01:00:00+00:00' AIRFLOW_CTX_TRY_NUMBER='1' AIRFLOW_CTX_DAG_RUN_ID='scheduled__2025-08-19T01:00:00+00:00'
[2025-08-27T18:42:17.447+0000] {taskinstance.py:430} INFO - ::endgroup::
[2025-08-27T18:42:17.448+0000] {logging_mixin.py:188} INFO - 
Procesando archivo: stats
[2025-08-27T18:42:17.449+0000] {logging_mixin.py:188} INFO - 
Procesando: La Liga
[2025-08-27T18:42:27.449+0000] {logging_mixin.py:188} INFO - https://fbref.com/en/comps/12/2025-2026/stats/2025-2026-La-Liga-Stats
[2025-08-27T18:42:27.945+0000] {logging_mixin.py:188} INFO - FBref error en La Liga: Error al acceder a https://fbref.com/en/comps/12/2025-2026/stats/2025-2026-La-Liga-Stats: código 403
[2025-08-27T18:42:27.947+0000] {logging_mixin.py:188} INFO - 
Procesando: Premier League
[2025-08-27T18:42:39.497+0000] {logging_mixin.py:188} INFO - https://fbref.com/en/comps/9/2025-2026/stats/2025-2026-Premier-League-Stats
[2025-08-27T18:42:39.643+0000] {logging_mixin.py:188} INFO - FBref error en Premier League: Error al acceder a https://fbref.com/en/comps/9/2025-2026/stats/2025-2026-Premier-League-Stats: código 403
[2025-08-27T18:42:39.644+0000] {logging_mixin.py:188} INFO - 
Procesando: Serie A
[2025-08-27T18:42:49.644+0000] {logging_mixin.py:188} INFO - https://fbref.com/en/comps/11/2025-2026/stats/2025-2026-Serie-A-Stats
[2025-08-27T18:42:49.722+0000] {logging_mixin.py:188} INFO - FBref error en Serie A: Error al acceder a https://fbref.com/en/comps/11/2025-2026/stats/2025-2026-Serie-A-Stats: código 403
[2025-08-27T18:42:49.723+0000] {logging_mixin.py:188} INFO - 
Procesando: Bundesliga
[2025-08-27T18:42:59.724+0000] {logging_mixin.py:188} INFO - https://fbref.com/en/comps/20/2025-2026/stats/2025-2026-Bundesliga-Stats
[2025-08-27T18:42:59.828+0000] {logging_mixin.py:188} INFO - FBref error en Bundesliga: Error al acceder a https://fbref.com/en/comps/20/2025-2026/stats/2025-2026-Bundesliga-Stats: código 403
[2025-08-27T18:42:59.830+0000] {logging_mixin.py:188} INFO - 
Procesando: Ligue-1
[2025-08-27T18:43:11.423+0000] {logging_mixin.py:188} INFO - https://fbref.com/en/comps/13/2025-2026/stats/2025-2026-Ligue-1-Stats
[2025-08-27T18:43:11.506+0000] {logging_mixin.py:188} INFO - FBref error en Ligue-1: Error al acceder a https://fbref.com/en/comps/13/2025-2026/stats/2025-2026-Ligue-1-Stats: código 403
[2025-08-27T18:43:11.507+0000] {logging_mixin.py:188} INFO - [limpiar_datos] limpiando stats
[2025-08-27T18:43:11.508+0000] {logging_mixin.py:188} INFO - FBref error en 2025-2026 [stats]: 'list' object has no attribute 'columns'
[2025-08-27T18:43:11.509+0000] {logging_mixin.py:188} INFO - 
Procesando archivo: possession
[2025-08-27T18:43:11.510+0000] {logging_mixin.py:188} INFO - 
Procesando: La Liga
[2025-08-27T18:43:21.511+0000] {logging_mixin.py:188} INFO - https://fbref.com/en/comps/12/2025-2026/possession/2025-2026-La-Liga-Stats
[2025-08-27T18:43:21.577+0000] {logging_mixin.py:188} INFO - FBref error en La Liga: Error al acceder a https://fbref.com/en/comps/12/2025-2026/possession/2025-2026-La-Liga-Stats: código 403
[2025-08-27T18:43:21.579+0000] {logging_mixin.py:188} INFO - 
Procesando: Premier League
[2025-08-27T18:43:31.580+0000] {logging_mixin.py:188} INFO - https://fbref.com/en/comps/9/2025-2026/possession/2025-2026-Premier-League-Stats
[2025-08-27T18:43:31.706+0000] {logging_mixin.py:188} INFO - FBref error en Premier League: Error al acceder a https://fbref.com/en/comps/9/2025-2026/possession/2025-2026-Premier-League-Stats: código 403
[2025-08-27T18:43:31.707+0000] {logging_mixin.py:188} INFO - 
Procesando: Serie A
[2025-08-27T18:43:43.310+0000] {logging_mixin.py:188} INFO - https://fbref.com/en/comps/11/2025-2026/possession/2025-2026-Serie-A-Stats
[2025-08-27T18:43:43.464+0000] {logging_mixin.py:188} INFO - FBref error en Serie A: Error al acceder a https://fbref.com/en/comps/11/2025-2026/possession/2025-2026-Serie-A-Stats: código 403
[2025-08-27T18:43:43.465+0000] {logging_mixin.py:188} INFO - 
Procesando: Bundesliga
[2025-08-27T18:43:53.467+0000] {logging_mixin.py:188} INFO - https://fbref.com/en/comps/20/2025-2026/possession/2025-2026-Bundesliga-Stats
[2025-08-27T18:43:53.530+0000] {logging_mixin.py:188} INFO - FBref error en Bundesliga: Error al acceder a https://fbref.com/en/comps/20/2025-2026/possession/2025-2026-Bundesliga-Stats: código 403
[2025-08-27T18:43:53.531+0000] {logging_mixin.py:188} INFO - 
Procesando: Ligue-1
[2025-08-27T18:44:03.532+0000] {logging_mixin.py:188} INFO - https://fbref.com/en/comps/13/2025-2026/possession/2025-2026-Ligue-1-Stats
[2025-08-27T18:44:03.621+0000] {logging_mixin.py:188} INFO - FBref error en Ligue-1: Error al acceder a https://fbref.com/en/comps/13/2025-2026/possession/2025-2026-Ligue-1-Stats: código 403
[2025-08-27T18:44:03.622+0000] {logging_mixin.py:188} INFO - [limpiar_datos] limpiando possession
[2025-08-27T18:44:03.623+0000] {logging_mixin.py:188} INFO - FBref error en 2025-2026 [possession]: 'list' object has no attribute 'columns'
[2025-08-27T18:44:03.624+0000] {logging_mixin.py:188} INFO - 
Procesando archivo: defense
[2025-08-27T18:44:03.625+0000] {logging_mixin.py:188} INFO - 
Procesando: La Liga
[2025-08-27T18:44:15.260+0000] {logging_mixin.py:188} INFO - https://fbref.com/en/comps/12/2025-2026/defense/2025-2026-La-Liga-Stats
[2025-08-27T18:44:15.327+0000] {logging_mixin.py:188} INFO - FBref error en La Liga: Error al acceder a https://fbref.com/en/comps/12/2025-2026/defense/2025-2026-La-Liga-Stats: código 403
[2025-08-27T18:44:15.328+0000] {logging_mixin.py:188} INFO - 
Procesando: Premier League
[2025-08-27T18:44:25.328+0000] {logging_mixin.py:188} INFO - https://fbref.com/en/comps/9/2025-2026/defense/2025-2026-Premier-League-Stats
[2025-08-27T18:44:25.438+0000] {logging_mixin.py:188} INFO - FBref error en Premier League: Error al acceder a https://fbref.com/en/comps/9/2025-2026/defense/2025-2026-Premier-League-Stats: código 403
[2025-08-27T18:44:25.440+0000] {logging_mixin.py:188} INFO - 
Procesando: Serie A
[2025-08-27T18:44:35.441+0000] {logging_mixin.py:188} INFO - https://fbref.com/en/comps/11/2025-2026/defense/2025-2026-Serie-A-Stats
[2025-08-27T18:44:35.547+0000] {logging_mixin.py:188} INFO - FBref error en Serie A: Error al acceder a https://fbref.com/en/comps/11/2025-2026/defense/2025-2026-Serie-A-Stats: código 403
[2025-08-27T18:44:35.548+0000] {logging_mixin.py:188} INFO - 
Procesando: Bundesliga
[2025-08-27T18:44:47.254+0000] {logging_mixin.py:188} INFO - https://fbref.com/en/comps/20/2025-2026/defense/2025-2026-Bundesliga-Stats
[2025-08-27T18:44:47.323+0000] {logging_mixin.py:188} INFO - FBref error en Bundesliga: Error al acceder a https://fbref.com/en/comps/20/2025-2026/defense/2025-2026-Bundesliga-Stats: código 403
[2025-08-27T18:44:47.324+0000] {logging_mixin.py:188} INFO - 
Procesando: Ligue-1
[2025-08-27T18:44:57.325+0000] {logging_mixin.py:188} INFO - https://fbref.com/en/comps/13/2025-2026/defense/2025-2026-Ligue-1-Stats
[2025-08-27T18:44:57.392+0000] {logging_mixin.py:188} INFO - FBref error en Ligue-1: Error al acceder a https://fbref.com/en/comps/13/2025-2026/defense/2025-2026-Ligue-1-Stats: código 403
[2025-08-27T18:44:57.393+0000] {logging_mixin.py:188} INFO - [limpiar_datos] limpiando defense
[2025-08-27T18:44:57.394+0000] {logging_mixin.py:188} INFO - FBref error en 2025-2026 [defense]: 'list' object has no attribute 'columns'
[2025-08-27T18:44:57.394+0000] {logging_mixin.py:188} INFO - 
Procesando archivo: misc
[2025-08-27T18:44:57.395+0000] {logging_mixin.py:188} INFO - 
Procesando: La Liga
[2025-08-27T18:45:07.395+0000] {logging_mixin.py:188} INFO - https://fbref.com/en/comps/12/2025-2026/misc/2025-2026-La-Liga-Stats
[2025-08-27T18:45:07.761+0000] {logging_mixin.py:188} INFO - FBref error en La Liga: Error al acceder a https://fbref.com/en/comps/12/2025-2026/misc/2025-2026-La-Liga-Stats: código 403
[2025-08-27T18:45:07.762+0000] {logging_mixin.py:188} INFO - 
Procesando: Premier League
[2025-08-27T18:45:19.332+0000] {logging_mixin.py:188} INFO - https://fbref.com/en/comps/9/2025-2026/misc/2025-2026-Premier-League-Stats
[2025-08-27T18:45:19.404+0000] {logging_mixin.py:188} INFO - FBref error en Premier League: Error al acceder a https://fbref.com/en/comps/9/2025-2026/misc/2025-2026-Premier-League-Stats: código 403
[2025-08-27T18:45:19.405+0000] {logging_mixin.py:188} INFO - 
Procesando: Serie A
[2025-08-27T18:45:29.405+0000] {logging_mixin.py:188} INFO - https://fbref.com/en/comps/11/2025-2026/misc/2025-2026-Serie-A-Stats
[2025-08-27T18:45:29.488+0000] {logging_mixin.py:188} INFO - FBref error en Serie A: Error al acceder a https://fbref.com/en/comps/11/2025-2026/misc/2025-2026-Serie-A-Stats: código 403
[2025-08-27T18:45:29.488+0000] {logging_mixin.py:188} INFO - 
Procesando: Bundesliga
[2025-08-27T18:45:39.489+0000] {logging_mixin.py:188} INFO - https://fbref.com/en/comps/20/2025-2026/misc/2025-2026-Bundesliga-Stats
[2025-08-27T18:45:39.651+0000] {logging_mixin.py:188} INFO - FBref error en Bundesliga: Error al acceder a https://fbref.com/en/comps/20/2025-2026/misc/2025-2026-Bundesliga-Stats: código 403
[2025-08-27T18:45:39.652+0000] {logging_mixin.py:188} INFO - 
Procesando: Ligue-1
[2025-08-27T18:45:51.275+0000] {logging_mixin.py:188} INFO - https://fbref.com/en/comps/13/2025-2026/misc/2025-2026-Ligue-1-Stats
[2025-08-27T18:45:51.354+0000] {logging_mixin.py:188} INFO - FBref error en Ligue-1: Error al acceder a https://fbref.com/en/comps/13/2025-2026/misc/2025-2026-Ligue-1-Stats: código 403
[2025-08-27T18:45:51.355+0000] {logging_mixin.py:188} INFO - [limpiar_datos] limpiando misc
[2025-08-27T18:45:51.356+0000] {logging_mixin.py:188} INFO - FBref error en 2025-2026 [misc]: 'list' object has no attribute 'columns'
[2025-08-27T18:45:51.357+0000] {logging_mixin.py:188} INFO - 
Procesando archivo: passing
[2025-08-27T18:45:51.358+0000] {logging_mixin.py:188} INFO - 
Procesando: La Liga
[2025-08-27T18:46:01.359+0000] {logging_mixin.py:188} INFO - https://fbref.com/en/comps/12/2025-2026/passing/2025-2026-La-Liga-Stats
[2025-08-27T18:46:01.467+0000] {logging_mixin.py:188} INFO - FBref error en La Liga: Error al acceder a https://fbref.com/en/comps/12/2025-2026/passing/2025-2026-La-Liga-Stats: código 403
[2025-08-27T18:46:01.468+0000] {logging_mixin.py:188} INFO - 
Procesando: Premier League
[2025-08-27T18:46:11.469+0000] {logging_mixin.py:188} INFO - https://fbref.com/en/comps/9/2025-2026/passing/2025-2026-Premier-League-Stats
[2025-08-27T18:46:11.532+0000] {logging_mixin.py:188} INFO - FBref error en Premier League: Error al acceder a https://fbref.com/en/comps/9/2025-2026/passing/2025-2026-Premier-League-Stats: código 403
[2025-08-27T18:46:11.533+0000] {logging_mixin.py:188} INFO - 
Procesando: Serie A
[2025-08-27T18:46:23.157+0000] {logging_mixin.py:188} INFO - https://fbref.com/en/comps/11/2025-2026/passing/2025-2026-Serie-A-Stats
[2025-08-27T18:46:23.212+0000] {logging_mixin.py:188} INFO - FBref error en Serie A: Error al acceder a https://fbref.com/en/comps/11/2025-2026/passing/2025-2026-Serie-A-Stats: código 403
[2025-08-27T18:46:23.213+0000] {logging_mixin.py:188} INFO - 
Procesando: Bundesliga
[2025-08-27T18:46:33.214+0000] {logging_mixin.py:188} INFO - https://fbref.com/en/comps/20/2025-2026/passing/2025-2026-Bundesliga-Stats
[2025-08-27T18:46:33.292+0000] {logging_mixin.py:188} INFO - FBref error en Bundesliga: Error al acceder a https://fbref.com/en/comps/20/2025-2026/passing/2025-2026-Bundesliga-Stats: código 403
[2025-08-27T18:46:33.293+0000] {logging_mixin.py:188} INFO - 
Procesando: Ligue-1
[2025-08-27T18:46:43.294+0000] {logging_mixin.py:188} INFO - https://fbref.com/en/comps/13/2025-2026/passing/2025-2026-Ligue-1-Stats
[2025-08-27T18:46:43.395+0000] {logging_mixin.py:188} INFO - FBref error en Ligue-1: Error al acceder a https://fbref.com/en/comps/13/2025-2026/passing/2025-2026-Ligue-1-Stats: código 403
[2025-08-27T18:46:43.396+0000] {logging_mixin.py:188} INFO - [limpiar_datos] limpiando passing
[2025-08-27T18:46:43.396+0000] {logging_mixin.py:188} INFO - FBref error en 2025-2026 [passing]: 'list' object has no attribute 'columns'
[2025-08-27T18:46:43.397+0000] {logging_mixin.py:188} INFO - 
Procesando archivo: shooting
[2025-08-27T18:46:43.397+0000] {logging_mixin.py:188} INFO - 
Procesando: La Liga
[2025-08-27T18:46:55.064+0000] {logging_mixin.py:188} INFO - https://fbref.com/en/comps/12/2025-2026/shooting/2025-2026-La-Liga-Stats
[2025-08-27T18:46:55.121+0000] {logging_mixin.py:188} INFO - FBref error en La Liga: Error al acceder a https://fbref.com/en/comps/12/2025-2026/shooting/2025-2026-La-Liga-Stats: código 403
[2025-08-27T18:46:55.122+0000] {logging_mixin.py:188} INFO - 
Procesando: Premier League
[2025-08-27T18:47:05.123+0000] {logging_mixin.py:188} INFO - https://fbref.com/en/comps/9/2025-2026/shooting/2025-2026-Premier-League-Stats
[2025-08-27T18:47:05.215+0000] {logging_mixin.py:188} INFO - FBref error en Premier League: Error al acceder a https://fbref.com/en/comps/9/2025-2026/shooting/2025-2026-Premier-League-Stats: código 403
[2025-08-27T18:47:05.216+0000] {logging_mixin.py:188} INFO - 
Procesando: Serie A
[2025-08-27T18:47:15.877+0000] {logging_mixin.py:188} INFO - https://fbref.com/en/comps/11/2025-2026/shooting/2025-2026-Serie-A-Stats
[2025-08-27T18:47:17.224+0000] {logging_mixin.py:188} INFO - FBref error en Serie A: Error al acceder a https://fbref.com/en/comps/11/2025-2026/shooting/2025-2026-Serie-A-Stats: código 403
[2025-08-27T18:47:17.225+0000] {logging_mixin.py:188} INFO - 
Procesando: Bundesliga
[2025-08-27T18:47:27.226+0000] {logging_mixin.py:188} INFO - https://fbref.com/en/comps/20/2025-2026/shooting/2025-2026-Bundesliga-Stats
[2025-08-27T18:47:27.557+0000] {logging_mixin.py:188} INFO - FBref error en Bundesliga: Error al acceder a https://fbref.com/en/comps/20/2025-2026/shooting/2025-2026-Bundesliga-Stats: código 403
[2025-08-27T18:47:27.557+0000] {logging_mixin.py:188} INFO - 
Procesando: Ligue-1
[2025-08-27T18:47:37.558+0000] {logging_mixin.py:188} INFO - https://fbref.com/en/comps/13/2025-2026/shooting/2025-2026-Ligue-1-Stats
[2025-08-27T18:47:37.635+0000] {logging_mixin.py:188} INFO - FBref error en Ligue-1: Error al acceder a https://fbref.com/en/comps/13/2025-2026/shooting/2025-2026-Ligue-1-Stats: código 403
[2025-08-27T18:47:37.636+0000] {logging_mixin.py:188} INFO - [limpiar_datos] limpiando shooting
[2025-08-27T18:47:37.637+0000] {logging_mixin.py:188} INFO - FBref error en 2025-2026 [shooting]: 'list' object has no attribute 'columns'
[2025-08-27T18:47:37.637+0000] {logging_mixin.py:188} INFO - 
Procesando archivo: keepers
[2025-08-27T18:47:37.638+0000] {logging_mixin.py:188} INFO - 
Procesando: La Liga
[2025-08-27T18:47:49.248+0000] {logging_mixin.py:188} INFO - https://fbref.com/en/comps/12/2025-2026/keepers/2025-2026-La-Liga-Stats
[2025-08-27T18:47:49.346+0000] {logging_mixin.py:188} INFO - FBref error en La Liga: Error al acceder a https://fbref.com/en/comps/12/2025-2026/keepers/2025-2026-La-Liga-Stats: código 403
[2025-08-27T18:47:49.347+0000] {logging_mixin.py:188} INFO - 
Procesando: Premier League
[2025-08-27T18:47:59.348+0000] {logging_mixin.py:188} INFO - https://fbref.com/en/comps/9/2025-2026/keepers/2025-2026-Premier-League-Stats
[2025-08-27T18:47:59.410+0000] {logging_mixin.py:188} INFO - FBref error en Premier League: Error al acceder a https://fbref.com/en/comps/9/2025-2026/keepers/2025-2026-Premier-League-Stats: código 403
[2025-08-27T18:47:59.410+0000] {logging_mixin.py:188} INFO - 
Procesando: Serie A
[2025-08-27T18:48:09.411+0000] {logging_mixin.py:188} INFO - https://fbref.com/en/comps/11/2025-2026/keepers/2025-2026-Serie-A-Stats
[2025-08-27T18:48:09.704+0000] {logging_mixin.py:188} INFO - FBref error en Serie A: Error al acceder a https://fbref.com/en/comps/11/2025-2026/keepers/2025-2026-Serie-A-Stats: código 403
[2025-08-27T18:48:09.705+0000] {logging_mixin.py:188} INFO - 
Procesando: Bundesliga
[2025-08-27T18:48:21.345+0000] {logging_mixin.py:188} INFO - https://fbref.com/en/comps/20/2025-2026/keepers/2025-2026-Bundesliga-Stats
[2025-08-27T18:48:21.413+0000] {logging_mixin.py:188} INFO - FBref error en Bundesliga: Error al acceder a https://fbref.com/en/comps/20/2025-2026/keepers/2025-2026-Bundesliga-Stats: código 403
[2025-08-27T18:48:21.413+0000] {logging_mixin.py:188} INFO - 
Procesando: Ligue-1
[2025-08-27T18:48:31.414+0000] {logging_mixin.py:188} INFO - https://fbref.com/en/comps/13/2025-2026/keepers/2025-2026-Ligue-1-Stats
[2025-08-27T18:48:31.492+0000] {logging_mixin.py:188} INFO - FBref error en Ligue-1: Error al acceder a https://fbref.com/en/comps/13/2025-2026/keepers/2025-2026-Ligue-1-Stats: código 403
[2025-08-27T18:48:31.493+0000] {logging_mixin.py:188} INFO - [limpiar_datos] limpiando keepers
[2025-08-27T18:48:31.494+0000] {logging_mixin.py:188} INFO - FBref error en 2025-2026 [keepers]: 'list' object has no attribute 'columns'
[2025-08-27T18:48:31.494+0000] {logging_mixin.py:188} INFO - 
Procesando archivo: keepersadv
[2025-08-27T18:48:31.495+0000] {logging_mixin.py:188} INFO - 
Procesando: La Liga
[2025-08-27T18:48:41.496+0000] {logging_mixin.py:188} INFO - https://fbref.com/en/comps/12/2025-2026/keepersadv/2025-2026-La-Liga-Stats
[2025-08-27T18:48:41.559+0000] {logging_mixin.py:188} INFO - FBref error en La Liga: Error al acceder a https://fbref.com/en/comps/12/2025-2026/keepersadv/2025-2026-La-Liga-Stats: código 403
[2025-08-27T18:48:41.560+0000] {logging_mixin.py:188} INFO - 
Procesando: Premier League
[2025-08-27T18:48:53.232+0000] {logging_mixin.py:188} INFO - https://fbref.com/en/comps/9/2025-2026/keepersadv/2025-2026-Premier-League-Stats
[2025-08-27T18:48:53.307+0000] {logging_mixin.py:188} INFO - FBref error en Premier League: Error al acceder a https://fbref.com/en/comps/9/2025-2026/keepersadv/2025-2026-Premier-League-Stats: código 403
[2025-08-27T18:48:53.308+0000] {logging_mixin.py:188} INFO - 
Procesando: Serie A
[2025-08-27T18:49:03.308+0000] {logging_mixin.py:188} INFO - https://fbref.com/en/comps/11/2025-2026/keepersadv/2025-2026-Serie-A-Stats
[2025-08-27T18:49:03.439+0000] {logging_mixin.py:188} INFO - FBref error en Serie A: Error al acceder a https://fbref.com/en/comps/11/2025-2026/keepersadv/2025-2026-Serie-A-Stats: código 403
[2025-08-27T18:49:03.440+0000] {logging_mixin.py:188} INFO - 
Procesando: Bundesliga
[2025-08-27T18:49:13.442+0000] {logging_mixin.py:188} INFO - https://fbref.com/en/comps/20/2025-2026/keepersadv/2025-2026-Bundesliga-Stats
[2025-08-27T18:49:13.534+0000] {logging_mixin.py:188} INFO - FBref error en Bundesliga: Error al acceder a https://fbref.com/en/comps/20/2025-2026/keepersadv/2025-2026-Bundesliga-Stats: código 403
[2025-08-27T18:49:13.535+0000] {logging_mixin.py:188} INFO - 
Procesando: Ligue-1
[2025-08-27T18:49:25.132+0000] {logging_mixin.py:188} INFO - https://fbref.com/en/comps/13/2025-2026/keepersadv/2025-2026-Ligue-1-Stats
[2025-08-27T18:49:25.222+0000] {logging_mixin.py:188} INFO - FBref error en Ligue-1: Error al acceder a https://fbref.com/en/comps/13/2025-2026/keepersadv/2025-2026-Ligue-1-Stats: código 403
[2025-08-27T18:49:25.224+0000] {logging_mixin.py:188} INFO - [limpiar_datos] limpiando keepersadv
[2025-08-27T18:49:25.224+0000] {logging_mixin.py:188} INFO - FBref error en 2025-2026 [keepersadv]: 'list' object has no attribute 'columns'
[2025-08-27T18:49:25.225+0000] {python.py:237} INFO - Done. Returned value was: None
[2025-08-27T18:49:25.226+0000] {taskinstance.py:441} INFO - ::group::Post task execution logs
[2025-08-27T18:49:25.234+0000] {taskinstance.py:1206} INFO - Marking task as SUCCESS. dag_id=tfm_weekly_pipeline, task_id=scrape, run_id=scheduled__2025-08-19T01:00:00+00:00, execution_date=20250819T010000, start_date=20250827T184217, end_date=20250827T184925
[2025-08-27T18:49:25.263+0000] {local_task_job_runner.py:240} INFO - Task exited with return code 0
[2025-08-27T18:49:25.274+0000] {taskinstance.py:3503} INFO - 0 downstream tasks scheduled from follow-on schedule check
[2025-08-27T18:49:25.276+0000] {local_task_job_runner.py:222} INFO - ::endgroup::
