[2025-09-01T22:32:29.007+0000] {local_task_job_runner.py:120} INFO - ::group::Pre task execution logs
[2025-09-01T22:32:29.071+0000] {taskinstance.py:2076} INFO - Dependencies all met for dep_context=non-requeueable deps ti=<TaskInstance: tfm_weekly_pipeline.scrape __airflow_temporary_run_2025-09-01T22:32:25.620812+00:00__ [queued]>
[2025-09-01T22:32:29.086+0000] {taskinstance.py:2076} INFO - Dependencies all met for dep_context=requeueable deps ti=<TaskInstance: tfm_weekly_pipeline.scrape __airflow_temporary_run_2025-09-01T22:32:25.620812+00:00__ [queued]>
[2025-09-01T22:32:29.088+0000] {taskinstance.py:2306} INFO - Starting attempt 1 of 2
[2025-09-01T22:32:29.114+0000] {taskinstance.py:2330} INFO - Executing <Task(_PythonDecoratedOperator): scrape> on 2025-09-01 22:00:00+00:00
[2025-09-01T22:32:29.124+0000] {standard_task_runner.py:63} INFO - Started process 4696 to run task
[2025-09-01T22:32:29.131+0000] {standard_task_runner.py:90} INFO - Running: ['***', 'tasks', 'run', 'tfm_weekly_pipeline', 'scrape', '__***_temporary_run_2025-09-01T22:32:25.620812+00:00__', '--job-id', '51', '--raw', '--subdir', 'DAGS_FOLDER/tfm_market_value_dag.py', '--cfg-path', '/tmp/tmps15km3j4']
[2025-09-01T22:32:29.139+0000] {standard_task_runner.py:91} INFO - Job 51: Subtask scrape
[2025-09-01T22:32:29.258+0000] {task_command.py:426} INFO - Running <TaskInstance: tfm_weekly_pipeline.scrape __airflow_temporary_run_2025-09-01T22:32:25.620812+00:00__ [running]> on host 1cf97d3f0dcd
[2025-09-01T22:32:29.459+0000] {taskinstance.py:2648} INFO - Exporting env vars: AIRFLOW_CTX_DAG_OWNER='tfm' AIRFLOW_CTX_DAG_ID='tfm_weekly_pipeline' AIRFLOW_CTX_TASK_ID='scrape' AIRFLOW_CTX_EXECUTION_DATE='2025-09-01T22:00:00+00:00' AIRFLOW_CTX_TRY_NUMBER='1' AIRFLOW_CTX_DAG_RUN_ID='__***_temporary_run_2025-09-01T22:32:25.620812+00:00__'
[2025-09-01T22:32:29.461+0000] {taskinstance.py:430} INFO - ::endgroup::
[2025-09-01T22:32:29.463+0000] {logging_mixin.py:188} INFO - 
Procesando archivo: stats
[2025-09-01T22:32:29.464+0000] {logging_mixin.py:188} INFO - 
Procesando: La Liga
[2025-09-01T22:32:39.465+0000] {logging_mixin.py:188} INFO - https://fbref.com/en/comps/12/2025-2026/stats/2025-2026-La-Liga-Stats
[2025-09-01T22:32:39.534+0000] {logging_mixin.py:188} INFO - FBref error en La Liga: Error al acceder a https://fbref.com/en/comps/12/2025-2026/stats/2025-2026-La-Liga-Stats: código 403
[2025-09-01T22:32:39.536+0000] {logging_mixin.py:188} INFO - 
Procesando: Premier League
[2025-09-01T22:32:48.814+0000] {logging_mixin.py:188} INFO - https://fbref.com/en/comps/9/2025-2026/stats/2025-2026-Premier-League-Stats
[2025-09-01T22:32:48.877+0000] {logging_mixin.py:188} INFO - FBref error en Premier League: Error al acceder a https://fbref.com/en/comps/9/2025-2026/stats/2025-2026-Premier-League-Stats: código 403
[2025-09-01T22:32:48.879+0000] {logging_mixin.py:188} INFO - 
Procesando: Serie A
[2025-09-01T22:32:58.880+0000] {logging_mixin.py:188} INFO - https://fbref.com/en/comps/11/2025-2026/stats/2025-2026-Serie-A-Stats
[2025-09-01T22:32:58.961+0000] {logging_mixin.py:188} INFO - FBref error en Serie A: Error al acceder a https://fbref.com/en/comps/11/2025-2026/stats/2025-2026-Serie-A-Stats: código 403
[2025-09-01T22:32:58.962+0000] {logging_mixin.py:188} INFO - 
Procesando: Bundesliga
[2025-09-01T22:33:04.643+0000] {local_task_job_runner.py:310} WARNING - State of this instance has been externally set to None. Terminating instance.
[2025-09-01T22:33:04.644+0000] {local_task_job_runner.py:222} INFO - ::endgroup::
[2025-09-01T22:33:04.647+0000] {process_utils.py:132} INFO - Sending 15 to group 4696. PIDs of all processes in the group: [4696]
[2025-09-01T22:33:04.648+0000] {process_utils.py:87} INFO - Sending the signal 15 to group 4696
[2025-09-01T22:33:04.649+0000] {taskinstance.py:2611} ERROR - Received SIGTERM. Terminating subprocesses.
[2025-09-01T22:33:04.650+0000] {taskinstance.py:441} INFO - ::group::Post task execution logs
[2025-09-01T22:33:04.664+0000] {taskinstance.py:2905} ERROR - Task failed with exception
Traceback (most recent call last):
  File "/home/airflow/.local/lib/python3.11/site-packages/airflow/models/taskinstance.py", line 465, in _execute_task
    result = _execute_callable(context=context, **execute_callable_kwargs)
             ^^^^^^^^^^^^^^^^^^^^^^^^^^^^^^^^^^^^^^^^^^^^^^^^^^^^^^^^^^^^^
  File "/home/airflow/.local/lib/python3.11/site-packages/airflow/models/taskinstance.py", line 432, in _execute_callable
    return execute_callable(context=context, **execute_callable_kwargs)
           ^^^^^^^^^^^^^^^^^^^^^^^^^^^^^^^^^^^^^^^^^^^^^^^^^^^^^^^^^^^^
  File "/home/airflow/.local/lib/python3.11/site-packages/airflow/models/baseoperator.py", line 401, in wrapper
    return func(self, *args, **kwargs)
           ^^^^^^^^^^^^^^^^^^^^^^^^^^^
  File "/home/airflow/.local/lib/python3.11/site-packages/airflow/decorators/base.py", line 265, in execute
    return_value = super().execute(context)
                   ^^^^^^^^^^^^^^^^^^^^^^^^
  File "/home/airflow/.local/lib/python3.11/site-packages/airflow/models/baseoperator.py", line 401, in wrapper
    return func(self, *args, **kwargs)
           ^^^^^^^^^^^^^^^^^^^^^^^^^^^
  File "/home/airflow/.local/lib/python3.11/site-packages/airflow/operators/python.py", line 235, in execute
    return_value = self.execute_callable()
                   ^^^^^^^^^^^^^^^^^^^^^^^
  File "/home/airflow/.local/lib/python3.11/site-packages/airflow/operators/python.py", line 252, in execute_callable
    return self.python_callable(*self.op_args, **self.op_kwargs)
           ^^^^^^^^^^^^^^^^^^^^^^^^^^^^^^^^^^^^^^^^^^^^^^^^^^^^^
  File "/opt/airflow/dags/tfm_market_value_dag.py", line 58, in scrape
    run_scraping_pipeline(season=season, ejecutar_r= False)
  File "/opt/airflow/repo/scripts/pipeline_api.py", line 29, in run_scraping_pipeline
    ctrl.run(season=season, ejecutar_r=ejecutar_r)
  File "/opt/airflow/repo/scripts/controlador_scrpapping.py", line 44, in run
    scrap_fbref_and_clean(season)
  File "/opt/airflow/repo/scripts/controlador_scrpapping.py", line 36, in scrap_fbref_and_clean
    df = scrape_fbref(temporada, id, type)
         ^^^^^^^^^^^^^^^^^^^^^^^^^^^^^^^^^
  File "/opt/airflow/repo/scripts/scrape_fbref.py", line 59, in scrape_fbref
    df = crear_tablas(liga["code"], liga["name"], liga["slug"], season, id, type)
         ^^^^^^^^^^^^^^^^^^^^^^^^^^^^^^^^^^^^^^^^^^^^^^^^^^^^^^^^^^^^^^^^^^^^^^^^
  File "/opt/airflow/repo/scripts/scrape_fbref.py", line 37, in crear_tablas
    time.sleep(10)
  File "/home/airflow/.local/lib/python3.11/site-packages/airflow/models/taskinstance.py", line 2613, in signal_handler
    raise AirflowTaskTerminated("Task received SIGTERM signal")
airflow.exceptions.AirflowTaskTerminated: Task received SIGTERM signal
[2025-09-01T22:33:04.704+0000] {taskinstance.py:1206} INFO - Marking task as FAILED. dag_id=tfm_weekly_pipeline, task_id=scrape, run_id=__***_temporary_run_2025-09-01T22:32:25.620812+00:00__, execution_date=20250901T220000, start_date=20250901T223229, end_date=20250901T223304
[2025-09-01T22:33:04.727+0000] {standard_task_runner.py:110} ERROR - Failed to execute job 51 for task scrape ((psycopg2.errors.ForeignKeyViolation) insert or update on table "task_fail" violates foreign key constraint "task_fail_ti_fkey"
DETAIL:  Key (dag_id, task_id, run_id, map_index)=(tfm_weekly_pipeline, scrape, __airflow_temporary_run_2025-09-01T22:32:25.620812+00:00__, -1) is not present in table "task_instance".

[SQL: INSERT INTO task_fail (task_id, dag_id, run_id, map_index, start_date, end_date, duration) VALUES (%(task_id)s, %(dag_id)s, %(run_id)s, %(map_index)s, %(start_date)s, %(end_date)s, %(duration)s) RETURNING task_fail.id]
[parameters: {'task_id': 'scrape', 'dag_id': 'tfm_weekly_pipeline', 'run_id': '__airflow_temporary_run_2025-09-01T22:32:25.620812+00:00__', 'map_index': -1, 'start_date': datetime.datetime(2025, 9, 1, 22, 32, 29, 72604, tzinfo=Timezone('UTC')), 'end_date': datetime.datetime(2025, 9, 1, 22, 33, 4, 703866, tzinfo=Timezone('UTC')), 'duration': 35}]
(Background on this error at: https://sqlalche.me/e/14/gkpj); 4696)
[2025-09-01T22:33:04.743+0000] {process_utils.py:80} INFO - Process psutil.Process(pid=4696, status='terminated', exitcode=1, started='22:32:28') (4696) terminated with exit code 1
