[2025-09-08T20:18:24.108+0000] {local_task_job_runner.py:120} INFO - ::group::Pre task execution logs
[2025-09-08T20:18:24.161+0000] {taskinstance.py:2076} INFO - Dependencies all met for dep_context=non-requeueable deps ti=<TaskInstance: tfm_weekly_pipeline.scrape manual__2025-09-08T20:02:17+00:00 [queued]>
[2025-09-08T20:18:24.175+0000] {taskinstance.py:2076} INFO - Dependencies all met for dep_context=requeueable deps ti=<TaskInstance: tfm_weekly_pipeline.scrape manual__2025-09-08T20:02:17+00:00 [queued]>
[2025-09-08T20:18:24.179+0000] {taskinstance.py:2306} INFO - Starting attempt 1 of 2
[2025-09-08T20:18:24.202+0000] {taskinstance.py:2330} INFO - Executing <Task(_PythonDecoratedOperator): scrape> on 2025-09-08 20:02:17+00:00
[2025-09-08T20:18:24.211+0000] {standard_task_runner.py:63} INFO - Started process 1144 to run task
[2025-09-08T20:18:24.216+0000] {standard_task_runner.py:90} INFO - Running: ['***', 'tasks', 'run', 'tfm_weekly_pipeline', 'scrape', 'manual__2025-09-08T20:02:17+00:00', '--job-id', '67', '--raw', '--subdir', 'DAGS_FOLDER/tfm_market_value_dag.py', '--cfg-path', '/tmp/tmp6rky1rk0']
[2025-09-08T20:18:24.221+0000] {standard_task_runner.py:91} INFO - Job 67: Subtask scrape
[2025-09-08T20:18:24.307+0000] {task_command.py:426} INFO - Running <TaskInstance: tfm_weekly_pipeline.scrape manual__2025-09-08T20:02:17+00:00 [running]> on host ffd27a3b7a79
[2025-09-08T20:18:24.453+0000] {taskinstance.py:2648} INFO - Exporting env vars: AIRFLOW_CTX_DAG_OWNER='tfm' AIRFLOW_CTX_DAG_ID='tfm_weekly_pipeline' AIRFLOW_CTX_TASK_ID='scrape' AIRFLOW_CTX_EXECUTION_DATE='2025-09-08T20:02:17+00:00' AIRFLOW_CTX_TRY_NUMBER='1' AIRFLOW_CTX_DAG_RUN_ID='manual__2025-09-08T20:02:17+00:00'
[2025-09-08T20:18:24.456+0000] {taskinstance.py:430} INFO - ::endgroup::
[2025-09-08T20:18:24.457+0000] {logging_mixin.py:188} INFO - 
Procesando archivo: stats
[2025-09-08T20:18:24.458+0000] {logging_mixin.py:188} INFO - 
Procesando: La Liga
[2025-09-08T20:18:34.547+0000] {logging_mixin.py:188} INFO - https://fbref.com/en/comps/12/2024-2025/stats/2024-2025-La-Liga-Stats
[2025-09-08T20:18:34.859+0000] {logging_mixin.py:188} INFO - FBref error en La Liga: Error al acceder a https://fbref.com/en/comps/12/2024-2025/stats/2024-2025-La-Liga-Stats: código 403
[2025-09-08T20:18:34.860+0000] {logging_mixin.py:188} INFO - 
Procesando: Premier League
[2025-09-08T20:18:44.862+0000] {logging_mixin.py:188} INFO - https://fbref.com/en/comps/9/2024-2025/stats/2024-2025-Premier-League-Stats
[2025-09-08T20:18:45.233+0000] {logging_mixin.py:188} INFO - FBref error en Premier League: Error al acceder a https://fbref.com/en/comps/9/2024-2025/stats/2024-2025-Premier-League-Stats: código 403
[2025-09-08T20:18:45.234+0000] {logging_mixin.py:188} INFO - 
Procesando: Serie A
[2025-09-08T20:18:55.235+0000] {logging_mixin.py:188} INFO - https://fbref.com/en/comps/11/2024-2025/stats/2024-2025-Serie-A-Stats
[2025-09-08T20:18:55.370+0000] {logging_mixin.py:188} INFO - FBref error en Serie A: Error al acceder a https://fbref.com/en/comps/11/2024-2025/stats/2024-2025-Serie-A-Stats: código 403
[2025-09-08T20:18:55.372+0000] {logging_mixin.py:188} INFO - 
Procesando: Bundesliga
[2025-09-08T20:19:05.361+0000] {logging_mixin.py:188} INFO - https://fbref.com/en/comps/20/2024-2025/stats/2024-2025-Bundesliga-Stats
[2025-09-08T20:19:05.625+0000] {logging_mixin.py:188} INFO - FBref error en Bundesliga: Error al acceder a https://fbref.com/en/comps/20/2024-2025/stats/2024-2025-Bundesliga-Stats: código 403
[2025-09-08T20:19:05.626+0000] {logging_mixin.py:188} INFO - 
Procesando: Ligue-1
[2025-09-08T20:19:15.627+0000] {logging_mixin.py:188} INFO - https://fbref.com/en/comps/13/2024-2025/stats/2024-2025-Ligue-1-Stats
[2025-09-08T20:19:15.763+0000] {logging_mixin.py:188} INFO - FBref error en Ligue-1: Error al acceder a https://fbref.com/en/comps/13/2024-2025/stats/2024-2025-Ligue-1-Stats: código 403
[2025-09-08T20:19:15.764+0000] {logging_mixin.py:188} INFO - FBref error en 2024-2025 [stats]: cannot access local variable 'temporada' where it is not associated with a value
[2025-09-08T20:19:15.764+0000] {logging_mixin.py:188} INFO - 
Procesando archivo: possession
[2025-09-08T20:19:15.764+0000] {logging_mixin.py:188} INFO - 
Procesando: La Liga
[2025-09-08T20:19:25.765+0000] {logging_mixin.py:188} INFO - https://fbref.com/en/comps/12/2024-2025/possession/2024-2025-La-Liga-Stats
[2025-09-08T20:19:26.090+0000] {logging_mixin.py:188} INFO - FBref error en La Liga: Error al acceder a https://fbref.com/en/comps/12/2024-2025/possession/2024-2025-La-Liga-Stats: código 403
[2025-09-08T20:19:26.092+0000] {logging_mixin.py:188} INFO - 
Procesando: Premier League
[2025-09-08T20:19:36.119+0000] {logging_mixin.py:188} INFO - https://fbref.com/en/comps/9/2024-2025/possession/2024-2025-Premier-League-Stats
[2025-09-08T20:19:39.278+0000] {logging_mixin.py:188} INFO - FBref error en Premier League: Error al acceder a https://fbref.com/en/comps/9/2024-2025/possession/2024-2025-Premier-League-Stats: código 403
[2025-09-08T20:19:39.280+0000] {logging_mixin.py:188} INFO - 
Procesando: Serie A
[2025-09-08T20:19:49.280+0000] {logging_mixin.py:188} INFO - https://fbref.com/en/comps/11/2024-2025/possession/2024-2025-Serie-A-Stats
[2025-09-08T20:19:49.798+0000] {logging_mixin.py:188} INFO - FBref error en Serie A: Error al acceder a https://fbref.com/en/comps/11/2024-2025/possession/2024-2025-Serie-A-Stats: código 403
[2025-09-08T20:19:49.798+0000] {logging_mixin.py:188} INFO - 
Procesando: Bundesliga
[2025-09-08T20:19:59.799+0000] {logging_mixin.py:188} INFO - https://fbref.com/en/comps/20/2024-2025/possession/2024-2025-Bundesliga-Stats
[2025-09-08T20:20:00.861+0000] {logging_mixin.py:188} INFO - FBref error en Bundesliga: Error al acceder a https://fbref.com/en/comps/20/2024-2025/possession/2024-2025-Bundesliga-Stats: código 403
[2025-09-08T20:20:00.862+0000] {logging_mixin.py:188} INFO - 
Procesando: Ligue-1
[2025-09-08T20:20:10.875+0000] {logging_mixin.py:188} INFO - https://fbref.com/en/comps/13/2024-2025/possession/2024-2025-Ligue-1-Stats
[2025-09-08T20:20:11.190+0000] {logging_mixin.py:188} INFO - FBref error en Ligue-1: Error al acceder a https://fbref.com/en/comps/13/2024-2025/possession/2024-2025-Ligue-1-Stats: código 403
[2025-09-08T20:20:11.191+0000] {logging_mixin.py:188} INFO - FBref error en 2024-2025 [possession]: cannot access local variable 'temporada' where it is not associated with a value
[2025-09-08T20:20:11.191+0000] {logging_mixin.py:188} INFO - 
Procesando archivo: defense
[2025-09-08T20:20:11.192+0000] {logging_mixin.py:188} INFO - 
Procesando: La Liga
[2025-09-08T20:20:21.192+0000] {logging_mixin.py:188} INFO - https://fbref.com/en/comps/12/2024-2025/defense/2024-2025-La-Liga-Stats
[2025-09-08T20:20:21.928+0000] {logging_mixin.py:188} INFO - FBref error en La Liga: Error al acceder a https://fbref.com/en/comps/12/2024-2025/defense/2024-2025-La-Liga-Stats: código 403
[2025-09-08T20:20:21.930+0000] {logging_mixin.py:188} INFO - 
Procesando: Premier League
[2025-09-08T20:20:31.930+0000] {logging_mixin.py:188} INFO - https://fbref.com/en/comps/9/2024-2025/defense/2024-2025-Premier-League-Stats
[2025-09-08T20:20:32.030+0000] {logging_mixin.py:188} INFO - FBref error en Premier League: Error al acceder a https://fbref.com/en/comps/9/2024-2025/defense/2024-2025-Premier-League-Stats: código 403
[2025-09-08T20:20:32.032+0000] {logging_mixin.py:188} INFO - 
Procesando: Serie A
[2025-09-08T20:20:42.038+0000] {logging_mixin.py:188} INFO - https://fbref.com/en/comps/11/2024-2025/defense/2024-2025-Serie-A-Stats
[2025-09-08T20:20:42.342+0000] {logging_mixin.py:188} INFO - FBref error en Serie A: Error al acceder a https://fbref.com/en/comps/11/2024-2025/defense/2024-2025-Serie-A-Stats: código 403
[2025-09-08T20:20:42.342+0000] {logging_mixin.py:188} INFO - 
Procesando: Bundesliga
[2025-09-08T20:20:52.344+0000] {logging_mixin.py:188} INFO - https://fbref.com/en/comps/20/2024-2025/defense/2024-2025-Bundesliga-Stats
[2025-09-08T20:20:52.794+0000] {logging_mixin.py:188} INFO - FBref error en Bundesliga: Error al acceder a https://fbref.com/en/comps/20/2024-2025/defense/2024-2025-Bundesliga-Stats: código 403
[2025-09-08T20:20:52.795+0000] {logging_mixin.py:188} INFO - 
Procesando: Ligue-1
[2025-09-08T20:21:02.796+0000] {logging_mixin.py:188} INFO - https://fbref.com/en/comps/13/2024-2025/defense/2024-2025-Ligue-1-Stats
[2025-09-08T20:21:03.553+0000] {logging_mixin.py:188} INFO - FBref error en Ligue-1: Error al acceder a https://fbref.com/en/comps/13/2024-2025/defense/2024-2025-Ligue-1-Stats: código 403
[2025-09-08T20:21:03.554+0000] {logging_mixin.py:188} INFO - FBref error en 2024-2025 [defense]: cannot access local variable 'temporada' where it is not associated with a value
[2025-09-08T20:21:03.555+0000] {logging_mixin.py:188} INFO - 
Procesando archivo: misc
[2025-09-08T20:21:03.555+0000] {logging_mixin.py:188} INFO - 
Procesando: La Liga
[2025-09-08T20:21:13.578+0000] {logging_mixin.py:188} INFO - https://fbref.com/en/comps/12/2024-2025/misc/2024-2025-La-Liga-Stats
[2025-09-08T20:21:13.830+0000] {logging_mixin.py:188} INFO - FBref error en La Liga: Error al acceder a https://fbref.com/en/comps/12/2024-2025/misc/2024-2025-La-Liga-Stats: código 403
[2025-09-08T20:21:13.831+0000] {logging_mixin.py:188} INFO - 
Procesando: Premier League
[2025-09-08T20:21:23.832+0000] {logging_mixin.py:188} INFO - https://fbref.com/en/comps/9/2024-2025/misc/2024-2025-Premier-League-Stats
[2025-09-08T20:21:24.423+0000] {logging_mixin.py:188} INFO - FBref error en Premier League: Error al acceder a https://fbref.com/en/comps/9/2024-2025/misc/2024-2025-Premier-League-Stats: código 403
[2025-09-08T20:21:24.424+0000] {logging_mixin.py:188} INFO - 
Procesando: Serie A
[2025-09-08T20:21:34.446+0000] {logging_mixin.py:188} INFO - https://fbref.com/en/comps/11/2024-2025/misc/2024-2025-Serie-A-Stats
[2025-09-08T20:21:34.527+0000] {logging_mixin.py:188} INFO - FBref error en Serie A: Error al acceder a https://fbref.com/en/comps/11/2024-2025/misc/2024-2025-Serie-A-Stats: código 403
[2025-09-08T20:21:34.528+0000] {logging_mixin.py:188} INFO - 
Procesando: Bundesliga
[2025-09-08T20:21:44.529+0000] {logging_mixin.py:188} INFO - https://fbref.com/en/comps/20/2024-2025/misc/2024-2025-Bundesliga-Stats
[2025-09-08T20:21:46.135+0000] {logging_mixin.py:188} INFO - FBref error en Bundesliga: Error al acceder a https://fbref.com/en/comps/20/2024-2025/misc/2024-2025-Bundesliga-Stats: código 403
[2025-09-08T20:21:46.136+0000] {logging_mixin.py:188} INFO - 
Procesando: Ligue-1
[2025-09-08T20:21:56.137+0000] {logging_mixin.py:188} INFO - https://fbref.com/en/comps/13/2024-2025/misc/2024-2025-Ligue-1-Stats
[2025-09-08T20:21:56.197+0000] {logging_mixin.py:188} INFO - FBref error en Ligue-1: Error al acceder a https://fbref.com/en/comps/13/2024-2025/misc/2024-2025-Ligue-1-Stats: código 403
[2025-09-08T20:21:56.198+0000] {logging_mixin.py:188} INFO - FBref error en 2024-2025 [misc]: cannot access local variable 'temporada' where it is not associated with a value
[2025-09-08T20:21:56.198+0000] {logging_mixin.py:188} INFO - 
Procesando archivo: passing
[2025-09-08T20:21:56.199+0000] {logging_mixin.py:188} INFO - 
Procesando: La Liga
[2025-09-08T20:22:06.215+0000] {logging_mixin.py:188} INFO - https://fbref.com/en/comps/12/2024-2025/passing/2024-2025-La-Liga-Stats
[2025-09-08T20:22:06.285+0000] {logging_mixin.py:188} INFO - FBref error en La Liga: Error al acceder a https://fbref.com/en/comps/12/2024-2025/passing/2024-2025-La-Liga-Stats: código 403
[2025-09-08T20:22:06.286+0000] {logging_mixin.py:188} INFO - 
Procesando: Premier League
[2025-09-08T20:22:16.287+0000] {logging_mixin.py:188} INFO - https://fbref.com/en/comps/9/2024-2025/passing/2024-2025-Premier-League-Stats
[2025-09-08T20:22:16.378+0000] {logging_mixin.py:188} INFO - FBref error en Premier League: Error al acceder a https://fbref.com/en/comps/9/2024-2025/passing/2024-2025-Premier-League-Stats: código 403
[2025-09-08T20:22:16.379+0000] {logging_mixin.py:188} INFO - 
Procesando: Serie A
[2025-09-08T20:22:26.380+0000] {logging_mixin.py:188} INFO - https://fbref.com/en/comps/11/2024-2025/passing/2024-2025-Serie-A-Stats
[2025-09-08T20:22:26.447+0000] {logging_mixin.py:188} INFO - FBref error en Serie A: Error al acceder a https://fbref.com/en/comps/11/2024-2025/passing/2024-2025-Serie-A-Stats: código 403
[2025-09-08T20:22:26.448+0000] {logging_mixin.py:188} INFO - 
Procesando: Bundesliga
[2025-09-08T20:22:36.458+0000] {logging_mixin.py:188} INFO - https://fbref.com/en/comps/20/2024-2025/passing/2024-2025-Bundesliga-Stats
[2025-09-08T20:22:37.550+0000] {logging_mixin.py:188} INFO - FBref error en Bundesliga: Error al acceder a https://fbref.com/en/comps/20/2024-2025/passing/2024-2025-Bundesliga-Stats: código 403
[2025-09-08T20:22:37.552+0000] {logging_mixin.py:188} INFO - 
Procesando: Ligue-1
[2025-09-08T20:22:47.553+0000] {logging_mixin.py:188} INFO - https://fbref.com/en/comps/13/2024-2025/passing/2024-2025-Ligue-1-Stats
[2025-09-08T20:22:47.718+0000] {logging_mixin.py:188} INFO - FBref error en Ligue-1: Error al acceder a https://fbref.com/en/comps/13/2024-2025/passing/2024-2025-Ligue-1-Stats: código 403
[2025-09-08T20:22:47.720+0000] {logging_mixin.py:188} INFO - FBref error en 2024-2025 [passing]: cannot access local variable 'temporada' where it is not associated with a value
[2025-09-08T20:22:47.721+0000] {logging_mixin.py:188} INFO - 
Procesando archivo: shooting
[2025-09-08T20:22:47.722+0000] {logging_mixin.py:188} INFO - 
Procesando: La Liga
[2025-09-08T20:22:57.723+0000] {logging_mixin.py:188} INFO - https://fbref.com/en/comps/12/2024-2025/shooting/2024-2025-La-Liga-Stats
[2025-09-08T20:22:57.824+0000] {logging_mixin.py:188} INFO - FBref error en La Liga: Error al acceder a https://fbref.com/en/comps/12/2024-2025/shooting/2024-2025-La-Liga-Stats: código 403
[2025-09-08T20:22:57.825+0000] {logging_mixin.py:188} INFO - 
Procesando: Premier League
[2025-09-08T20:23:07.815+0000] {logging_mixin.py:188} INFO - https://fbref.com/en/comps/9/2024-2025/shooting/2024-2025-Premier-League-Stats
[2025-09-08T20:23:07.892+0000] {logging_mixin.py:188} INFO - FBref error en Premier League: Error al acceder a https://fbref.com/en/comps/9/2024-2025/shooting/2024-2025-Premier-League-Stats: código 403
[2025-09-08T20:23:07.893+0000] {logging_mixin.py:188} INFO - 
Procesando: Serie A
[2025-09-08T20:23:17.895+0000] {logging_mixin.py:188} INFO - https://fbref.com/en/comps/11/2024-2025/shooting/2024-2025-Serie-A-Stats
[2025-09-08T20:23:17.993+0000] {logging_mixin.py:188} INFO - FBref error en Serie A: Error al acceder a https://fbref.com/en/comps/11/2024-2025/shooting/2024-2025-Serie-A-Stats: código 403
[2025-09-08T20:23:17.995+0000] {logging_mixin.py:188} INFO - 
Procesando: Bundesliga
[2025-09-08T20:23:27.996+0000] {logging_mixin.py:188} INFO - https://fbref.com/en/comps/20/2024-2025/shooting/2024-2025-Bundesliga-Stats
[2025-09-08T20:23:28.087+0000] {logging_mixin.py:188} INFO - FBref error en Bundesliga: Error al acceder a https://fbref.com/en/comps/20/2024-2025/shooting/2024-2025-Bundesliga-Stats: código 403
[2025-09-08T20:23:28.088+0000] {logging_mixin.py:188} INFO - 
Procesando: Ligue-1
[2025-09-08T20:23:38.099+0000] {logging_mixin.py:188} INFO - https://fbref.com/en/comps/13/2024-2025/shooting/2024-2025-Ligue-1-Stats
[2025-09-08T20:23:39.103+0000] {logging_mixin.py:188} INFO - FBref error en Ligue-1: Error al acceder a https://fbref.com/en/comps/13/2024-2025/shooting/2024-2025-Ligue-1-Stats: código 403
[2025-09-08T20:23:39.105+0000] {logging_mixin.py:188} INFO - FBref error en 2024-2025 [shooting]: cannot access local variable 'temporada' where it is not associated with a value
[2025-09-08T20:23:39.106+0000] {logging_mixin.py:188} INFO - 
Procesando archivo: keepers
[2025-09-08T20:23:39.107+0000] {logging_mixin.py:188} INFO - 
Procesando: La Liga
[2025-09-08T20:23:49.109+0000] {logging_mixin.py:188} INFO - https://fbref.com/en/comps/12/2024-2025/keepers/2024-2025-La-Liga-Stats
[2025-09-08T20:23:49.173+0000] {logging_mixin.py:188} INFO - FBref error en La Liga: Error al acceder a https://fbref.com/en/comps/12/2024-2025/keepers/2024-2025-La-Liga-Stats: código 403
[2025-09-08T20:23:49.175+0000] {logging_mixin.py:188} INFO - 
Procesando: Premier League
[2025-09-08T20:23:59.176+0000] {logging_mixin.py:188} INFO - https://fbref.com/en/comps/9/2024-2025/keepers/2024-2025-Premier-League-Stats
[2025-09-08T20:23:59.784+0000] {logging_mixin.py:188} INFO - FBref error en Premier League: Error al acceder a https://fbref.com/en/comps/9/2024-2025/keepers/2024-2025-Premier-League-Stats: código 403
[2025-09-08T20:23:59.785+0000] {logging_mixin.py:188} INFO - 
Procesando: Serie A
[2025-09-08T20:24:09.795+0000] {logging_mixin.py:188} INFO - https://fbref.com/en/comps/11/2024-2025/keepers/2024-2025-Serie-A-Stats
[2025-09-08T20:24:09.944+0000] {logging_mixin.py:188} INFO - FBref error en Serie A: Error al acceder a https://fbref.com/en/comps/11/2024-2025/keepers/2024-2025-Serie-A-Stats: código 403
[2025-09-08T20:24:09.945+0000] {logging_mixin.py:188} INFO - 
Procesando: Bundesliga
[2025-09-08T20:24:19.947+0000] {logging_mixin.py:188} INFO - https://fbref.com/en/comps/20/2024-2025/keepers/2024-2025-Bundesliga-Stats
[2025-09-08T20:24:20.014+0000] {logging_mixin.py:188} INFO - FBref error en Bundesliga: Error al acceder a https://fbref.com/en/comps/20/2024-2025/keepers/2024-2025-Bundesliga-Stats: código 403
[2025-09-08T20:24:20.015+0000] {logging_mixin.py:188} INFO - 
Procesando: Ligue-1
[2025-09-08T20:24:30.017+0000] {logging_mixin.py:188} INFO - https://fbref.com/en/comps/13/2024-2025/keepers/2024-2025-Ligue-1-Stats
[2025-09-08T20:24:30.073+0000] {logging_mixin.py:188} INFO - FBref error en Ligue-1: Error al acceder a https://fbref.com/en/comps/13/2024-2025/keepers/2024-2025-Ligue-1-Stats: código 403
[2025-09-08T20:24:30.074+0000] {logging_mixin.py:188} INFO - FBref error en 2024-2025 [keepers]: cannot access local variable 'temporada' where it is not associated with a value
[2025-09-08T20:24:30.075+0000] {logging_mixin.py:188} INFO - 
Procesando archivo: keepersadv
[2025-09-08T20:24:30.075+0000] {logging_mixin.py:188} INFO - 
Procesando: La Liga
[2025-09-08T20:24:40.033+0000] {logging_mixin.py:188} INFO - https://fbref.com/en/comps/12/2024-2025/keepersadv/2024-2025-La-Liga-Stats
[2025-09-08T20:24:41.111+0000] {logging_mixin.py:188} INFO - FBref error en La Liga: Error al acceder a https://fbref.com/en/comps/12/2024-2025/keepersadv/2024-2025-La-Liga-Stats: código 403
[2025-09-08T20:24:41.112+0000] {logging_mixin.py:188} INFO - 
Procesando: Premier League
[2025-09-08T20:24:51.112+0000] {logging_mixin.py:188} INFO - https://fbref.com/en/comps/9/2024-2025/keepersadv/2024-2025-Premier-League-Stats
[2025-09-08T20:24:51.190+0000] {logging_mixin.py:188} INFO - FBref error en Premier League: Error al acceder a https://fbref.com/en/comps/9/2024-2025/keepersadv/2024-2025-Premier-League-Stats: código 403
[2025-09-08T20:24:51.192+0000] {logging_mixin.py:188} INFO - 
Procesando: Serie A
[2025-09-08T20:25:01.193+0000] {logging_mixin.py:188} INFO - https://fbref.com/en/comps/11/2024-2025/keepersadv/2024-2025-Serie-A-Stats
[2025-09-08T20:25:01.479+0000] {logging_mixin.py:188} INFO - FBref error en Serie A: Error al acceder a https://fbref.com/en/comps/11/2024-2025/keepersadv/2024-2025-Serie-A-Stats: código 403
[2025-09-08T20:25:01.480+0000] {logging_mixin.py:188} INFO - 
Procesando: Bundesliga
[2025-09-08T20:25:11.484+0000] {logging_mixin.py:188} INFO - https://fbref.com/en/comps/20/2024-2025/keepersadv/2024-2025-Bundesliga-Stats
[2025-09-08T20:25:11.550+0000] {logging_mixin.py:188} INFO - FBref error en Bundesliga: Error al acceder a https://fbref.com/en/comps/20/2024-2025/keepersadv/2024-2025-Bundesliga-Stats: código 403
[2025-09-08T20:25:11.551+0000] {logging_mixin.py:188} INFO - 
Procesando: Ligue-1
[2025-09-08T20:25:21.552+0000] {logging_mixin.py:188} INFO - https://fbref.com/en/comps/13/2024-2025/keepersadv/2024-2025-Ligue-1-Stats
[2025-09-08T20:25:21.614+0000] {logging_mixin.py:188} INFO - FBref error en Ligue-1: Error al acceder a https://fbref.com/en/comps/13/2024-2025/keepersadv/2024-2025-Ligue-1-Stats: código 403
[2025-09-08T20:25:21.617+0000] {logging_mixin.py:188} INFO - FBref error en 2024-2025 [keepersadv]: cannot access local variable 'temporada' where it is not associated with a value
[2025-09-08T20:25:21.618+0000] {python.py:237} INFO - Done. Returned value was: None
[2025-09-08T20:25:21.619+0000] {taskinstance.py:441} INFO - ::group::Post task execution logs
[2025-09-08T20:25:21.626+0000] {taskinstance.py:1206} INFO - Marking task as SUCCESS. dag_id=tfm_weekly_pipeline, task_id=scrape, run_id=manual__2025-09-08T20:02:17+00:00, execution_date=20250908T200217, start_date=20250908T201824, end_date=20250908T202521
[2025-09-08T20:25:21.683+0000] {local_task_job_runner.py:240} INFO - Task exited with return code 0
[2025-09-08T20:25:21.704+0000] {taskinstance.py:3503} INFO - 1 downstream tasks scheduled from follow-on schedule check
[2025-09-08T20:25:21.710+0000] {local_task_job_runner.py:222} INFO - ::endgroup::
