[2025-09-09T19:31:02.280+0000] {local_task_job_runner.py:120} INFO - ::group::Pre task execution logs
[2025-09-09T19:31:02.334+0000] {taskinstance.py:2076} INFO - Dependencies all met for dep_context=non-requeueable deps ti=<TaskInstance: tfm_weekly_pipeline.merge manual__2025-09-09T00:00:00+00:00 [queued]>
[2025-09-09T19:31:02.349+0000] {taskinstance.py:2076} INFO - Dependencies all met for dep_context=requeueable deps ti=<TaskInstance: tfm_weekly_pipeline.merge manual__2025-09-09T00:00:00+00:00 [queued]>
[2025-09-09T19:31:02.351+0000] {taskinstance.py:2306} INFO - Starting attempt 1 of 2
[2025-09-09T19:31:02.376+0000] {taskinstance.py:2330} INFO - Executing <Task(_PythonDecoratedOperator): merge> on 2025-09-09 00:00:00+00:00
[2025-09-09T19:31:02.385+0000] {standard_task_runner.py:63} INFO - Started process 373 to run task
[2025-09-09T19:31:02.391+0000] {standard_task_runner.py:90} INFO - Running: ['***', 'tasks', 'run', 'tfm_weekly_pipeline', 'merge', 'manual__2025-09-09T00:00:00+00:00', '--job-id', '92', '--raw', '--subdir', 'DAGS_FOLDER/tfm_market_value_dag.py', '--cfg-path', '/tmp/tmppkonz4mc']
[2025-09-09T19:31:02.396+0000] {standard_task_runner.py:91} INFO - Job 92: Subtask merge
[2025-09-09T19:31:02.484+0000] {task_command.py:426} INFO - Running <TaskInstance: tfm_weekly_pipeline.merge manual__2025-09-09T00:00:00+00:00 [running]> on host 2eba43985c56
[2025-09-09T19:31:02.664+0000] {taskinstance.py:2648} INFO - Exporting env vars: AIRFLOW_CTX_DAG_OWNER='tfm' AIRFLOW_CTX_DAG_ID='tfm_weekly_pipeline' AIRFLOW_CTX_TASK_ID='merge' AIRFLOW_CTX_EXECUTION_DATE='2025-09-09T00:00:00+00:00' AIRFLOW_CTX_TRY_NUMBER='1' AIRFLOW_CTX_DAG_RUN_ID='manual__2025-09-09T00:00:00+00:00'
[2025-09-09T19:31:02.666+0000] {taskinstance.py:430} INFO - ::endgroup::
[2025-09-09T19:31:09.457+0000] {logging_mixin.py:188} INFO - Uniendo los datasets...
[2025-09-09T19:31:21.682+0000] {taskinstance.py:441} INFO - ::group::Post task execution logs
[2025-09-09T19:31:21.684+0000] {taskinstance.py:2905} ERROR - Task failed with exception
Traceback (most recent call last):
  File "/home/airflow/.local/lib/python3.11/site-packages/airflow/models/taskinstance.py", line 465, in _execute_task
    result = _execute_callable(context=context, **execute_callable_kwargs)
             ^^^^^^^^^^^^^^^^^^^^^^^^^^^^^^^^^^^^^^^^^^^^^^^^^^^^^^^^^^^^^
  File "/home/airflow/.local/lib/python3.11/site-packages/airflow/models/taskinstance.py", line 432, in _execute_callable
    return execute_callable(context=context, **execute_callable_kwargs)
           ^^^^^^^^^^^^^^^^^^^^^^^^^^^^^^^^^^^^^^^^^^^^^^^^^^^^^^^^^^^^
  File "/home/airflow/.local/lib/python3.11/site-packages/airflow/models/baseoperator.py", line 401, in wrapper
    return func(self, *args, **kwargs)
           ^^^^^^^^^^^^^^^^^^^^^^^^^^^
  File "/home/airflow/.local/lib/python3.11/site-packages/airflow/decorators/base.py", line 265, in execute
    return_value = super().execute(context)
                   ^^^^^^^^^^^^^^^^^^^^^^^^
  File "/home/airflow/.local/lib/python3.11/site-packages/airflow/models/baseoperator.py", line 401, in wrapper
    return func(self, *args, **kwargs)
           ^^^^^^^^^^^^^^^^^^^^^^^^^^^
  File "/home/airflow/.local/lib/python3.11/site-packages/airflow/operators/python.py", line 235, in execute
    return_value = self.execute_callable()
                   ^^^^^^^^^^^^^^^^^^^^^^^
  File "/home/airflow/.local/lib/python3.11/site-packages/airflow/operators/python.py", line 252, in execute_callable
    return self.python_callable(*self.op_args, **self.op_kwargs)
           ^^^^^^^^^^^^^^^^^^^^^^^^^^^^^^^^^^^^^^^^^^^^^^^^^^^^^
  File "/opt/airflow/dags/tfm_market_value_dag.py", line 80, in merge
    return spark_merge_and_convert()
           ^^^^^^^^^^^^^^^^^^^^^^^^^
  File "/opt/airflow/repo/scripts/pipeline_api.py", line 36, in spark_merge_and_convert
    return procesar()
           ^^^^^^^^^^
  File "/opt/airflow/repo/spark_pipeline/procesamiento_spark.py", line 189, in procesar
    df = union_datasets(spark)
         ^^^^^^^^^^^^^^^^^^^^^
  File "/opt/airflow/repo/spark_pipeline/procesamiento_spark.py", line 128, in union_datasets
    "mercado": spark.read.option("header", True).csv(DATA / "mercado.csv"),
               ^^^^^^^^^^^^^^^^^^^^^^^^^^^^^^^^^^^^^^^^^^^^^^^^^^^^^^^^^^^
  File "/home/airflow/.local/lib/python3.11/site-packages/pyspark/sql/readwriter.py", line 763, in csv
    raise PySparkTypeError(
pyspark.errors.exceptions.base.PySparkTypeError: [NOT_STR_OR_LIST_OF_RDD] Argument `path` should be a str or list[RDD], got PosixPath.
[2025-09-09T19:31:21.720+0000] {taskinstance.py:1206} INFO - Marking task as UP_FOR_RETRY. dag_id=tfm_weekly_pipeline, task_id=merge, run_id=manual__2025-09-09T00:00:00+00:00, execution_date=20250909T000000, start_date=20250909T193102, end_date=20250909T193121
[2025-09-09T19:31:21.752+0000] {standard_task_runner.py:110} ERROR - Failed to execute job 92 for task merge ([NOT_STR_OR_LIST_OF_RDD] Argument `path` should be a str or list[RDD], got PosixPath.; 373)
[2025-09-09T19:31:21.776+0000] {local_task_job_runner.py:240} INFO - Task exited with return code 1
[2025-09-09T19:31:21.839+0000] {taskinstance.py:3503} INFO - 0 downstream tasks scheduled from follow-on schedule check
[2025-09-09T19:31:21.844+0000] {local_task_job_runner.py:222} INFO - ::endgroup::
