[2025-08-29T01:08:03.156+0000] {processor.py:161} INFO - Started process (PID=2733) to work on /opt/airflow/dags/tfm_market_value_dag.py
[2025-08-29T01:08:03.171+0000] {processor.py:830} INFO - Processing file /opt/airflow/dags/tfm_market_value_dag.py for tasks to queue
[2025-08-29T01:08:03.193+0000] {logging_mixin.py:188} INFO - [2025-08-29T01:08:03.192+0000] {dagbag.py:545} INFO - Filling up the DagBag from /opt/airflow/dags/tfm_market_value_dag.py
[2025-08-29T01:08:07.639+0000] {processor.py:840} INFO - DAG(s) 'tfm_weekly_pipeline' retrieved from /opt/airflow/dags/tfm_market_value_dag.py
[2025-08-29T01:08:07.799+0000] {logging_mixin.py:188} INFO - [2025-08-29T01:08:07.798+0000] {dag.py:3096} INFO - Sync 1 DAGs
[2025-08-29T01:08:07.906+0000] {logging_mixin.py:188} INFO - [2025-08-29T01:08:07.905+0000] {dag.py:3954} INFO - Setting next_dagrun for tfm_weekly_pipeline to 2025-08-26 01:00:00+00:00, run_after=2025-09-02 01:00:00+00:00
[2025-08-29T01:08:07.992+0000] {processor.py:183} INFO - Processing /opt/airflow/dags/tfm_market_value_dag.py took 4.863 seconds
[2025-08-29T01:08:38.224+0000] {processor.py:161} INFO - Started process (PID=2739) to work on /opt/airflow/dags/tfm_market_value_dag.py
[2025-08-29T01:08:38.225+0000] {processor.py:830} INFO - Processing file /opt/airflow/dags/tfm_market_value_dag.py for tasks to queue
[2025-08-29T01:08:38.227+0000] {logging_mixin.py:188} INFO - [2025-08-29T01:08:38.227+0000] {dagbag.py:545} INFO - Filling up the DagBag from /opt/airflow/dags/tfm_market_value_dag.py
[2025-08-29T01:08:39.132+0000] {processor.py:840} INFO - DAG(s) 'tfm_weekly_pipeline' retrieved from /opt/airflow/dags/tfm_market_value_dag.py
[2025-08-29T01:08:39.158+0000] {logging_mixin.py:188} INFO - [2025-08-29T01:08:39.158+0000] {dag.py:3096} INFO - Sync 1 DAGs
[2025-08-29T01:08:39.178+0000] {logging_mixin.py:188} INFO - [2025-08-29T01:08:39.178+0000] {dag.py:3954} INFO - Setting next_dagrun for tfm_weekly_pipeline to 2025-08-26 01:00:00+00:00, run_after=2025-09-02 01:00:00+00:00
[2025-08-29T01:08:39.196+0000] {processor.py:183} INFO - Processing /opt/airflow/dags/tfm_market_value_dag.py took 0.977 seconds
[2025-08-29T01:09:10.089+0000] {processor.py:161} INFO - Started process (PID=2745) to work on /opt/airflow/dags/tfm_market_value_dag.py
[2025-08-29T01:09:10.091+0000] {processor.py:830} INFO - Processing file /opt/airflow/dags/tfm_market_value_dag.py for tasks to queue
[2025-08-29T01:09:10.092+0000] {logging_mixin.py:188} INFO - [2025-08-29T01:09:10.092+0000] {dagbag.py:545} INFO - Filling up the DagBag from /opt/airflow/dags/tfm_market_value_dag.py
[2025-08-29T01:09:10.850+0000] {processor.py:840} INFO - DAG(s) 'tfm_weekly_pipeline' retrieved from /opt/airflow/dags/tfm_market_value_dag.py
[2025-08-29T01:09:10.876+0000] {logging_mixin.py:188} INFO - [2025-08-29T01:09:10.875+0000] {dag.py:3096} INFO - Sync 1 DAGs
[2025-08-29T01:09:10.893+0000] {logging_mixin.py:188} INFO - [2025-08-29T01:09:10.893+0000] {dag.py:3954} INFO - Setting next_dagrun for tfm_weekly_pipeline to 2025-08-26 01:00:00+00:00, run_after=2025-09-02 01:00:00+00:00
[2025-08-29T01:09:10.909+0000] {processor.py:183} INFO - Processing /opt/airflow/dags/tfm_market_value_dag.py took 0.826 seconds
[2025-08-29T01:09:41.399+0000] {processor.py:161} INFO - Started process (PID=2751) to work on /opt/airflow/dags/tfm_market_value_dag.py
[2025-08-29T01:09:41.401+0000] {processor.py:830} INFO - Processing file /opt/airflow/dags/tfm_market_value_dag.py for tasks to queue
[2025-08-29T01:09:41.405+0000] {logging_mixin.py:188} INFO - [2025-08-29T01:09:41.404+0000] {dagbag.py:545} INFO - Filling up the DagBag from /opt/airflow/dags/tfm_market_value_dag.py
[2025-08-29T01:09:42.318+0000] {processor.py:840} INFO - DAG(s) 'tfm_weekly_pipeline' retrieved from /opt/airflow/dags/tfm_market_value_dag.py
[2025-08-29T01:09:42.368+0000] {logging_mixin.py:188} INFO - [2025-08-29T01:09:42.367+0000] {dag.py:3096} INFO - Sync 1 DAGs
[2025-08-29T01:09:42.402+0000] {logging_mixin.py:188} INFO - [2025-08-29T01:09:42.402+0000] {dag.py:3954} INFO - Setting next_dagrun for tfm_weekly_pipeline to 2025-08-26 01:00:00+00:00, run_after=2025-09-02 01:00:00+00:00
[2025-08-29T01:09:42.438+0000] {processor.py:183} INFO - Processing /opt/airflow/dags/tfm_market_value_dag.py took 1.053 seconds
[2025-08-29T01:10:12.710+0000] {processor.py:161} INFO - Started process (PID=2757) to work on /opt/airflow/dags/tfm_market_value_dag.py
[2025-08-29T01:10:12.712+0000] {processor.py:830} INFO - Processing file /opt/airflow/dags/tfm_market_value_dag.py for tasks to queue
[2025-08-29T01:10:12.715+0000] {logging_mixin.py:188} INFO - [2025-08-29T01:10:12.715+0000] {dagbag.py:545} INFO - Filling up the DagBag from /opt/airflow/dags/tfm_market_value_dag.py
[2025-08-29T01:10:13.675+0000] {processor.py:840} INFO - DAG(s) 'tfm_weekly_pipeline' retrieved from /opt/airflow/dags/tfm_market_value_dag.py
[2025-08-29T01:10:13.708+0000] {logging_mixin.py:188} INFO - [2025-08-29T01:10:13.708+0000] {dag.py:3096} INFO - Sync 1 DAGs
[2025-08-29T01:10:13.727+0000] {logging_mixin.py:188} INFO - [2025-08-29T01:10:13.727+0000] {dag.py:3954} INFO - Setting next_dagrun for tfm_weekly_pipeline to 2025-08-26 01:00:00+00:00, run_after=2025-09-02 01:00:00+00:00
[2025-08-29T01:10:13.748+0000] {processor.py:183} INFO - Processing /opt/airflow/dags/tfm_market_value_dag.py took 1.049 seconds
[2025-08-29T01:10:43.918+0000] {processor.py:161} INFO - Started process (PID=2763) to work on /opt/airflow/dags/tfm_market_value_dag.py
[2025-08-29T01:10:43.920+0000] {processor.py:830} INFO - Processing file /opt/airflow/dags/tfm_market_value_dag.py for tasks to queue
[2025-08-29T01:10:43.923+0000] {logging_mixin.py:188} INFO - [2025-08-29T01:10:43.922+0000] {dagbag.py:545} INFO - Filling up the DagBag from /opt/airflow/dags/tfm_market_value_dag.py
[2025-08-29T01:10:45.050+0000] {processor.py:840} INFO - DAG(s) 'tfm_weekly_pipeline' retrieved from /opt/airflow/dags/tfm_market_value_dag.py
[2025-08-29T01:10:45.081+0000] {logging_mixin.py:188} INFO - [2025-08-29T01:10:45.080+0000] {dag.py:3096} INFO - Sync 1 DAGs
[2025-08-29T01:10:45.104+0000] {logging_mixin.py:188} INFO - [2025-08-29T01:10:45.104+0000] {dag.py:3954} INFO - Setting next_dagrun for tfm_weekly_pipeline to 2025-08-26 01:00:00+00:00, run_after=2025-09-02 01:00:00+00:00
[2025-08-29T01:10:45.129+0000] {processor.py:183} INFO - Processing /opt/airflow/dags/tfm_market_value_dag.py took 1.220 seconds
[2025-08-29T01:11:15.432+0000] {processor.py:161} INFO - Started process (PID=2769) to work on /opt/airflow/dags/tfm_market_value_dag.py
[2025-08-29T01:11:15.433+0000] {processor.py:830} INFO - Processing file /opt/airflow/dags/tfm_market_value_dag.py for tasks to queue
[2025-08-29T01:11:15.435+0000] {logging_mixin.py:188} INFO - [2025-08-29T01:11:15.434+0000] {dagbag.py:545} INFO - Filling up the DagBag from /opt/airflow/dags/tfm_market_value_dag.py
[2025-08-29T01:11:16.415+0000] {processor.py:840} INFO - DAG(s) 'tfm_weekly_pipeline' retrieved from /opt/airflow/dags/tfm_market_value_dag.py
[2025-08-29T01:11:16.453+0000] {logging_mixin.py:188} INFO - [2025-08-29T01:11:16.452+0000] {dag.py:3096} INFO - Sync 1 DAGs
[2025-08-29T01:11:16.473+0000] {logging_mixin.py:188} INFO - [2025-08-29T01:11:16.473+0000] {dag.py:3954} INFO - Setting next_dagrun for tfm_weekly_pipeline to 2025-08-26 01:00:00+00:00, run_after=2025-09-02 01:00:00+00:00
[2025-08-29T01:11:16.493+0000] {processor.py:183} INFO - Processing /opt/airflow/dags/tfm_market_value_dag.py took 1.067 seconds
[2025-08-29T01:11:47.012+0000] {processor.py:161} INFO - Started process (PID=2775) to work on /opt/airflow/dags/tfm_market_value_dag.py
[2025-08-29T01:11:47.014+0000] {processor.py:830} INFO - Processing file /opt/airflow/dags/tfm_market_value_dag.py for tasks to queue
[2025-08-29T01:11:47.018+0000] {logging_mixin.py:188} INFO - [2025-08-29T01:11:47.017+0000] {dagbag.py:545} INFO - Filling up the DagBag from /opt/airflow/dags/tfm_market_value_dag.py
[2025-08-29T01:11:48.116+0000] {processor.py:840} INFO - DAG(s) 'tfm_weekly_pipeline' retrieved from /opt/airflow/dags/tfm_market_value_dag.py
[2025-08-29T01:11:48.145+0000] {logging_mixin.py:188} INFO - [2025-08-29T01:11:48.145+0000] {dag.py:3096} INFO - Sync 1 DAGs
[2025-08-29T01:11:48.163+0000] {logging_mixin.py:188} INFO - [2025-08-29T01:11:48.163+0000] {dag.py:3954} INFO - Setting next_dagrun for tfm_weekly_pipeline to 2025-08-26 01:00:00+00:00, run_after=2025-09-02 01:00:00+00:00
[2025-08-29T01:11:48.183+0000] {processor.py:183} INFO - Processing /opt/airflow/dags/tfm_market_value_dag.py took 1.183 seconds
[2025-08-29T01:12:18.483+0000] {processor.py:161} INFO - Started process (PID=2781) to work on /opt/airflow/dags/tfm_market_value_dag.py
[2025-08-29T01:12:18.485+0000] {processor.py:830} INFO - Processing file /opt/airflow/dags/tfm_market_value_dag.py for tasks to queue
[2025-08-29T01:12:18.488+0000] {logging_mixin.py:188} INFO - [2025-08-29T01:12:18.487+0000] {dagbag.py:545} INFO - Filling up the DagBag from /opt/airflow/dags/tfm_market_value_dag.py
[2025-08-29T01:12:19.572+0000] {processor.py:840} INFO - DAG(s) 'tfm_weekly_pipeline' retrieved from /opt/airflow/dags/tfm_market_value_dag.py
[2025-08-29T01:12:19.626+0000] {logging_mixin.py:188} INFO - [2025-08-29T01:12:19.625+0000] {dag.py:3096} INFO - Sync 1 DAGs
[2025-08-29T01:12:19.656+0000] {logging_mixin.py:188} INFO - [2025-08-29T01:12:19.656+0000] {dag.py:3954} INFO - Setting next_dagrun for tfm_weekly_pipeline to 2025-08-26 01:00:00+00:00, run_after=2025-09-02 01:00:00+00:00
[2025-08-29T01:12:19.685+0000] {processor.py:183} INFO - Processing /opt/airflow/dags/tfm_market_value_dag.py took 1.214 seconds
[2025-08-29T01:12:51.262+0000] {processor.py:161} INFO - Started process (PID=2787) to work on /opt/airflow/dags/tfm_market_value_dag.py
[2025-08-29T01:12:51.264+0000] {processor.py:830} INFO - Processing file /opt/airflow/dags/tfm_market_value_dag.py for tasks to queue
[2025-08-29T01:12:51.267+0000] {logging_mixin.py:188} INFO - [2025-08-29T01:12:51.267+0000] {dagbag.py:545} INFO - Filling up the DagBag from /opt/airflow/dags/tfm_market_value_dag.py
[2025-08-29T01:12:52.291+0000] {processor.py:840} INFO - DAG(s) 'tfm_weekly_pipeline' retrieved from /opt/airflow/dags/tfm_market_value_dag.py
[2025-08-29T01:12:52.318+0000] {logging_mixin.py:188} INFO - [2025-08-29T01:12:52.317+0000] {dag.py:3096} INFO - Sync 1 DAGs
[2025-08-29T01:12:52.335+0000] {logging_mixin.py:188} INFO - [2025-08-29T01:12:52.335+0000] {dag.py:3954} INFO - Setting next_dagrun for tfm_weekly_pipeline to 2025-08-26 01:00:00+00:00, run_after=2025-09-02 01:00:00+00:00
[2025-08-29T01:12:52.359+0000] {processor.py:183} INFO - Processing /opt/airflow/dags/tfm_market_value_dag.py took 1.110 seconds
[2025-08-29T01:13:24.061+0000] {processor.py:161} INFO - Started process (PID=2793) to work on /opt/airflow/dags/tfm_market_value_dag.py
[2025-08-29T01:13:24.064+0000] {processor.py:830} INFO - Processing file /opt/airflow/dags/tfm_market_value_dag.py for tasks to queue
[2025-08-29T01:13:24.067+0000] {logging_mixin.py:188} INFO - [2025-08-29T01:13:24.066+0000] {dagbag.py:545} INFO - Filling up the DagBag from /opt/airflow/dags/tfm_market_value_dag.py
[2025-08-29T01:13:25.217+0000] {processor.py:840} INFO - DAG(s) 'tfm_weekly_pipeline' retrieved from /opt/airflow/dags/tfm_market_value_dag.py
[2025-08-29T01:13:25.258+0000] {logging_mixin.py:188} INFO - [2025-08-29T01:13:25.258+0000] {dag.py:3096} INFO - Sync 1 DAGs
[2025-08-29T01:13:25.280+0000] {logging_mixin.py:188} INFO - [2025-08-29T01:13:25.280+0000] {dag.py:3954} INFO - Setting next_dagrun for tfm_weekly_pipeline to 2025-08-26 01:00:00+00:00, run_after=2025-09-02 01:00:00+00:00
[2025-08-29T01:13:25.311+0000] {processor.py:183} INFO - Processing /opt/airflow/dags/tfm_market_value_dag.py took 1.261 seconds
[2025-08-29T01:13:55.593+0000] {processor.py:161} INFO - Started process (PID=2799) to work on /opt/airflow/dags/tfm_market_value_dag.py
[2025-08-29T01:13:55.595+0000] {processor.py:830} INFO - Processing file /opt/airflow/dags/tfm_market_value_dag.py for tasks to queue
[2025-08-29T01:13:55.598+0000] {logging_mixin.py:188} INFO - [2025-08-29T01:13:55.598+0000] {dagbag.py:545} INFO - Filling up the DagBag from /opt/airflow/dags/tfm_market_value_dag.py
[2025-08-29T01:13:56.639+0000] {processor.py:840} INFO - DAG(s) 'tfm_weekly_pipeline' retrieved from /opt/airflow/dags/tfm_market_value_dag.py
[2025-08-29T01:13:56.667+0000] {logging_mixin.py:188} INFO - [2025-08-29T01:13:56.667+0000] {dag.py:3096} INFO - Sync 1 DAGs
[2025-08-29T01:13:56.686+0000] {logging_mixin.py:188} INFO - [2025-08-29T01:13:56.686+0000] {dag.py:3954} INFO - Setting next_dagrun for tfm_weekly_pipeline to 2025-08-26 01:00:00+00:00, run_after=2025-09-02 01:00:00+00:00
[2025-08-29T01:13:56.703+0000] {processor.py:183} INFO - Processing /opt/airflow/dags/tfm_market_value_dag.py took 1.123 seconds
[2025-08-29T01:14:28.087+0000] {processor.py:161} INFO - Started process (PID=2805) to work on /opt/airflow/dags/tfm_market_value_dag.py
[2025-08-29T01:14:28.089+0000] {processor.py:830} INFO - Processing file /opt/airflow/dags/tfm_market_value_dag.py for tasks to queue
[2025-08-29T01:14:28.091+0000] {logging_mixin.py:188} INFO - [2025-08-29T01:14:28.091+0000] {dagbag.py:545} INFO - Filling up the DagBag from /opt/airflow/dags/tfm_market_value_dag.py
[2025-08-29T01:14:29.089+0000] {processor.py:840} INFO - DAG(s) 'tfm_weekly_pipeline' retrieved from /opt/airflow/dags/tfm_market_value_dag.py
[2025-08-29T01:14:29.148+0000] {logging_mixin.py:188} INFO - [2025-08-29T01:14:29.147+0000] {dag.py:3096} INFO - Sync 1 DAGs
[2025-08-29T01:14:29.187+0000] {logging_mixin.py:188} INFO - [2025-08-29T01:14:29.186+0000] {dag.py:3954} INFO - Setting next_dagrun for tfm_weekly_pipeline to 2025-08-26 01:00:00+00:00, run_after=2025-09-02 01:00:00+00:00
[2025-08-29T01:14:29.215+0000] {processor.py:183} INFO - Processing /opt/airflow/dags/tfm_market_value_dag.py took 1.136 seconds
[2025-08-29T01:15:00.937+0000] {processor.py:161} INFO - Started process (PID=2811) to work on /opt/airflow/dags/tfm_market_value_dag.py
[2025-08-29T01:15:00.939+0000] {processor.py:830} INFO - Processing file /opt/airflow/dags/tfm_market_value_dag.py for tasks to queue
[2025-08-29T01:15:00.943+0000] {logging_mixin.py:188} INFO - [2025-08-29T01:15:00.942+0000] {dagbag.py:545} INFO - Filling up the DagBag from /opt/airflow/dags/tfm_market_value_dag.py
[2025-08-29T01:15:01.978+0000] {processor.py:840} INFO - DAG(s) 'tfm_weekly_pipeline' retrieved from /opt/airflow/dags/tfm_market_value_dag.py
[2025-08-29T01:15:02.010+0000] {logging_mixin.py:188} INFO - [2025-08-29T01:15:02.010+0000] {dag.py:3096} INFO - Sync 1 DAGs
[2025-08-29T01:15:02.028+0000] {logging_mixin.py:188} INFO - [2025-08-29T01:15:02.027+0000] {dag.py:3954} INFO - Setting next_dagrun for tfm_weekly_pipeline to 2025-08-26 01:00:00+00:00, run_after=2025-09-02 01:00:00+00:00
[2025-08-29T01:15:02.048+0000] {processor.py:183} INFO - Processing /opt/airflow/dags/tfm_market_value_dag.py took 1.123 seconds
[2025-08-29T01:15:32.703+0000] {processor.py:161} INFO - Started process (PID=2817) to work on /opt/airflow/dags/tfm_market_value_dag.py
[2025-08-29T01:15:32.705+0000] {processor.py:830} INFO - Processing file /opt/airflow/dags/tfm_market_value_dag.py for tasks to queue
[2025-08-29T01:15:32.708+0000] {logging_mixin.py:188} INFO - [2025-08-29T01:15:32.708+0000] {dagbag.py:545} INFO - Filling up the DagBag from /opt/airflow/dags/tfm_market_value_dag.py
[2025-08-29T01:15:33.748+0000] {processor.py:840} INFO - DAG(s) 'tfm_weekly_pipeline' retrieved from /opt/airflow/dags/tfm_market_value_dag.py
[2025-08-29T01:15:33.795+0000] {logging_mixin.py:188} INFO - [2025-08-29T01:15:33.795+0000] {dag.py:3096} INFO - Sync 1 DAGs
[2025-08-29T01:15:33.823+0000] {logging_mixin.py:188} INFO - [2025-08-29T01:15:33.822+0000] {dag.py:3954} INFO - Setting next_dagrun for tfm_weekly_pipeline to 2025-08-26 01:00:00+00:00, run_after=2025-09-02 01:00:00+00:00
[2025-08-29T01:15:33.855+0000] {processor.py:183} INFO - Processing /opt/airflow/dags/tfm_market_value_dag.py took 1.164 seconds
[2025-08-29T01:16:05.283+0000] {processor.py:161} INFO - Started process (PID=2823) to work on /opt/airflow/dags/tfm_market_value_dag.py
[2025-08-29T01:16:05.285+0000] {processor.py:830} INFO - Processing file /opt/airflow/dags/tfm_market_value_dag.py for tasks to queue
[2025-08-29T01:16:05.289+0000] {logging_mixin.py:188} INFO - [2025-08-29T01:16:05.288+0000] {dagbag.py:545} INFO - Filling up the DagBag from /opt/airflow/dags/tfm_market_value_dag.py
[2025-08-29T01:16:06.357+0000] {processor.py:840} INFO - DAG(s) 'tfm_weekly_pipeline' retrieved from /opt/airflow/dags/tfm_market_value_dag.py
[2025-08-29T01:16:06.386+0000] {logging_mixin.py:188} INFO - [2025-08-29T01:16:06.386+0000] {dag.py:3096} INFO - Sync 1 DAGs
[2025-08-29T01:16:06.406+0000] {logging_mixin.py:188} INFO - [2025-08-29T01:16:06.406+0000] {dag.py:3954} INFO - Setting next_dagrun for tfm_weekly_pipeline to 2025-08-26 01:00:00+00:00, run_after=2025-09-02 01:00:00+00:00
[2025-08-29T01:16:06.429+0000] {processor.py:183} INFO - Processing /opt/airflow/dags/tfm_market_value_dag.py took 1.159 seconds
[2025-08-29T01:16:38.158+0000] {processor.py:161} INFO - Started process (PID=2829) to work on /opt/airflow/dags/tfm_market_value_dag.py
[2025-08-29T01:16:38.160+0000] {processor.py:830} INFO - Processing file /opt/airflow/dags/tfm_market_value_dag.py for tasks to queue
[2025-08-29T01:16:38.163+0000] {logging_mixin.py:188} INFO - [2025-08-29T01:16:38.162+0000] {dagbag.py:545} INFO - Filling up the DagBag from /opt/airflow/dags/tfm_market_value_dag.py
[2025-08-29T01:16:39.396+0000] {processor.py:840} INFO - DAG(s) 'tfm_weekly_pipeline' retrieved from /opt/airflow/dags/tfm_market_value_dag.py
[2025-08-29T01:16:39.436+0000] {logging_mixin.py:188} INFO - [2025-08-29T01:16:39.435+0000] {dag.py:3096} INFO - Sync 1 DAGs
[2025-08-29T01:16:39.463+0000] {logging_mixin.py:188} INFO - [2025-08-29T01:16:39.463+0000] {dag.py:3954} INFO - Setting next_dagrun for tfm_weekly_pipeline to 2025-08-26 01:00:00+00:00, run_after=2025-09-02 01:00:00+00:00
[2025-08-29T01:16:39.485+0000] {processor.py:183} INFO - Processing /opt/airflow/dags/tfm_market_value_dag.py took 1.338 seconds
[2025-08-29T01:17:09.826+0000] {processor.py:161} INFO - Started process (PID=2835) to work on /opt/airflow/dags/tfm_market_value_dag.py
[2025-08-29T01:17:09.828+0000] {processor.py:830} INFO - Processing file /opt/airflow/dags/tfm_market_value_dag.py for tasks to queue
[2025-08-29T01:17:09.831+0000] {logging_mixin.py:188} INFO - [2025-08-29T01:17:09.831+0000] {dagbag.py:545} INFO - Filling up the DagBag from /opt/airflow/dags/tfm_market_value_dag.py
[2025-08-29T01:17:11.124+0000] {processor.py:840} INFO - DAG(s) 'tfm_weekly_pipeline' retrieved from /opt/airflow/dags/tfm_market_value_dag.py
[2025-08-29T01:17:11.164+0000] {logging_mixin.py:188} INFO - [2025-08-29T01:17:11.162+0000] {dag.py:3096} INFO - Sync 1 DAGs
[2025-08-29T01:17:11.204+0000] {logging_mixin.py:188} INFO - [2025-08-29T01:17:11.204+0000] {dag.py:3954} INFO - Setting next_dagrun for tfm_weekly_pipeline to 2025-08-26 01:00:00+00:00, run_after=2025-09-02 01:00:00+00:00
[2025-08-29T01:17:11.241+0000] {processor.py:183} INFO - Processing /opt/airflow/dags/tfm_market_value_dag.py took 1.428 seconds
[2025-08-29T01:17:42.663+0000] {processor.py:161} INFO - Started process (PID=2841) to work on /opt/airflow/dags/tfm_market_value_dag.py
[2025-08-29T01:17:42.664+0000] {processor.py:830} INFO - Processing file /opt/airflow/dags/tfm_market_value_dag.py for tasks to queue
[2025-08-29T01:17:42.667+0000] {logging_mixin.py:188} INFO - [2025-08-29T01:17:42.667+0000] {dagbag.py:545} INFO - Filling up the DagBag from /opt/airflow/dags/tfm_market_value_dag.py
[2025-08-29T01:17:43.793+0000] {processor.py:840} INFO - DAG(s) 'tfm_weekly_pipeline' retrieved from /opt/airflow/dags/tfm_market_value_dag.py
[2025-08-29T01:17:43.835+0000] {logging_mixin.py:188} INFO - [2025-08-29T01:17:43.835+0000] {dag.py:3096} INFO - Sync 1 DAGs
[2025-08-29T01:17:43.869+0000] {logging_mixin.py:188} INFO - [2025-08-29T01:17:43.868+0000] {dag.py:3954} INFO - Setting next_dagrun for tfm_weekly_pipeline to 2025-08-26 01:00:00+00:00, run_after=2025-09-02 01:00:00+00:00
[2025-08-29T01:17:43.903+0000] {processor.py:183} INFO - Processing /opt/airflow/dags/tfm_market_value_dag.py took 1.254 seconds
[2025-08-29T01:18:14.476+0000] {processor.py:161} INFO - Started process (PID=2847) to work on /opt/airflow/dags/tfm_market_value_dag.py
[2025-08-29T01:18:14.478+0000] {processor.py:830} INFO - Processing file /opt/airflow/dags/tfm_market_value_dag.py for tasks to queue
[2025-08-29T01:18:14.481+0000] {logging_mixin.py:188} INFO - [2025-08-29T01:18:14.481+0000] {dagbag.py:545} INFO - Filling up the DagBag from /opt/airflow/dags/tfm_market_value_dag.py
[2025-08-29T01:18:15.487+0000] {processor.py:840} INFO - DAG(s) 'tfm_weekly_pipeline' retrieved from /opt/airflow/dags/tfm_market_value_dag.py
[2025-08-29T01:18:15.518+0000] {logging_mixin.py:188} INFO - [2025-08-29T01:18:15.517+0000] {dag.py:3096} INFO - Sync 1 DAGs
[2025-08-29T01:18:15.538+0000] {logging_mixin.py:188} INFO - [2025-08-29T01:18:15.538+0000] {dag.py:3954} INFO - Setting next_dagrun for tfm_weekly_pipeline to 2025-08-26 01:00:00+00:00, run_after=2025-09-02 01:00:00+00:00
[2025-08-29T01:18:15.555+0000] {processor.py:183} INFO - Processing /opt/airflow/dags/tfm_market_value_dag.py took 1.090 seconds
[2025-08-29T03:19:29.486+0000] {processor.py:161} INFO - Started process (PID=2853) to work on /opt/airflow/dags/tfm_market_value_dag.py
[2025-08-29T03:19:29.543+0000] {processor.py:830} INFO - Processing file /opt/airflow/dags/tfm_market_value_dag.py for tasks to queue
[2025-08-29T03:19:29.583+0000] {logging_mixin.py:188} INFO - [2025-08-29T03:19:29.582+0000] {dagbag.py:545} INFO - Filling up the DagBag from /opt/airflow/dags/tfm_market_value_dag.py
[2025-08-29T03:19:32.854+0000] {processor.py:840} INFO - DAG(s) 'tfm_weekly_pipeline' retrieved from /opt/airflow/dags/tfm_market_value_dag.py
[2025-08-29T03:19:32.898+0000] {logging_mixin.py:188} INFO - [2025-08-29T03:19:32.897+0000] {dag.py:3096} INFO - Sync 1 DAGs
[2025-08-29T03:19:32.924+0000] {logging_mixin.py:188} INFO - [2025-08-29T03:19:32.924+0000] {dag.py:3954} INFO - Setting next_dagrun for tfm_weekly_pipeline to 2025-08-26 01:00:00+00:00, run_after=2025-09-02 01:00:00+00:00
[2025-08-29T03:19:32.948+0000] {processor.py:183} INFO - Processing /opt/airflow/dags/tfm_market_value_dag.py took 3.484 seconds
[2025-08-29T03:20:03.392+0000] {processor.py:161} INFO - Started process (PID=2859) to work on /opt/airflow/dags/tfm_market_value_dag.py
[2025-08-29T03:20:03.394+0000] {processor.py:830} INFO - Processing file /opt/airflow/dags/tfm_market_value_dag.py for tasks to queue
[2025-08-29T03:20:03.398+0000] {logging_mixin.py:188} INFO - [2025-08-29T03:20:03.397+0000] {dagbag.py:545} INFO - Filling up the DagBag from /opt/airflow/dags/tfm_market_value_dag.py
[2025-08-29T03:20:05.543+0000] {processor.py:840} INFO - DAG(s) 'tfm_weekly_pipeline' retrieved from /opt/airflow/dags/tfm_market_value_dag.py
[2025-08-29T03:20:05.603+0000] {logging_mixin.py:188} INFO - [2025-08-29T03:20:05.603+0000] {dag.py:3096} INFO - Sync 1 DAGs
[2025-08-29T03:20:05.639+0000] {logging_mixin.py:188} INFO - [2025-08-29T03:20:05.639+0000] {dag.py:3954} INFO - Setting next_dagrun for tfm_weekly_pipeline to 2025-08-26 01:00:00+00:00, run_after=2025-09-02 01:00:00+00:00
[2025-08-29T03:20:05.675+0000] {processor.py:183} INFO - Processing /opt/airflow/dags/tfm_market_value_dag.py took 2.295 seconds
