[2025-09-16T17:13:32.286+0000] {local_task_job_runner.py:120} INFO - ::group::Pre task execution logs
[2025-09-16T17:13:32.344+0000] {taskinstance.py:2076} INFO - Dependencies all met for dep_context=non-requeueable deps ti=<TaskInstance: tfm_weekly_pipeline.score __airflow_temporary_run_2025-09-16T17:11:06.238636+00:00__ [queued]>
[2025-09-16T17:13:32.366+0000] {taskinstance.py:2076} INFO - Dependencies all met for dep_context=requeueable deps ti=<TaskInstance: tfm_weekly_pipeline.score __airflow_temporary_run_2025-09-16T17:11:06.238636+00:00__ [queued]>
[2025-09-16T17:13:32.377+0000] {taskinstance.py:2306} INFO - Starting attempt 1 of 2
[2025-09-16T17:13:32.402+0000] {taskinstance.py:2330} INFO - Executing <Task(_PythonDecoratedOperator): score> on 2025-09-15 01:00:00+00:00
[2025-09-16T17:13:32.411+0000] {standard_task_runner.py:63} INFO - Started process 1013 to run task
[2025-09-16T17:13:32.416+0000] {standard_task_runner.py:90} INFO - Running: ['***', 'tasks', 'run', 'tfm_weekly_pipeline', 'score', '__***_temporary_run_2025-09-16T17:11:06.238636+00:00__', '--job-id', '138', '--raw', '--subdir', 'DAGS_FOLDER/tfm_market_value_dag.py', '--cfg-path', '/tmp/tmp2lykm8w6']
[2025-09-16T17:13:32.421+0000] {standard_task_runner.py:91} INFO - Job 138: Subtask score
[2025-09-16T17:13:32.510+0000] {task_command.py:426} INFO - Running <TaskInstance: tfm_weekly_pipeline.score __airflow_temporary_run_2025-09-16T17:11:06.238636+00:00__ [running]> on host 0419384c6648
[2025-09-16T17:13:32.706+0000] {taskinstance.py:2648} INFO - Exporting env vars: AIRFLOW_CTX_DAG_OWNER='tfm' AIRFLOW_CTX_DAG_ID='tfm_weekly_pipeline' AIRFLOW_CTX_TASK_ID='score' AIRFLOW_CTX_EXECUTION_DATE='2025-09-15T01:00:00+00:00' AIRFLOW_CTX_TRY_NUMBER='1' AIRFLOW_CTX_DAG_RUN_ID='__***_temporary_run_2025-09-16T17:11:06.238636+00:00__'
[2025-09-16T17:13:32.708+0000] {taskinstance.py:430} INFO - ::endgroup::
[2025-09-16T17:13:32.709+0000] {taskinstance.py:441} INFO - ::group::Post task execution logs
[2025-09-16T17:13:32.711+0000] {taskinstance.py:2905} ERROR - Task failed with exception
Traceback (most recent call last):
  File "/home/airflow/.local/lib/python3.11/site-packages/airflow/models/taskinstance.py", line 465, in _execute_task
    result = _execute_callable(context=context, **execute_callable_kwargs)
             ^^^^^^^^^^^^^^^^^^^^^^^^^^^^^^^^^^^^^^^^^^^^^^^^^^^^^^^^^^^^^
  File "/home/airflow/.local/lib/python3.11/site-packages/airflow/models/taskinstance.py", line 432, in _execute_callable
    return execute_callable(context=context, **execute_callable_kwargs)
           ^^^^^^^^^^^^^^^^^^^^^^^^^^^^^^^^^^^^^^^^^^^^^^^^^^^^^^^^^^^^
  File "/home/airflow/.local/lib/python3.11/site-packages/airflow/models/baseoperator.py", line 401, in wrapper
    return func(self, *args, **kwargs)
           ^^^^^^^^^^^^^^^^^^^^^^^^^^^
  File "/home/airflow/.local/lib/python3.11/site-packages/airflow/decorators/base.py", line 265, in execute
    return_value = super().execute(context)
                   ^^^^^^^^^^^^^^^^^^^^^^^^
  File "/home/airflow/.local/lib/python3.11/site-packages/airflow/models/baseoperator.py", line 401, in wrapper
    return func(self, *args, **kwargs)
           ^^^^^^^^^^^^^^^^^^^^^^^^^^^
  File "/home/airflow/.local/lib/python3.11/site-packages/airflow/operators/python.py", line 235, in execute
    return_value = self.execute_callable()
                   ^^^^^^^^^^^^^^^^^^^^^^^
  File "/home/airflow/.local/lib/python3.11/site-packages/airflow/operators/python.py", line 252, in execute_callable
    return self.python_callable(*self.op_args, **self.op_kwargs)
           ^^^^^^^^^^^^^^^^^^^^^^^^^^^^^^^^^^^^^^^^^^^^^^^^^^^^^
  File "/opt/airflow/dags/tfm_market_value_dag.py", line 77, in score
    return spark_compute_scores(input_parquet=clean_path, output_parquet=outo)
           ^^^^^^^^^^^^^^^^^^^^^^^^^^^^^^^^^^^^^^^^^^^^^^^^^^^^^^^^^^^^^^^^^^^
TypeError: spark_compute_scores() got an unexpected keyword argument 'output_parquet'
[2025-09-16T17:13:32.734+0000] {taskinstance.py:1206} INFO - Marking task as UP_FOR_RETRY. dag_id=tfm_weekly_pipeline, task_id=score, run_id=__***_temporary_run_2025-09-16T17:11:06.238636+00:00__, execution_date=20250915T010000, start_date=20250916T171332, end_date=20250916T171332
[2025-09-16T17:13:32.753+0000] {standard_task_runner.py:110} ERROR - Failed to execute job 138 for task score (spark_compute_scores() got an unexpected keyword argument 'output_parquet'; 1013)
[2025-09-16T17:13:32.789+0000] {local_task_job_runner.py:240} INFO - Task exited with return code 1
[2025-09-16T17:13:32.815+0000] {taskinstance.py:3503} INFO - 0 downstream tasks scheduled from follow-on schedule check
[2025-09-16T17:13:32.820+0000] {local_task_job_runner.py:222} INFO - ::endgroup::
