[2025-09-01T22:38:37.227+0000] {local_task_job_runner.py:120} INFO - ::group::Pre task execution logs
[2025-09-01T22:38:37.252+0000] {taskinstance.py:2076} INFO - Dependencies all met for dep_context=non-requeueable deps ti=<TaskInstance: tfm_weekly_pipeline.scrape manual__2025-09-02T00:00:00+02:00 [queued]>
[2025-09-01T22:38:37.259+0000] {taskinstance.py:2076} INFO - Dependencies all met for dep_context=requeueable deps ti=<TaskInstance: tfm_weekly_pipeline.scrape manual__2025-09-02T00:00:00+02:00 [queued]>
[2025-09-01T22:38:37.260+0000] {taskinstance.py:2306} INFO - Starting attempt 1 of 2
[2025-09-01T22:38:37.272+0000] {taskinstance.py:2330} INFO - Executing <Task(_PythonDecoratedOperator): scrape> on 2025-09-01 22:00:00+00:00
[2025-09-01T22:38:37.277+0000] {standard_task_runner.py:63} INFO - Started process 4768 to run task
[2025-09-01T22:38:37.280+0000] {standard_task_runner.py:90} INFO - Running: ['***', 'tasks', 'run', 'tfm_weekly_pipeline', 'scrape', 'manual__2025-09-02T00:00:00+02:00', '--job-id', '53', '--raw', '--subdir', 'DAGS_FOLDER/tfm_market_value_dag.py', '--cfg-path', '/tmp/tmp358qgw8h']
[2025-09-01T22:38:37.282+0000] {standard_task_runner.py:91} INFO - Job 53: Subtask scrape
[2025-09-01T22:38:37.324+0000] {task_command.py:426} INFO - Running <TaskInstance: tfm_weekly_pipeline.scrape manual__2025-09-02T00:00:00+02:00 [running]> on host 1cf97d3f0dcd
[2025-09-01T22:38:37.394+0000] {taskinstance.py:2648} INFO - Exporting env vars: AIRFLOW_CTX_DAG_OWNER='tfm' AIRFLOW_CTX_DAG_ID='tfm_weekly_pipeline' AIRFLOW_CTX_TASK_ID='scrape' AIRFLOW_CTX_EXECUTION_DATE='2025-09-01T22:00:00+00:00' AIRFLOW_CTX_TRY_NUMBER='1' AIRFLOW_CTX_DAG_RUN_ID='manual__2025-09-02T00:00:00+02:00'
[2025-09-01T22:38:37.395+0000] {taskinstance.py:430} INFO - ::endgroup::
[2025-09-01T22:38:37.396+0000] {logging_mixin.py:188} INFO - 
Procesando archivo: stats
[2025-09-01T22:38:37.396+0000] {logging_mixin.py:188} INFO - 
Procesando: La Liga
[2025-09-01T22:38:47.397+0000] {logging_mixin.py:188} INFO - https://fbref.com/en/comps/12/2025-2026/stats/2025-2026-La-Liga-Stats
[2025-09-01T22:38:47.452+0000] {logging_mixin.py:188} INFO - FBref error en La Liga: Error al acceder a https://fbref.com/en/comps/12/2025-2026/stats/2025-2026-La-Liga-Stats: código 403
[2025-09-01T22:38:47.453+0000] {logging_mixin.py:188} INFO - 
Procesando: Premier League
[2025-09-01T22:38:57.455+0000] {logging_mixin.py:188} INFO - https://fbref.com/en/comps/9/2025-2026/stats/2025-2026-Premier-League-Stats
[2025-09-01T22:38:57.504+0000] {logging_mixin.py:188} INFO - FBref error en Premier League: Error al acceder a https://fbref.com/en/comps/9/2025-2026/stats/2025-2026-Premier-League-Stats: código 403
[2025-09-01T22:38:57.505+0000] {logging_mixin.py:188} INFO - 
Procesando: Serie A
[2025-09-01T22:39:06.760+0000] {logging_mixin.py:188} INFO - https://fbref.com/en/comps/11/2025-2026/stats/2025-2026-Serie-A-Stats
[2025-09-01T22:39:06.805+0000] {logging_mixin.py:188} INFO - FBref error en Serie A: Error al acceder a https://fbref.com/en/comps/11/2025-2026/stats/2025-2026-Serie-A-Stats: código 403
[2025-09-01T22:39:06.806+0000] {logging_mixin.py:188} INFO - 
Procesando: Bundesliga
[2025-09-01T22:39:12.496+0000] {local_task_job_runner.py:310} WARNING - State of this instance has been externally set to up_for_retry. Terminating instance.
[2025-09-01T22:39:12.497+0000] {local_task_job_runner.py:222} INFO - ::endgroup::
[2025-09-01T22:39:12.500+0000] {process_utils.py:132} INFO - Sending 15 to group 4768. PIDs of all processes in the group: [4768]
[2025-09-01T22:39:12.501+0000] {process_utils.py:87} INFO - Sending the signal 15 to group 4768
[2025-09-01T22:39:12.502+0000] {taskinstance.py:2611} ERROR - Received SIGTERM. Terminating subprocesses.
[2025-09-01T22:39:12.503+0000] {taskinstance.py:441} INFO - ::group::Post task execution logs
[2025-09-01T22:39:12.517+0000] {taskinstance.py:2905} ERROR - Task failed with exception
Traceback (most recent call last):
  File "/home/airflow/.local/lib/python3.11/site-packages/airflow/models/taskinstance.py", line 465, in _execute_task
    result = _execute_callable(context=context, **execute_callable_kwargs)
             ^^^^^^^^^^^^^^^^^^^^^^^^^^^^^^^^^^^^^^^^^^^^^^^^^^^^^^^^^^^^^
  File "/home/airflow/.local/lib/python3.11/site-packages/airflow/models/taskinstance.py", line 432, in _execute_callable
    return execute_callable(context=context, **execute_callable_kwargs)
           ^^^^^^^^^^^^^^^^^^^^^^^^^^^^^^^^^^^^^^^^^^^^^^^^^^^^^^^^^^^^
  File "/home/airflow/.local/lib/python3.11/site-packages/airflow/models/baseoperator.py", line 401, in wrapper
    return func(self, *args, **kwargs)
           ^^^^^^^^^^^^^^^^^^^^^^^^^^^
  File "/home/airflow/.local/lib/python3.11/site-packages/airflow/decorators/base.py", line 265, in execute
    return_value = super().execute(context)
                   ^^^^^^^^^^^^^^^^^^^^^^^^
  File "/home/airflow/.local/lib/python3.11/site-packages/airflow/models/baseoperator.py", line 401, in wrapper
    return func(self, *args, **kwargs)
           ^^^^^^^^^^^^^^^^^^^^^^^^^^^
  File "/home/airflow/.local/lib/python3.11/site-packages/airflow/operators/python.py", line 235, in execute
    return_value = self.execute_callable()
                   ^^^^^^^^^^^^^^^^^^^^^^^
  File "/home/airflow/.local/lib/python3.11/site-packages/airflow/operators/python.py", line 252, in execute_callable
    return self.python_callable(*self.op_args, **self.op_kwargs)
           ^^^^^^^^^^^^^^^^^^^^^^^^^^^^^^^^^^^^^^^^^^^^^^^^^^^^^
  File "/opt/airflow/dags/tfm_market_value_dag.py", line 58, in scrape
    run_scraping_pipeline(season=season, ejecutar_r= False)
  File "/opt/airflow/repo/scripts/pipeline_api.py", line 29, in run_scraping_pipeline
    ctrl.run(season=season, ejecutar_r=ejecutar_r)
  File "/opt/airflow/repo/scripts/controlador_scrpapping.py", line 44, in run
    scrap_fbref_and_clean(season)
  File "/opt/airflow/repo/scripts/controlador_scrpapping.py", line 36, in scrap_fbref_and_clean
    df = scrape_fbref(temporada, id, type)
         ^^^^^^^^^^^^^^^^^^^^^^^^^^^^^^^^^
  File "/opt/airflow/repo/scripts/scrape_fbref.py", line 59, in scrape_fbref
    df = crear_tablas(liga["code"], liga["name"], liga["slug"], season, id, type)
         ^^^^^^^^^^^^^^^^^^^^^^^^^^^^^^^^^^^^^^^^^^^^^^^^^^^^^^^^^^^^^^^^^^^^^^^^
  File "/opt/airflow/repo/scripts/scrape_fbref.py", line 37, in crear_tablas
    time.sleep(10)
  File "/home/airflow/.local/lib/python3.11/site-packages/airflow/models/taskinstance.py", line 2613, in signal_handler
    raise AirflowTaskTerminated("Task received SIGTERM signal")
airflow.exceptions.AirflowTaskTerminated: Task received SIGTERM signal
[2025-09-01T22:39:12.569+0000] {taskinstance.py:1206} INFO - Marking task as FAILED. dag_id=tfm_weekly_pipeline, task_id=scrape, run_id=manual__2025-09-02T00:00:00+02:00, execution_date=20250901T220000, start_date=20250901T223837, end_date=20250901T223912
[2025-09-01T22:39:12.676+0000] {process_utils.py:80} INFO - Process psutil.Process(pid=4768, status='terminated', exitcode=2, started='22:38:36') (4768) terminated with exit code 2
[2025-09-01T22:39:48.423+0000] {local_task_job_runner.py:120} INFO - ::group::Pre task execution logs
[2025-09-01T22:39:48.447+0000] {taskinstance.py:2076} INFO - Dependencies all met for dep_context=non-requeueable deps ti=<TaskInstance: tfm_weekly_pipeline.scrape manual__2025-09-02T00:00:00+02:00 [queued]>
[2025-09-01T22:39:48.454+0000] {taskinstance.py:2076} INFO - Dependencies all met for dep_context=requeueable deps ti=<TaskInstance: tfm_weekly_pipeline.scrape manual__2025-09-02T00:00:00+02:00 [queued]>
[2025-09-01T22:39:48.455+0000] {taskinstance.py:2306} INFO - Starting attempt 1 of 2
[2025-09-01T22:39:48.468+0000] {taskinstance.py:2330} INFO - Executing <Task(_PythonDecoratedOperator): scrape> on 2025-09-01 22:00:00+00:00
[2025-09-01T22:39:48.473+0000] {standard_task_runner.py:63} INFO - Started process 4789 to run task
[2025-09-01T22:39:48.476+0000] {standard_task_runner.py:90} INFO - Running: ['***', 'tasks', 'run', 'tfm_weekly_pipeline', 'scrape', 'manual__2025-09-02T00:00:00+02:00', '--job-id', '54', '--raw', '--subdir', 'DAGS_FOLDER/tfm_market_value_dag.py', '--cfg-path', '/tmp/tmpnnxk33ze']
[2025-09-01T22:39:48.478+0000] {standard_task_runner.py:91} INFO - Job 54: Subtask scrape
[2025-09-01T22:39:48.520+0000] {task_command.py:426} INFO - Running <TaskInstance: tfm_weekly_pipeline.scrape manual__2025-09-02T00:00:00+02:00 [running]> on host 1cf97d3f0dcd
[2025-09-01T22:39:48.590+0000] {taskinstance.py:2648} INFO - Exporting env vars: AIRFLOW_CTX_DAG_OWNER='tfm' AIRFLOW_CTX_DAG_ID='tfm_weekly_pipeline' AIRFLOW_CTX_TASK_ID='scrape' AIRFLOW_CTX_EXECUTION_DATE='2025-09-01T22:00:00+00:00' AIRFLOW_CTX_TRY_NUMBER='1' AIRFLOW_CTX_DAG_RUN_ID='manual__2025-09-02T00:00:00+02:00'
[2025-09-01T22:39:48.591+0000] {taskinstance.py:430} INFO - ::endgroup::
[2025-09-01T22:39:48.592+0000] {logging_mixin.py:188} INFO - 
Procesando archivo: stats
[2025-09-01T22:39:48.593+0000] {logging_mixin.py:188} INFO - 
Procesando: La Liga
[2025-09-01T22:39:58.593+0000] {logging_mixin.py:188} INFO - https://fbref.com/en/comps/12/2025-2026/stats/2025-2026-La-Liga-Stats
[2025-09-01T22:39:58.670+0000] {logging_mixin.py:188} INFO - FBref error en La Liga: Error al acceder a https://fbref.com/en/comps/12/2025-2026/stats/2025-2026-La-Liga-Stats: código 403
[2025-09-01T22:39:58.671+0000] {logging_mixin.py:188} INFO - 
Procesando: Premier League
[2025-09-01T22:40:07.888+0000] {logging_mixin.py:188} INFO - https://fbref.com/en/comps/9/2025-2026/stats/2025-2026-Premier-League-Stats
[2025-09-01T22:40:07.951+0000] {logging_mixin.py:188} INFO - FBref error en Premier League: Error al acceder a https://fbref.com/en/comps/9/2025-2026/stats/2025-2026-Premier-League-Stats: código 403
[2025-09-01T22:40:07.951+0000] {logging_mixin.py:188} INFO - 
Procesando: Serie A
[2025-09-01T22:40:08.581+0000] {local_task_job_runner.py:310} WARNING - State of this instance has been externally set to up_for_retry. Terminating instance.
[2025-09-01T22:40:08.582+0000] {local_task_job_runner.py:222} INFO - ::endgroup::
[2025-09-01T22:40:08.583+0000] {process_utils.py:132} INFO - Sending 15 to group 4789. PIDs of all processes in the group: [4789]
[2025-09-01T22:40:08.584+0000] {process_utils.py:87} INFO - Sending the signal 15 to group 4789
[2025-09-01T22:40:08.584+0000] {taskinstance.py:2611} ERROR - Received SIGTERM. Terminating subprocesses.
[2025-09-01T22:40:08.585+0000] {taskinstance.py:441} INFO - ::group::Post task execution logs
[2025-09-01T22:40:08.591+0000] {taskinstance.py:2905} ERROR - Task failed with exception
Traceback (most recent call last):
  File "/home/airflow/.local/lib/python3.11/site-packages/airflow/models/taskinstance.py", line 465, in _execute_task
    result = _execute_callable(context=context, **execute_callable_kwargs)
             ^^^^^^^^^^^^^^^^^^^^^^^^^^^^^^^^^^^^^^^^^^^^^^^^^^^^^^^^^^^^^
  File "/home/airflow/.local/lib/python3.11/site-packages/airflow/models/taskinstance.py", line 432, in _execute_callable
    return execute_callable(context=context, **execute_callable_kwargs)
           ^^^^^^^^^^^^^^^^^^^^^^^^^^^^^^^^^^^^^^^^^^^^^^^^^^^^^^^^^^^^
  File "/home/airflow/.local/lib/python3.11/site-packages/airflow/models/baseoperator.py", line 401, in wrapper
    return func(self, *args, **kwargs)
           ^^^^^^^^^^^^^^^^^^^^^^^^^^^
  File "/home/airflow/.local/lib/python3.11/site-packages/airflow/decorators/base.py", line 265, in execute
    return_value = super().execute(context)
                   ^^^^^^^^^^^^^^^^^^^^^^^^
  File "/home/airflow/.local/lib/python3.11/site-packages/airflow/models/baseoperator.py", line 401, in wrapper
    return func(self, *args, **kwargs)
           ^^^^^^^^^^^^^^^^^^^^^^^^^^^
  File "/home/airflow/.local/lib/python3.11/site-packages/airflow/operators/python.py", line 235, in execute
    return_value = self.execute_callable()
                   ^^^^^^^^^^^^^^^^^^^^^^^
  File "/home/airflow/.local/lib/python3.11/site-packages/airflow/operators/python.py", line 252, in execute_callable
    return self.python_callable(*self.op_args, **self.op_kwargs)
           ^^^^^^^^^^^^^^^^^^^^^^^^^^^^^^^^^^^^^^^^^^^^^^^^^^^^^
  File "/opt/airflow/dags/tfm_market_value_dag.py", line 58, in scrape
    run_scraping_pipeline(season=season, ejecutar_r= False)
  File "/opt/airflow/repo/scripts/pipeline_api.py", line 29, in run_scraping_pipeline
    ctrl.run(season=season, ejecutar_r=ejecutar_r)
  File "/opt/airflow/repo/scripts/controlador_scrpapping.py", line 44, in run
    scrap_fbref_and_clean(season)
  File "/opt/airflow/repo/scripts/controlador_scrpapping.py", line 36, in scrap_fbref_and_clean
    df = scrape_fbref(temporada, id, type)
         ^^^^^^^^^^^^^^^^^^^^^^^^^^^^^^^^^
  File "/opt/airflow/repo/scripts/scrape_fbref.py", line 59, in scrape_fbref
    df = crear_tablas(liga["code"], liga["name"], liga["slug"], season, id, type)
         ^^^^^^^^^^^^^^^^^^^^^^^^^^^^^^^^^^^^^^^^^^^^^^^^^^^^^^^^^^^^^^^^^^^^^^^^
  File "/opt/airflow/repo/scripts/scrape_fbref.py", line 37, in crear_tablas
    time.sleep(10)
  File "/home/airflow/.local/lib/python3.11/site-packages/airflow/models/taskinstance.py", line 2613, in signal_handler
    raise AirflowTaskTerminated("Task received SIGTERM signal")
airflow.exceptions.AirflowTaskTerminated: Task received SIGTERM signal
[2025-09-01T22:40:08.608+0000] {taskinstance.py:1206} INFO - Marking task as FAILED. dag_id=tfm_weekly_pipeline, task_id=scrape, run_id=manual__2025-09-02T00:00:00+02:00, execution_date=20250901T220000, start_date=20250901T223948, end_date=20250901T224008
[2025-09-01T22:40:08.637+0000] {process_utils.py:80} INFO - Process psutil.Process(pid=4789, status='terminated', exitcode=2, started='22:39:48') (4789) terminated with exit code 2
[2025-09-01T22:40:39.818+0000] {local_task_job_runner.py:120} INFO - ::group::Pre task execution logs
[2025-09-01T22:40:39.870+0000] {taskinstance.py:2076} INFO - Dependencies all met for dep_context=non-requeueable deps ti=<TaskInstance: tfm_weekly_pipeline.scrape manual__2025-09-02T00:00:00+02:00 [queued]>
[2025-09-01T22:40:39.884+0000] {taskinstance.py:2076} INFO - Dependencies all met for dep_context=requeueable deps ti=<TaskInstance: tfm_weekly_pipeline.scrape manual__2025-09-02T00:00:00+02:00 [queued]>
[2025-09-01T22:40:39.885+0000] {taskinstance.py:2306} INFO - Starting attempt 1 of 2
[2025-09-01T22:40:39.910+0000] {taskinstance.py:2330} INFO - Executing <Task(_PythonDecoratedOperator): scrape> on 2025-09-01 22:00:00+00:00
[2025-09-01T22:40:39.918+0000] {standard_task_runner.py:63} INFO - Started process 4804 to run task
[2025-09-01T22:40:39.923+0000] {standard_task_runner.py:90} INFO - Running: ['***', 'tasks', 'run', 'tfm_weekly_pipeline', 'scrape', 'manual__2025-09-02T00:00:00+02:00', '--job-id', '55', '--raw', '--subdir', 'DAGS_FOLDER/tfm_market_value_dag.py', '--cfg-path', '/tmp/tmpv0fjo7_f']
[2025-09-01T22:40:39.928+0000] {standard_task_runner.py:91} INFO - Job 55: Subtask scrape
[2025-09-01T22:40:40.017+0000] {task_command.py:426} INFO - Running <TaskInstance: tfm_weekly_pipeline.scrape manual__2025-09-02T00:00:00+02:00 [running]> on host 1cf97d3f0dcd
[2025-09-01T22:40:40.172+0000] {taskinstance.py:2648} INFO - Exporting env vars: AIRFLOW_CTX_DAG_OWNER='tfm' AIRFLOW_CTX_DAG_ID='tfm_weekly_pipeline' AIRFLOW_CTX_TASK_ID='scrape' AIRFLOW_CTX_EXECUTION_DATE='2025-09-01T22:00:00+00:00' AIRFLOW_CTX_TRY_NUMBER='1' AIRFLOW_CTX_DAG_RUN_ID='manual__2025-09-02T00:00:00+02:00'
[2025-09-01T22:40:40.174+0000] {taskinstance.py:430} INFO - ::endgroup::
[2025-09-01T22:40:40.176+0000] {logging_mixin.py:188} INFO - 
Procesando archivo: stats
[2025-09-01T22:40:40.177+0000] {logging_mixin.py:188} INFO - 
Procesando: La Liga
[2025-09-01T22:40:50.182+0000] {logging_mixin.py:188} INFO - https://fbref.com/en/comps/12/2024-2025/stats/2024-2025-La-Liga-Stats
[2025-09-01T22:40:50.229+0000] {logging_mixin.py:188} INFO - FBref error en La Liga: Error al acceder a https://fbref.com/en/comps/12/2024-2025/stats/2024-2025-La-Liga-Stats: código 403
[2025-09-01T22:40:50.230+0000] {logging_mixin.py:188} INFO - 
Procesando: Premier League
[2025-09-01T22:40:59.904+0000] {logging_mixin.py:188} INFO - https://fbref.com/en/comps/9/2024-2025/stats/2024-2025-Premier-League-Stats
[2025-09-01T22:40:59.555+0000] {logging_mixin.py:188} INFO - FBref error en Premier League: Error al acceder a https://fbref.com/en/comps/9/2024-2025/stats/2024-2025-Premier-League-Stats: código 403
[2025-09-01T22:40:59.555+0000] {logging_mixin.py:188} INFO - 
Procesando: Serie A
[2025-09-01T22:41:09.559+0000] {logging_mixin.py:188} INFO - https://fbref.com/en/comps/11/2024-2025/stats/2024-2025-Serie-A-Stats
[2025-09-01T22:41:09.616+0000] {logging_mixin.py:188} INFO - FBref error en Serie A: Error al acceder a https://fbref.com/en/comps/11/2024-2025/stats/2024-2025-Serie-A-Stats: código 403
[2025-09-01T22:41:09.617+0000] {logging_mixin.py:188} INFO - 
Procesando: Bundesliga
[2025-09-01T22:41:19.620+0000] {logging_mixin.py:188} INFO - https://fbref.com/en/comps/20/2024-2025/stats/2024-2025-Bundesliga-Stats
[2025-09-01T22:41:19.682+0000] {logging_mixin.py:188} INFO - FBref error en Bundesliga: Error al acceder a https://fbref.com/en/comps/20/2024-2025/stats/2024-2025-Bundesliga-Stats: código 403
[2025-09-01T22:41:19.683+0000] {logging_mixin.py:188} INFO - 
Procesando: Ligue-1
[2025-09-01T22:41:28.970+0000] {logging_mixin.py:188} INFO - https://fbref.com/en/comps/13/2024-2025/stats/2024-2025-Ligue-1-Stats
[2025-09-01T22:41:29.035+0000] {logging_mixin.py:188} INFO - FBref error en Ligue-1: Error al acceder a https://fbref.com/en/comps/13/2024-2025/stats/2024-2025-Ligue-1-Stats: código 403
[2025-09-01T22:41:29.037+0000] {logging_mixin.py:188} INFO - [limpiar_datos] limpiando stats
[2025-09-01T22:41:29.038+0000] {logging_mixin.py:188} INFO - FBref error en 2024-2025 [stats]: 'list' object has no attribute 'columns'
[2025-09-01T22:41:29.040+0000] {logging_mixin.py:188} INFO - 
Procesando archivo: possession
[2025-09-01T22:41:29.041+0000] {logging_mixin.py:188} INFO - 
Procesando: La Liga
[2025-09-01T22:41:39.042+0000] {logging_mixin.py:188} INFO - https://fbref.com/en/comps/12/2024-2025/possession/2024-2025-La-Liga-Stats
[2025-09-01T22:41:39.098+0000] {logging_mixin.py:188} INFO - FBref error en La Liga: Error al acceder a https://fbref.com/en/comps/12/2024-2025/possession/2024-2025-La-Liga-Stats: código 403
[2025-09-01T22:41:39.099+0000] {logging_mixin.py:188} INFO - 
Procesando: Premier League
[2025-09-01T22:41:40.403+0000] {local_task_job_runner.py:310} WARNING - State of this instance has been externally set to up_for_retry. Terminating instance.
[2025-09-01T22:41:40.404+0000] {local_task_job_runner.py:222} INFO - ::endgroup::
[2025-09-01T22:41:40.405+0000] {process_utils.py:132} INFO - Sending 15 to group 4804. PIDs of all processes in the group: [4804]
[2025-09-01T22:41:40.406+0000] {process_utils.py:87} INFO - Sending the signal 15 to group 4804
[2025-09-01T22:41:40.406+0000] {taskinstance.py:2611} ERROR - Received SIGTERM. Terminating subprocesses.
[2025-09-01T22:41:40.407+0000] {taskinstance.py:441} INFO - ::group::Post task execution logs
[2025-09-01T22:41:40.414+0000] {taskinstance.py:2905} ERROR - Task failed with exception
Traceback (most recent call last):
  File "/home/airflow/.local/lib/python3.11/site-packages/airflow/models/taskinstance.py", line 465, in _execute_task
    result = _execute_callable(context=context, **execute_callable_kwargs)
             ^^^^^^^^^^^^^^^^^^^^^^^^^^^^^^^^^^^^^^^^^^^^^^^^^^^^^^^^^^^^^
  File "/home/airflow/.local/lib/python3.11/site-packages/airflow/models/taskinstance.py", line 432, in _execute_callable
    return execute_callable(context=context, **execute_callable_kwargs)
           ^^^^^^^^^^^^^^^^^^^^^^^^^^^^^^^^^^^^^^^^^^^^^^^^^^^^^^^^^^^^
  File "/home/airflow/.local/lib/python3.11/site-packages/airflow/models/baseoperator.py", line 401, in wrapper
    return func(self, *args, **kwargs)
           ^^^^^^^^^^^^^^^^^^^^^^^^^^^
  File "/home/airflow/.local/lib/python3.11/site-packages/airflow/decorators/base.py", line 265, in execute
    return_value = super().execute(context)
                   ^^^^^^^^^^^^^^^^^^^^^^^^
  File "/home/airflow/.local/lib/python3.11/site-packages/airflow/models/baseoperator.py", line 401, in wrapper
    return func(self, *args, **kwargs)
           ^^^^^^^^^^^^^^^^^^^^^^^^^^^
  File "/home/airflow/.local/lib/python3.11/site-packages/airflow/operators/python.py", line 235, in execute
    return_value = self.execute_callable()
                   ^^^^^^^^^^^^^^^^^^^^^^^
  File "/home/airflow/.local/lib/python3.11/site-packages/airflow/operators/python.py", line 252, in execute_callable
    return self.python_callable(*self.op_args, **self.op_kwargs)
           ^^^^^^^^^^^^^^^^^^^^^^^^^^^^^^^^^^^^^^^^^^^^^^^^^^^^^
  File "/opt/airflow/dags/tfm_market_value_dag.py", line 58, in scrape
    run_scraping_pipeline(season=season, ejecutar_r= False)
  File "/opt/airflow/repo/scripts/pipeline_api.py", line 29, in run_scraping_pipeline
    ctrl.run(season=season, ejecutar_r=ejecutar_r)
  File "/opt/airflow/repo/scripts/controlador_scrpapping.py", line 44, in run
    scrap_fbref_and_clean(season)
  File "/opt/airflow/repo/scripts/controlador_scrpapping.py", line 36, in scrap_fbref_and_clean
    df = scrape_fbref(temporada, id, type)
         ^^^^^^^^^^^^^^^^^^^^^^^^^^^^^^^^^
  File "/opt/airflow/repo/scripts/scrape_fbref.py", line 59, in scrape_fbref
    df = crear_tablas(liga["code"], liga["name"], liga["slug"], season, id, type)
         ^^^^^^^^^^^^^^^^^^^^^^^^^^^^^^^^^^^^^^^^^^^^^^^^^^^^^^^^^^^^^^^^^^^^^^^^
  File "/opt/airflow/repo/scripts/scrape_fbref.py", line 37, in crear_tablas
    time.sleep(10)
  File "/home/airflow/.local/lib/python3.11/site-packages/airflow/models/taskinstance.py", line 2613, in signal_handler
    raise AirflowTaskTerminated("Task received SIGTERM signal")
airflow.exceptions.AirflowTaskTerminated: Task received SIGTERM signal
[2025-09-01T22:41:40.429+0000] {taskinstance.py:1206} INFO - Marking task as FAILED. dag_id=tfm_weekly_pipeline, task_id=scrape, run_id=manual__2025-09-02T00:00:00+02:00, execution_date=20250901T220000, start_date=20250901T224039, end_date=20250901T224140
[2025-09-01T22:41:40.459+0000] {process_utils.py:80} INFO - Process psutil.Process(pid=4804, status='terminated', exitcode=2, started='22:40:39') (4804) terminated with exit code 2
