[2025-09-09T18:22:55.629+0000] {local_task_job_runner.py:120} INFO - ::group::Pre task execution logs
[2025-09-09T18:22:55.678+0000] {taskinstance.py:2076} INFO - Dependencies all met for dep_context=non-requeueable deps ti=<TaskInstance: tfm_weekly_pipeline.scrape __airflow_temporary_run_2025-09-09T18:22:45.544594+00:00__ [queued]>
[2025-09-09T18:22:55.692+0000] {taskinstance.py:2076} INFO - Dependencies all met for dep_context=requeueable deps ti=<TaskInstance: tfm_weekly_pipeline.scrape __airflow_temporary_run_2025-09-09T18:22:45.544594+00:00__ [queued]>
[2025-09-09T18:22:55.695+0000] {taskinstance.py:2306} INFO - Starting attempt 1 of 2
[2025-09-09T18:22:55.717+0000] {taskinstance.py:2330} INFO - Executing <Task(_PythonDecoratedOperator): scrape> on 2025-09-09 01:00:00+00:00
[2025-09-09T18:22:55.726+0000] {standard_task_runner.py:63} INFO - Started process 189 to run task
[2025-09-09T18:22:55.732+0000] {standard_task_runner.py:90} INFO - Running: ['***', 'tasks', 'run', 'tfm_weekly_pipeline', 'scrape', '__***_temporary_run_2025-09-09T18:22:45.544594+00:00__', '--job-id', '86', '--raw', '--subdir', 'DAGS_FOLDER/tfm_market_value_dag.py', '--cfg-path', '/tmp/tmp5pc7aj_j']
[2025-09-09T18:22:55.736+0000] {standard_task_runner.py:91} INFO - Job 86: Subtask scrape
[2025-09-09T18:22:55.825+0000] {task_command.py:426} INFO - Running <TaskInstance: tfm_weekly_pipeline.scrape __airflow_temporary_run_2025-09-09T18:22:45.544594+00:00__ [running]> on host 2eba43985c56
[2025-09-09T18:22:56.008+0000] {taskinstance.py:2648} INFO - Exporting env vars: AIRFLOW_CTX_DAG_OWNER='tfm' AIRFLOW_CTX_DAG_ID='tfm_weekly_pipeline' AIRFLOW_CTX_TASK_ID='scrape' AIRFLOW_CTX_EXECUTION_DATE='2025-09-09T01:00:00+00:00' AIRFLOW_CTX_TRY_NUMBER='1' AIRFLOW_CTX_DAG_RUN_ID='__***_temporary_run_2025-09-09T18:22:45.544594+00:00__'
[2025-09-09T18:22:56.010+0000] {taskinstance.py:430} INFO - ::endgroup::
[2025-09-09T18:22:56.012+0000] {logging_mixin.py:188} INFO - 
Procesando archivo: stats
[2025-09-09T18:22:56.013+0000] {logging_mixin.py:188} INFO - 
Procesando: La Liga
[2025-09-09T18:23:06.014+0000] {logging_mixin.py:188} INFO - https://fbref.com/en/comps/12/2024-2025/stats/2024-2025-La-Liga-Stats
[2025-09-09T18:23:06.143+0000] {logging_mixin.py:188} INFO - FBref error en La Liga: Error al acceder a https://fbref.com/en/comps/12/2024-2025/stats/2024-2025-La-Liga-Stats: código 403
[2025-09-09T18:23:06.144+0000] {logging_mixin.py:188} INFO - 
Procesando: Premier League
[2025-09-09T18:23:16.146+0000] {logging_mixin.py:188} INFO - https://fbref.com/en/comps/9/2024-2025/stats/2024-2025-Premier-League-Stats
[2025-09-09T18:23:16.264+0000] {logging_mixin.py:188} INFO - FBref error en Premier League: Error al acceder a https://fbref.com/en/comps/9/2024-2025/stats/2024-2025-Premier-League-Stats: código 403
[2025-09-09T18:23:16.265+0000] {logging_mixin.py:188} INFO - 
Procesando: Serie A
[2025-09-09T18:23:26.276+0000] {logging_mixin.py:188} INFO - https://fbref.com/en/comps/11/2024-2025/stats/2024-2025-Serie-A-Stats
[2025-09-09T18:23:26.333+0000] {logging_mixin.py:188} INFO - FBref error en Serie A: Error al acceder a https://fbref.com/en/comps/11/2024-2025/stats/2024-2025-Serie-A-Stats: código 403
[2025-09-09T18:23:26.334+0000] {logging_mixin.py:188} INFO - 
Procesando: Bundesliga
[2025-09-09T18:23:36.335+0000] {logging_mixin.py:188} INFO - https://fbref.com/en/comps/20/2024-2025/stats/2024-2025-Bundesliga-Stats
[2025-09-09T18:23:36.441+0000] {logging_mixin.py:188} INFO - FBref error en Bundesliga: Error al acceder a https://fbref.com/en/comps/20/2024-2025/stats/2024-2025-Bundesliga-Stats: código 403
[2025-09-09T18:23:36.442+0000] {logging_mixin.py:188} INFO - 
Procesando: Ligue-1
[2025-09-09T18:23:46.442+0000] {logging_mixin.py:188} INFO - https://fbref.com/en/comps/13/2024-2025/stats/2024-2025-Ligue-1-Stats
[2025-09-09T18:23:46.535+0000] {logging_mixin.py:188} INFO - FBref error en Ligue-1: Error al acceder a https://fbref.com/en/comps/13/2024-2025/stats/2024-2025-Ligue-1-Stats: código 403
[2025-09-09T18:23:46.537+0000] {logging_mixin.py:188} INFO - FBref error en 2024-2025 [stats]: cannot access local variable 'temporada' where it is not associated with a value
[2025-09-09T18:23:46.538+0000] {logging_mixin.py:188} INFO - 
Procesando archivo: possession
[2025-09-09T18:23:46.538+0000] {logging_mixin.py:188} INFO - 
Procesando: La Liga
[2025-09-09T18:23:56.544+0000] {logging_mixin.py:188} INFO - https://fbref.com/en/comps/12/2024-2025/possession/2024-2025-La-Liga-Stats
[2025-09-09T18:23:57.040+0000] {logging_mixin.py:188} INFO - FBref error en La Liga: Error al acceder a https://fbref.com/en/comps/12/2024-2025/possession/2024-2025-La-Liga-Stats: código 403
[2025-09-09T18:23:57.041+0000] {logging_mixin.py:188} INFO - 
Procesando: Premier League
[2025-09-09T18:24:07.042+0000] {logging_mixin.py:188} INFO - https://fbref.com/en/comps/9/2024-2025/possession/2024-2025-Premier-League-Stats
[2025-09-09T18:24:07.138+0000] {logging_mixin.py:188} INFO - FBref error en Premier League: Error al acceder a https://fbref.com/en/comps/9/2024-2025/possession/2024-2025-Premier-League-Stats: código 403
[2025-09-09T18:24:07.139+0000] {logging_mixin.py:188} INFO - 
Procesando: Serie A
[2025-09-09T18:24:17.140+0000] {logging_mixin.py:188} INFO - https://fbref.com/en/comps/11/2024-2025/possession/2024-2025-Serie-A-Stats
[2025-09-09T18:24:17.228+0000] {logging_mixin.py:188} INFO - FBref error en Serie A: Error al acceder a https://fbref.com/en/comps/11/2024-2025/possession/2024-2025-Serie-A-Stats: código 403
[2025-09-09T18:24:17.230+0000] {logging_mixin.py:188} INFO - 
Procesando: Bundesliga
[2025-09-09T18:24:27.239+0000] {logging_mixin.py:188} INFO - https://fbref.com/en/comps/20/2024-2025/possession/2024-2025-Bundesliga-Stats
[2025-09-09T18:24:27.393+0000] {logging_mixin.py:188} INFO - FBref error en Bundesliga: Error al acceder a https://fbref.com/en/comps/20/2024-2025/possession/2024-2025-Bundesliga-Stats: código 403
[2025-09-09T18:24:27.394+0000] {logging_mixin.py:188} INFO - 
Procesando: Ligue-1
[2025-09-09T18:24:37.395+0000] {logging_mixin.py:188} INFO - https://fbref.com/en/comps/13/2024-2025/possession/2024-2025-Ligue-1-Stats
[2025-09-09T18:24:37.519+0000] {logging_mixin.py:188} INFO - FBref error en Ligue-1: Error al acceder a https://fbref.com/en/comps/13/2024-2025/possession/2024-2025-Ligue-1-Stats: código 403
[2025-09-09T18:24:37.520+0000] {logging_mixin.py:188} INFO - FBref error en 2024-2025 [possession]: cannot access local variable 'temporada' where it is not associated with a value
[2025-09-09T18:24:37.521+0000] {logging_mixin.py:188} INFO - 
Procesando archivo: defense
[2025-09-09T18:24:37.522+0000] {logging_mixin.py:188} INFO - 
Procesando: La Liga
[2025-09-09T18:24:47.523+0000] {logging_mixin.py:188} INFO - https://fbref.com/en/comps/12/2024-2025/defense/2024-2025-La-Liga-Stats
[2025-09-09T18:24:47.637+0000] {logging_mixin.py:188} INFO - FBref error en La Liga: Error al acceder a https://fbref.com/en/comps/12/2024-2025/defense/2024-2025-La-Liga-Stats: código 403
[2025-09-09T18:24:47.638+0000] {logging_mixin.py:188} INFO - 
Procesando: Premier League
[2025-09-09T18:24:57.652+0000] {logging_mixin.py:188} INFO - https://fbref.com/en/comps/9/2024-2025/defense/2024-2025-Premier-League-Stats
[2025-09-09T18:24:57.811+0000] {logging_mixin.py:188} INFO - FBref error en Premier League: Error al acceder a https://fbref.com/en/comps/9/2024-2025/defense/2024-2025-Premier-League-Stats: código 403
[2025-09-09T18:24:57.812+0000] {logging_mixin.py:188} INFO - 
Procesando: Serie A
[2025-09-09T18:25:07.813+0000] {logging_mixin.py:188} INFO - https://fbref.com/en/comps/11/2024-2025/defense/2024-2025-Serie-A-Stats
[2025-09-09T18:25:07.901+0000] {logging_mixin.py:188} INFO - FBref error en Serie A: Error al acceder a https://fbref.com/en/comps/11/2024-2025/defense/2024-2025-Serie-A-Stats: código 403
[2025-09-09T18:25:07.902+0000] {logging_mixin.py:188} INFO - 
Procesando: Bundesliga
[2025-09-09T18:25:17.903+0000] {logging_mixin.py:188} INFO - https://fbref.com/en/comps/20/2024-2025/defense/2024-2025-Bundesliga-Stats
[2025-09-09T18:25:18.400+0000] {logging_mixin.py:188} INFO - FBref error en Bundesliga: Error al acceder a https://fbref.com/en/comps/20/2024-2025/defense/2024-2025-Bundesliga-Stats: código 403
[2025-09-09T18:25:18.401+0000] {logging_mixin.py:188} INFO - 
Procesando: Ligue-1
[2025-09-09T18:25:28.412+0000] {logging_mixin.py:188} INFO - https://fbref.com/en/comps/13/2024-2025/defense/2024-2025-Ligue-1-Stats
[2025-09-09T18:25:28.487+0000] {logging_mixin.py:188} INFO - FBref error en Ligue-1: Error al acceder a https://fbref.com/en/comps/13/2024-2025/defense/2024-2025-Ligue-1-Stats: código 403
[2025-09-09T18:25:28.488+0000] {logging_mixin.py:188} INFO - FBref error en 2024-2025 [defense]: cannot access local variable 'temporada' where it is not associated with a value
[2025-09-09T18:25:28.489+0000] {logging_mixin.py:188} INFO - 
Procesando archivo: misc
[2025-09-09T18:25:28.490+0000] {logging_mixin.py:188} INFO - 
Procesando: La Liga
[2025-09-09T18:25:38.491+0000] {logging_mixin.py:188} INFO - https://fbref.com/en/comps/12/2024-2025/misc/2024-2025-La-Liga-Stats
[2025-09-09T18:25:38.565+0000] {logging_mixin.py:188} INFO - FBref error en La Liga: Error al acceder a https://fbref.com/en/comps/12/2024-2025/misc/2024-2025-La-Liga-Stats: código 403
[2025-09-09T18:25:38.565+0000] {logging_mixin.py:188} INFO - 
Procesando: Premier League
[2025-09-09T18:25:48.566+0000] {logging_mixin.py:188} INFO - https://fbref.com/en/comps/9/2024-2025/misc/2024-2025-Premier-League-Stats
[2025-09-09T18:25:48.683+0000] {logging_mixin.py:188} INFO - FBref error en Premier League: Error al acceder a https://fbref.com/en/comps/9/2024-2025/misc/2024-2025-Premier-League-Stats: código 403
[2025-09-09T18:25:48.685+0000] {logging_mixin.py:188} INFO - 
Procesando: Serie A
[2025-09-09T18:25:58.698+0000] {logging_mixin.py:188} INFO - https://fbref.com/en/comps/11/2024-2025/misc/2024-2025-Serie-A-Stats
[2025-09-09T18:25:59.179+0000] {logging_mixin.py:188} INFO - FBref error en Serie A: Error al acceder a https://fbref.com/en/comps/11/2024-2025/misc/2024-2025-Serie-A-Stats: código 403
[2025-09-09T18:25:59.186+0000] {logging_mixin.py:188} INFO - 
Procesando: Bundesliga
[2025-09-09T18:26:09.188+0000] {logging_mixin.py:188} INFO - https://fbref.com/en/comps/20/2024-2025/misc/2024-2025-Bundesliga-Stats
[2025-09-09T18:26:09.298+0000] {logging_mixin.py:188} INFO - FBref error en Bundesliga: Error al acceder a https://fbref.com/en/comps/20/2024-2025/misc/2024-2025-Bundesliga-Stats: código 403
[2025-09-09T18:26:09.300+0000] {logging_mixin.py:188} INFO - 
Procesando: Ligue-1
[2025-09-09T18:26:19.301+0000] {logging_mixin.py:188} INFO - https://fbref.com/en/comps/13/2024-2025/misc/2024-2025-Ligue-1-Stats
[2025-09-09T18:26:19.373+0000] {logging_mixin.py:188} INFO - FBref error en Ligue-1: Error al acceder a https://fbref.com/en/comps/13/2024-2025/misc/2024-2025-Ligue-1-Stats: código 403
[2025-09-09T18:26:19.375+0000] {logging_mixin.py:188} INFO - FBref error en 2024-2025 [misc]: cannot access local variable 'temporada' where it is not associated with a value
[2025-09-09T18:26:19.377+0000] {logging_mixin.py:188} INFO - 
Procesando archivo: passing
[2025-09-09T18:26:19.378+0000] {logging_mixin.py:188} INFO - 
Procesando: La Liga
[2025-09-09T18:26:29.396+0000] {logging_mixin.py:188} INFO - https://fbref.com/en/comps/12/2024-2025/passing/2024-2025-La-Liga-Stats
[2025-09-09T18:26:29.472+0000] {logging_mixin.py:188} INFO - FBref error en La Liga: Error al acceder a https://fbref.com/en/comps/12/2024-2025/passing/2024-2025-La-Liga-Stats: código 403
[2025-09-09T18:26:29.474+0000] {logging_mixin.py:188} INFO - 
Procesando: Premier League
[2025-09-09T18:26:39.475+0000] {logging_mixin.py:188} INFO - https://fbref.com/en/comps/9/2024-2025/passing/2024-2025-Premier-League-Stats
[2025-09-09T18:26:39.579+0000] {logging_mixin.py:188} INFO - FBref error en Premier League: Error al acceder a https://fbref.com/en/comps/9/2024-2025/passing/2024-2025-Premier-League-Stats: código 403
[2025-09-09T18:26:39.580+0000] {logging_mixin.py:188} INFO - 
Procesando: Serie A
[2025-09-09T18:26:49.581+0000] {logging_mixin.py:188} INFO - https://fbref.com/en/comps/11/2024-2025/passing/2024-2025-Serie-A-Stats
[2025-09-09T18:26:49.720+0000] {logging_mixin.py:188} INFO - FBref error en Serie A: Error al acceder a https://fbref.com/en/comps/11/2024-2025/passing/2024-2025-Serie-A-Stats: código 403
[2025-09-09T18:26:49.722+0000] {logging_mixin.py:188} INFO - 
Procesando: Bundesliga
[2025-09-09T18:26:59.723+0000] {logging_mixin.py:188} INFO - https://fbref.com/en/comps/20/2024-2025/passing/2024-2025-Bundesliga-Stats
[2025-09-09T18:26:59.848+0000] {logging_mixin.py:188} INFO - FBref error en Bundesliga: Error al acceder a https://fbref.com/en/comps/20/2024-2025/passing/2024-2025-Bundesliga-Stats: código 403
[2025-09-09T18:26:59.850+0000] {logging_mixin.py:188} INFO - 
Procesando: Ligue-1
[2025-09-09T18:27:09.851+0000] {logging_mixin.py:188} INFO - https://fbref.com/en/comps/13/2024-2025/passing/2024-2025-Ligue-1-Stats
[2025-09-09T18:27:09.922+0000] {logging_mixin.py:188} INFO - FBref error en Ligue-1: Error al acceder a https://fbref.com/en/comps/13/2024-2025/passing/2024-2025-Ligue-1-Stats: código 403
[2025-09-09T18:27:09.923+0000] {logging_mixin.py:188} INFO - FBref error en 2024-2025 [passing]: cannot access local variable 'temporada' where it is not associated with a value
[2025-09-09T18:27:09.924+0000] {logging_mixin.py:188} INFO - 
Procesando archivo: shooting
[2025-09-09T18:27:09.925+0000] {logging_mixin.py:188} INFO - 
Procesando: La Liga
[2025-09-09T18:27:19.940+0000] {logging_mixin.py:188} INFO - https://fbref.com/en/comps/12/2024-2025/shooting/2024-2025-La-Liga-Stats
[2025-09-09T18:27:20.024+0000] {logging_mixin.py:188} INFO - FBref error en La Liga: Error al acceder a https://fbref.com/en/comps/12/2024-2025/shooting/2024-2025-La-Liga-Stats: código 403
[2025-09-09T18:27:20.025+0000] {logging_mixin.py:188} INFO - 
Procesando: Premier League
[2025-09-09T18:27:30.026+0000] {logging_mixin.py:188} INFO - https://fbref.com/en/comps/9/2024-2025/shooting/2024-2025-Premier-League-Stats
[2025-09-09T18:27:30.090+0000] {logging_mixin.py:188} INFO - FBref error en Premier League: Error al acceder a https://fbref.com/en/comps/9/2024-2025/shooting/2024-2025-Premier-League-Stats: código 403
[2025-09-09T18:27:30.091+0000] {logging_mixin.py:188} INFO - 
Procesando: Serie A
[2025-09-09T18:27:40.092+0000] {logging_mixin.py:188} INFO - https://fbref.com/en/comps/11/2024-2025/shooting/2024-2025-Serie-A-Stats
[2025-09-09T18:27:40.172+0000] {logging_mixin.py:188} INFO - FBref error en Serie A: Error al acceder a https://fbref.com/en/comps/11/2024-2025/shooting/2024-2025-Serie-A-Stats: código 403
[2025-09-09T18:27:40.173+0000] {logging_mixin.py:188} INFO - 
Procesando: Bundesliga
[2025-09-09T18:27:50.187+0000] {logging_mixin.py:188} INFO - https://fbref.com/en/comps/20/2024-2025/shooting/2024-2025-Bundesliga-Stats
[2025-09-09T18:27:50.509+0000] {logging_mixin.py:188} INFO - FBref error en Bundesliga: Error al acceder a https://fbref.com/en/comps/20/2024-2025/shooting/2024-2025-Bundesliga-Stats: código 403
[2025-09-09T18:27:50.510+0000] {logging_mixin.py:188} INFO - 
Procesando: Ligue-1
[2025-09-09T18:28:00.511+0000] {logging_mixin.py:188} INFO - https://fbref.com/en/comps/13/2024-2025/shooting/2024-2025-Ligue-1-Stats
[2025-09-09T18:28:00.633+0000] {logging_mixin.py:188} INFO - FBref error en Ligue-1: Error al acceder a https://fbref.com/en/comps/13/2024-2025/shooting/2024-2025-Ligue-1-Stats: código 403
[2025-09-09T18:28:00.634+0000] {logging_mixin.py:188} INFO - FBref error en 2024-2025 [shooting]: cannot access local variable 'temporada' where it is not associated with a value
[2025-09-09T18:28:00.634+0000] {logging_mixin.py:188} INFO - 
Procesando archivo: keepers
[2025-09-09T18:28:00.635+0000] {logging_mixin.py:188} INFO - 
Procesando: La Liga
[2025-09-09T18:28:10.636+0000] {logging_mixin.py:188} INFO - https://fbref.com/en/comps/12/2024-2025/keepers/2024-2025-La-Liga-Stats
[2025-09-09T18:28:10.714+0000] {logging_mixin.py:188} INFO - FBref error en La Liga: Error al acceder a https://fbref.com/en/comps/12/2024-2025/keepers/2024-2025-La-Liga-Stats: código 403
[2025-09-09T18:28:10.715+0000] {logging_mixin.py:188} INFO - 
Procesando: Premier League
[2025-09-09T18:28:20.733+0000] {logging_mixin.py:188} INFO - https://fbref.com/en/comps/9/2024-2025/keepers/2024-2025-Premier-League-Stats
[2025-09-09T18:28:20.819+0000] {logging_mixin.py:188} INFO - FBref error en Premier League: Error al acceder a https://fbref.com/en/comps/9/2024-2025/keepers/2024-2025-Premier-League-Stats: código 403
[2025-09-09T18:28:20.819+0000] {logging_mixin.py:188} INFO - 
Procesando: Serie A
[2025-09-09T18:28:30.820+0000] {logging_mixin.py:188} INFO - https://fbref.com/en/comps/11/2024-2025/keepers/2024-2025-Serie-A-Stats
[2025-09-09T18:28:30.914+0000] {logging_mixin.py:188} INFO - FBref error en Serie A: Error al acceder a https://fbref.com/en/comps/11/2024-2025/keepers/2024-2025-Serie-A-Stats: código 403
[2025-09-09T18:28:30.916+0000] {logging_mixin.py:188} INFO - 
Procesando: Bundesliga
[2025-09-09T18:28:40.917+0000] {logging_mixin.py:188} INFO - https://fbref.com/en/comps/20/2024-2025/keepers/2024-2025-Bundesliga-Stats
[2025-09-09T18:28:40.997+0000] {logging_mixin.py:188} INFO - FBref error en Bundesliga: Error al acceder a https://fbref.com/en/comps/20/2024-2025/keepers/2024-2025-Bundesliga-Stats: código 403
[2025-09-09T18:28:40.998+0000] {logging_mixin.py:188} INFO - 
Procesando: Ligue-1
[2025-09-09T18:28:51.016+0000] {logging_mixin.py:188} INFO - https://fbref.com/en/comps/13/2024-2025/keepers/2024-2025-Ligue-1-Stats
[2025-09-09T18:28:51.370+0000] {logging_mixin.py:188} INFO - FBref error en Ligue-1: Error al acceder a https://fbref.com/en/comps/13/2024-2025/keepers/2024-2025-Ligue-1-Stats: código 403
[2025-09-09T18:28:51.372+0000] {logging_mixin.py:188} INFO - FBref error en 2024-2025 [keepers]: cannot access local variable 'temporada' where it is not associated with a value
[2025-09-09T18:28:51.372+0000] {logging_mixin.py:188} INFO - 
Procesando archivo: keepersadv
[2025-09-09T18:28:51.373+0000] {logging_mixin.py:188} INFO - 
Procesando: La Liga
[2025-09-09T18:29:01.374+0000] {logging_mixin.py:188} INFO - https://fbref.com/en/comps/12/2024-2025/keepersadv/2024-2025-La-Liga-Stats
[2025-09-09T18:29:01.492+0000] {logging_mixin.py:188} INFO - FBref error en La Liga: Error al acceder a https://fbref.com/en/comps/12/2024-2025/keepersadv/2024-2025-La-Liga-Stats: código 403
[2025-09-09T18:29:01.493+0000] {logging_mixin.py:188} INFO - 
Procesando: Premier League
[2025-09-09T18:29:11.494+0000] {logging_mixin.py:188} INFO - https://fbref.com/en/comps/9/2024-2025/keepersadv/2024-2025-Premier-League-Stats
[2025-09-09T18:29:11.591+0000] {logging_mixin.py:188} INFO - FBref error en Premier League: Error al acceder a https://fbref.com/en/comps/9/2024-2025/keepersadv/2024-2025-Premier-League-Stats: código 403
[2025-09-09T18:29:11.592+0000] {logging_mixin.py:188} INFO - 
Procesando: Serie A
[2025-09-09T18:29:21.607+0000] {logging_mixin.py:188} INFO - https://fbref.com/en/comps/11/2024-2025/keepersadv/2024-2025-Serie-A-Stats
[2025-09-09T18:29:21.686+0000] {logging_mixin.py:188} INFO - FBref error en Serie A: Error al acceder a https://fbref.com/en/comps/11/2024-2025/keepersadv/2024-2025-Serie-A-Stats: código 403
[2025-09-09T18:29:21.688+0000] {logging_mixin.py:188} INFO - 
Procesando: Bundesliga
[2025-09-09T18:29:31.689+0000] {logging_mixin.py:188} INFO - https://fbref.com/en/comps/20/2024-2025/keepersadv/2024-2025-Bundesliga-Stats
[2025-09-09T18:29:31.750+0000] {logging_mixin.py:188} INFO - FBref error en Bundesliga: Error al acceder a https://fbref.com/en/comps/20/2024-2025/keepersadv/2024-2025-Bundesliga-Stats: código 403
[2025-09-09T18:29:31.751+0000] {logging_mixin.py:188} INFO - 
Procesando: Ligue-1
[2025-09-09T18:29:41.752+0000] {logging_mixin.py:188} INFO - https://fbref.com/en/comps/13/2024-2025/keepersadv/2024-2025-Ligue-1-Stats
[2025-09-09T18:29:41.811+0000] {logging_mixin.py:188} INFO - FBref error en Ligue-1: Error al acceder a https://fbref.com/en/comps/13/2024-2025/keepersadv/2024-2025-Ligue-1-Stats: código 403
[2025-09-09T18:29:41.813+0000] {logging_mixin.py:188} INFO - FBref error en 2024-2025 [keepersadv]: cannot access local variable 'temporada' where it is not associated with a value
[2025-09-09T18:29:41.813+0000] {python.py:237} INFO - Done. Returned value was: None
[2025-09-09T18:29:41.814+0000] {taskinstance.py:441} INFO - ::group::Post task execution logs
[2025-09-09T18:29:41.822+0000] {taskinstance.py:1206} INFO - Marking task as SUCCESS. dag_id=tfm_weekly_pipeline, task_id=scrape, run_id=__***_temporary_run_2025-09-09T18:22:45.544594+00:00__, execution_date=20250909T010000, start_date=20250909T182255, end_date=20250909T182941
[2025-09-09T18:29:41.859+0000] {local_task_job_runner.py:240} INFO - Task exited with return code 0
[2025-09-09T18:29:41.878+0000] {taskinstance.py:3503} INFO - 1 downstream tasks scheduled from follow-on schedule check
[2025-09-09T18:29:41.880+0000] {local_task_job_runner.py:222} INFO - ::endgroup::
