[2025-09-16T17:11:18.308+0000] {local_task_job_runner.py:120} INFO - ::group::Pre task execution logs
[2025-09-16T17:11:18.387+0000] {taskinstance.py:2076} INFO - Dependencies all met for dep_context=non-requeueable deps ti=<TaskInstance: tfm_weekly_pipeline.merge __airflow_temporary_run_2025-09-16T17:11:06.238636+00:00__ [queued]>
[2025-09-16T17:11:18.413+0000] {taskinstance.py:2076} INFO - Dependencies all met for dep_context=requeueable deps ti=<TaskInstance: tfm_weekly_pipeline.merge __airflow_temporary_run_2025-09-16T17:11:06.238636+00:00__ [queued]>
[2025-09-16T17:11:18.414+0000] {taskinstance.py:2306} INFO - Starting attempt 1 of 2
[2025-09-16T17:11:18.460+0000] {taskinstance.py:2330} INFO - Executing <Task(_PythonDecoratedOperator): merge> on 2025-09-15 01:00:00+00:00
[2025-09-16T17:11:18.478+0000] {standard_task_runner.py:63} INFO - Started process 189 to run task
[2025-09-16T17:11:18.501+0000] {standard_task_runner.py:90} INFO - Running: ['***', 'tasks', 'run', 'tfm_weekly_pipeline', 'merge', '__***_temporary_run_2025-09-16T17:11:06.238636+00:00__', '--job-id', '137', '--raw', '--subdir', 'DAGS_FOLDER/tfm_market_value_dag.py', '--cfg-path', '/tmp/tmp9z9u9nbm']
[2025-09-16T17:11:18.512+0000] {standard_task_runner.py:91} INFO - Job 137: Subtask merge
[2025-09-16T17:11:18.733+0000] {task_command.py:426} INFO - Running <TaskInstance: tfm_weekly_pipeline.merge __airflow_temporary_run_2025-09-16T17:11:06.238636+00:00__ [running]> on host 0419384c6648
[2025-09-16T17:11:19.053+0000] {taskinstance.py:2648} INFO - Exporting env vars: AIRFLOW_CTX_DAG_OWNER='tfm' AIRFLOW_CTX_DAG_ID='tfm_weekly_pipeline' AIRFLOW_CTX_TASK_ID='merge' AIRFLOW_CTX_EXECUTION_DATE='2025-09-15T01:00:00+00:00' AIRFLOW_CTX_TRY_NUMBER='1' AIRFLOW_CTX_DAG_RUN_ID='__***_temporary_run_2025-09-16T17:11:06.238636+00:00__'
[2025-09-16T17:11:19.056+0000] {taskinstance.py:430} INFO - ::endgroup::
[2025-09-16T17:11:30.384+0000] {logging_mixin.py:188} INFO - Uniendo los datasets...
[2025-09-16T17:12:00.662+0000] {logging_mixin.py:188} INFO - casteando a double...
[2025-09-16T17:12:10.520+0000] {logging_mixin.py:188} INFO - normalizando las variables x 90min...
[2025-09-16T17:12:20.717+0000] {logging_mixin.py:188} INFO - Guardando...
[2025-09-16T17:13:04.351+0000] {logging_mixin.py:188} INFO - Datos procesados y exportados en formato Parquet.
[2025-09-16T17:13:05.064+0000] {python.py:237} INFO - Done. Returned value was: /opt/***/work/parquets/latest/players.parquet
[2025-09-16T17:13:05.066+0000] {taskinstance.py:441} INFO - ::group::Post task execution logs
[2025-09-16T17:13:05.400+0000] {taskinstance.py:1206} INFO - Marking task as SUCCESS. dag_id=tfm_weekly_pipeline, task_id=merge, run_id=__***_temporary_run_2025-09-16T17:11:06.238636+00:00__, execution_date=20250915T010000, start_date=20250916T171118, end_date=20250916T171305
[2025-09-16T17:13:06.011+0000] {local_task_job_runner.py:240} INFO - Task exited with return code 0
[2025-09-16T17:13:06.057+0000] {taskinstance.py:3503} INFO - 1 downstream tasks scheduled from follow-on schedule check
[2025-09-16T17:13:06.370+0000] {local_task_job_runner.py:222} INFO - ::endgroup::
