[2025-09-08T20:00:41.438+0000] {local_task_job_runner.py:120} INFO - ::group::Pre task execution logs
[2025-09-08T20:00:41.488+0000] {taskinstance.py:2076} INFO - Dependencies all met for dep_context=non-requeueable deps ti=<TaskInstance: tfm_weekly_pipeline.scrape manual__2025-09-08T20:00:38+00:00 [queued]>
[2025-09-08T20:00:41.501+0000] {taskinstance.py:2076} INFO - Dependencies all met for dep_context=requeueable deps ti=<TaskInstance: tfm_weekly_pipeline.scrape manual__2025-09-08T20:00:38+00:00 [queued]>
[2025-09-08T20:00:41.505+0000] {taskinstance.py:2306} INFO - Starting attempt 1 of 2
[2025-09-08T20:00:41.529+0000] {taskinstance.py:2330} INFO - Executing <Task(_PythonDecoratedOperator): scrape> on 2025-09-08 20:00:38+00:00
[2025-09-08T20:00:41.537+0000] {standard_task_runner.py:63} INFO - Started process 460 to run task
[2025-09-08T20:00:41.543+0000] {standard_task_runner.py:90} INFO - Running: ['***', 'tasks', 'run', 'tfm_weekly_pipeline', 'scrape', 'manual__2025-09-08T20:00:38+00:00', '--job-id', '61', '--raw', '--subdir', 'DAGS_FOLDER/tfm_market_value_dag.py', '--cfg-path', '/tmp/tmpmm8skre8']
[2025-09-08T20:00:41.548+0000] {standard_task_runner.py:91} INFO - Job 61: Subtask scrape
[2025-09-08T20:00:41.632+0000] {task_command.py:426} INFO - Running <TaskInstance: tfm_weekly_pipeline.scrape manual__2025-09-08T20:00:38+00:00 [running]> on host ffd27a3b7a79
[2025-09-08T20:00:41.786+0000] {taskinstance.py:2648} INFO - Exporting env vars: AIRFLOW_CTX_DAG_OWNER='tfm' AIRFLOW_CTX_DAG_ID='tfm_weekly_pipeline' AIRFLOW_CTX_TASK_ID='scrape' AIRFLOW_CTX_EXECUTION_DATE='2025-09-08T20:00:38+00:00' AIRFLOW_CTX_TRY_NUMBER='1' AIRFLOW_CTX_DAG_RUN_ID='manual__2025-09-08T20:00:38+00:00'
[2025-09-08T20:00:41.788+0000] {taskinstance.py:430} INFO - ::endgroup::
[2025-09-08T20:00:41.790+0000] {logging_mixin.py:188} INFO - 
Procesando archivo: stats
[2025-09-08T20:00:41.791+0000] {logging_mixin.py:188} INFO - 
Procesando: La Liga
[2025-09-08T20:00:51.792+0000] {logging_mixin.py:188} INFO - https://fbref.com/en/comps/12/2024-2025/stats/2024-2025-La-Liga-Stats
[2025-09-08T20:00:51.900+0000] {logging_mixin.py:188} INFO - FBref error en La Liga: Error al acceder a https://fbref.com/en/comps/12/2024-2025/stats/2024-2025-La-Liga-Stats: código 403
[2025-09-08T20:00:51.901+0000] {logging_mixin.py:188} INFO - 
Procesando: Premier League
[2025-09-08T20:01:01.902+0000] {logging_mixin.py:188} INFO - https://fbref.com/en/comps/9/2024-2025/stats/2024-2025-Premier-League-Stats
[2025-09-08T20:01:02.300+0000] {logging_mixin.py:188} INFO - FBref error en Premier League: Error al acceder a https://fbref.com/en/comps/9/2024-2025/stats/2024-2025-Premier-League-Stats: código 403
[2025-09-08T20:01:02.300+0000] {logging_mixin.py:188} INFO - 
Procesando: Serie A
[2025-09-08T20:01:12.310+0000] {logging_mixin.py:188} INFO - https://fbref.com/en/comps/11/2024-2025/stats/2024-2025-Serie-A-Stats
[2025-09-08T20:01:12.408+0000] {logging_mixin.py:188} INFO - FBref error en Serie A: Error al acceder a https://fbref.com/en/comps/11/2024-2025/stats/2024-2025-Serie-A-Stats: código 403
[2025-09-08T20:01:12.409+0000] {logging_mixin.py:188} INFO - 
Procesando: Bundesliga
[2025-09-08T20:01:22.410+0000] {logging_mixin.py:188} INFO - https://fbref.com/en/comps/20/2024-2025/stats/2024-2025-Bundesliga-Stats
[2025-09-08T20:01:22.677+0000] {logging_mixin.py:188} INFO - FBref error en Bundesliga: Error al acceder a https://fbref.com/en/comps/20/2024-2025/stats/2024-2025-Bundesliga-Stats: código 403
[2025-09-08T20:01:22.678+0000] {logging_mixin.py:188} INFO - 
Procesando: Ligue-1
[2025-09-08T20:01:32.679+0000] {logging_mixin.py:188} INFO - https://fbref.com/en/comps/13/2024-2025/stats/2024-2025-Ligue-1-Stats
[2025-09-08T20:01:32.738+0000] {logging_mixin.py:188} INFO - FBref error en Ligue-1: Error al acceder a https://fbref.com/en/comps/13/2024-2025/stats/2024-2025-Ligue-1-Stats: código 403
[2025-09-08T20:01:32.740+0000] {logging_mixin.py:188} INFO - FBref error en 2024-2025 [stats]: cannot access local variable 'temporada' where it is not associated with a value
[2025-09-08T20:01:32.741+0000] {logging_mixin.py:188} INFO - 
Procesando archivo: possession
[2025-09-08T20:01:32.741+0000] {logging_mixin.py:188} INFO - 
Procesando: La Liga
[2025-09-08T20:01:42.658+0000] {logging_mixin.py:188} INFO - https://fbref.com/en/comps/12/2024-2025/possession/2024-2025-La-Liga-Stats
[2025-09-08T20:01:42.805+0000] {logging_mixin.py:188} INFO - FBref error en La Liga: Error al acceder a https://fbref.com/en/comps/12/2024-2025/possession/2024-2025-La-Liga-Stats: código 403
[2025-09-08T20:01:42.807+0000] {logging_mixin.py:188} INFO - 
Procesando: Premier League
[2025-09-08T20:01:52.808+0000] {logging_mixin.py:188} INFO - https://fbref.com/en/comps/9/2024-2025/possession/2024-2025-Premier-League-Stats
[2025-09-08T20:01:53.398+0000] {logging_mixin.py:188} INFO - FBref error en Premier League: Error al acceder a https://fbref.com/en/comps/9/2024-2025/possession/2024-2025-Premier-League-Stats: código 403
[2025-09-08T20:01:53.399+0000] {logging_mixin.py:188} INFO - 
Procesando: Serie A
[2025-09-08T20:02:03.400+0000] {logging_mixin.py:188} INFO - https://fbref.com/en/comps/11/2024-2025/possession/2024-2025-Serie-A-Stats
[2025-09-08T20:02:04.543+0000] {logging_mixin.py:188} INFO - FBref error en Serie A: Error al acceder a https://fbref.com/en/comps/11/2024-2025/possession/2024-2025-Serie-A-Stats: código 403
[2025-09-08T20:02:04.543+0000] {logging_mixin.py:188} INFO - 
Procesando: Bundesliga
[2025-09-08T20:02:14.544+0000] {logging_mixin.py:188} INFO - https://fbref.com/en/comps/20/2024-2025/possession/2024-2025-Bundesliga-Stats
[2025-09-08T20:02:14.664+0000] {logging_mixin.py:188} INFO - FBref error en Bundesliga: Error al acceder a https://fbref.com/en/comps/20/2024-2025/possession/2024-2025-Bundesliga-Stats: código 403
[2025-09-08T20:02:14.665+0000] {logging_mixin.py:188} INFO - 
Procesando: Ligue-1
[2025-09-08T20:02:24.666+0000] {logging_mixin.py:188} INFO - https://fbref.com/en/comps/13/2024-2025/possession/2024-2025-Ligue-1-Stats
[2025-09-08T20:02:24.974+0000] {logging_mixin.py:188} INFO - FBref error en Ligue-1: Error al acceder a https://fbref.com/en/comps/13/2024-2025/possession/2024-2025-Ligue-1-Stats: código 403
[2025-09-08T20:02:24.974+0000] {logging_mixin.py:188} INFO - FBref error en 2024-2025 [possession]: cannot access local variable 'temporada' where it is not associated with a value
[2025-09-08T20:02:24.975+0000] {logging_mixin.py:188} INFO - 
Procesando archivo: defense
[2025-09-08T20:02:24.975+0000] {logging_mixin.py:188} INFO - 
Procesando: La Liga
[2025-09-08T20:02:34.982+0000] {logging_mixin.py:188} INFO - https://fbref.com/en/comps/12/2024-2025/defense/2024-2025-La-Liga-Stats
[2025-09-08T20:02:35.228+0000] {logging_mixin.py:188} INFO - FBref error en La Liga: Error al acceder a https://fbref.com/en/comps/12/2024-2025/defense/2024-2025-La-Liga-Stats: código 403
[2025-09-08T20:02:35.229+0000] {logging_mixin.py:188} INFO - 
Procesando: Premier League
[2025-09-08T20:02:45.230+0000] {logging_mixin.py:188} INFO - https://fbref.com/en/comps/9/2024-2025/defense/2024-2025-Premier-League-Stats
[2025-09-08T20:02:45.797+0000] {logging_mixin.py:188} INFO - FBref error en Premier League: Error al acceder a https://fbref.com/en/comps/9/2024-2025/defense/2024-2025-Premier-League-Stats: código 403
[2025-09-08T20:02:45.799+0000] {logging_mixin.py:188} INFO - 
Procesando: Serie A
[2025-09-08T20:02:55.800+0000] {logging_mixin.py:188} INFO - https://fbref.com/en/comps/11/2024-2025/defense/2024-2025-Serie-A-Stats
[2025-09-08T20:02:56.118+0000] {logging_mixin.py:188} INFO - FBref error en Serie A: Error al acceder a https://fbref.com/en/comps/11/2024-2025/defense/2024-2025-Serie-A-Stats: código 403
[2025-09-08T20:02:56.119+0000] {logging_mixin.py:188} INFO - 
Procesando: Bundesliga
[2025-09-08T20:03:06.133+0000] {logging_mixin.py:188} INFO - https://fbref.com/en/comps/20/2024-2025/defense/2024-2025-Bundesliga-Stats
[2025-09-08T20:03:06.236+0000] {logging_mixin.py:188} INFO - FBref error en Bundesliga: Error al acceder a https://fbref.com/en/comps/20/2024-2025/defense/2024-2025-Bundesliga-Stats: código 403
[2025-09-08T20:03:06.238+0000] {logging_mixin.py:188} INFO - 
Procesando: Ligue-1
[2025-09-08T20:03:16.239+0000] {logging_mixin.py:188} INFO - https://fbref.com/en/comps/13/2024-2025/defense/2024-2025-Ligue-1-Stats
[2025-09-08T20:03:16.346+0000] {logging_mixin.py:188} INFO - FBref error en Ligue-1: Error al acceder a https://fbref.com/en/comps/13/2024-2025/defense/2024-2025-Ligue-1-Stats: código 403
[2025-09-08T20:03:16.347+0000] {logging_mixin.py:188} INFO - FBref error en 2024-2025 [defense]: cannot access local variable 'temporada' where it is not associated with a value
[2025-09-08T20:03:16.348+0000] {logging_mixin.py:188} INFO - 
Procesando archivo: misc
[2025-09-08T20:03:16.349+0000] {logging_mixin.py:188} INFO - 
Procesando: La Liga
[2025-09-08T20:03:26.350+0000] {logging_mixin.py:188} INFO - https://fbref.com/en/comps/12/2024-2025/misc/2024-2025-La-Liga-Stats
[2025-09-08T20:03:26.600+0000] {logging_mixin.py:188} INFO - FBref error en La Liga: Error al acceder a https://fbref.com/en/comps/12/2024-2025/misc/2024-2025-La-Liga-Stats: código 403
[2025-09-08T20:03:26.601+0000] {logging_mixin.py:188} INFO - 
Procesando: Premier League
[2025-09-08T20:03:36.607+0000] {logging_mixin.py:188} INFO - https://fbref.com/en/comps/9/2024-2025/misc/2024-2025-Premier-League-Stats
[2025-09-08T20:03:36.748+0000] {logging_mixin.py:188} INFO - FBref error en Premier League: Error al acceder a https://fbref.com/en/comps/9/2024-2025/misc/2024-2025-Premier-League-Stats: código 403
[2025-09-08T20:03:36.750+0000] {logging_mixin.py:188} INFO - 
Procesando: Serie A
[2025-09-08T20:03:46.751+0000] {logging_mixin.py:188} INFO - https://fbref.com/en/comps/11/2024-2025/misc/2024-2025-Serie-A-Stats
[2025-09-08T20:03:47.836+0000] {logging_mixin.py:188} INFO - FBref error en Serie A: Error al acceder a https://fbref.com/en/comps/11/2024-2025/misc/2024-2025-Serie-A-Stats: código 403
[2025-09-08T20:03:47.837+0000] {logging_mixin.py:188} INFO - 
Procesando: Bundesliga
[2025-09-08T20:03:57.838+0000] {logging_mixin.py:188} INFO - https://fbref.com/en/comps/20/2024-2025/misc/2024-2025-Bundesliga-Stats
[2025-09-08T20:03:57.924+0000] {logging_mixin.py:188} INFO - FBref error en Bundesliga: Error al acceder a https://fbref.com/en/comps/20/2024-2025/misc/2024-2025-Bundesliga-Stats: código 403
[2025-09-08T20:03:57.925+0000] {logging_mixin.py:188} INFO - 
Procesando: Ligue-1
[2025-09-08T20:04:07.927+0000] {logging_mixin.py:188} INFO - https://fbref.com/en/comps/13/2024-2025/misc/2024-2025-Ligue-1-Stats
[2025-09-08T20:04:09.076+0000] {logging_mixin.py:188} INFO - FBref error en Ligue-1: Error al acceder a https://fbref.com/en/comps/13/2024-2025/misc/2024-2025-Ligue-1-Stats: código 403
[2025-09-08T20:04:09.077+0000] {logging_mixin.py:188} INFO - FBref error en 2024-2025 [misc]: cannot access local variable 'temporada' where it is not associated with a value
[2025-09-08T20:04:09.078+0000] {logging_mixin.py:188} INFO - 
Procesando archivo: passing
[2025-09-08T20:04:09.079+0000] {logging_mixin.py:188} INFO - 
Procesando: La Liga
[2025-09-08T20:04:19.080+0000] {logging_mixin.py:188} INFO - https://fbref.com/en/comps/12/2024-2025/passing/2024-2025-La-Liga-Stats
[2025-09-08T20:04:20.444+0000] {logging_mixin.py:188} INFO - FBref error en La Liga: Error al acceder a https://fbref.com/en/comps/12/2024-2025/passing/2024-2025-La-Liga-Stats: código 403
[2025-09-08T20:04:20.445+0000] {logging_mixin.py:188} INFO - 
Procesando: Premier League
[2025-09-08T20:04:30.446+0000] {logging_mixin.py:188} INFO - https://fbref.com/en/comps/9/2024-2025/passing/2024-2025-Premier-League-Stats
[2025-09-08T20:04:31.376+0000] {logging_mixin.py:188} INFO - FBref error en Premier League: Error al acceder a https://fbref.com/en/comps/9/2024-2025/passing/2024-2025-Premier-League-Stats: código 403
[2025-09-08T20:04:31.377+0000] {logging_mixin.py:188} INFO - 
Procesando: Serie A
[2025-09-08T20:04:41.476+0000] {logging_mixin.py:188} INFO - https://fbref.com/en/comps/11/2024-2025/passing/2024-2025-Serie-A-Stats
[2025-09-08T20:04:41.578+0000] {logging_mixin.py:188} INFO - FBref error en Serie A: Error al acceder a https://fbref.com/en/comps/11/2024-2025/passing/2024-2025-Serie-A-Stats: código 403
[2025-09-08T20:04:41.580+0000] {logging_mixin.py:188} INFO - 
Procesando: Bundesliga
[2025-09-08T20:04:51.581+0000] {logging_mixin.py:188} INFO - https://fbref.com/en/comps/20/2024-2025/passing/2024-2025-Bundesliga-Stats
[2025-09-08T20:04:51.884+0000] {logging_mixin.py:188} INFO - FBref error en Bundesliga: Error al acceder a https://fbref.com/en/comps/20/2024-2025/passing/2024-2025-Bundesliga-Stats: código 403
[2025-09-08T20:04:51.886+0000] {logging_mixin.py:188} INFO - 
Procesando: Ligue-1
[2025-09-08T20:05:01.887+0000] {logging_mixin.py:188} INFO - https://fbref.com/en/comps/13/2024-2025/passing/2024-2025-Ligue-1-Stats
[2025-09-08T20:05:02.123+0000] {logging_mixin.py:188} INFO - FBref error en Ligue-1: Error al acceder a https://fbref.com/en/comps/13/2024-2025/passing/2024-2025-Ligue-1-Stats: código 403
[2025-09-08T20:05:02.124+0000] {logging_mixin.py:188} INFO - FBref error en 2024-2025 [passing]: cannot access local variable 'temporada' where it is not associated with a value
[2025-09-08T20:05:02.124+0000] {logging_mixin.py:188} INFO - 
Procesando archivo: shooting
[2025-09-08T20:05:02.125+0000] {logging_mixin.py:188} INFO - 
Procesando: La Liga
[2025-09-08T20:05:12.135+0000] {logging_mixin.py:188} INFO - https://fbref.com/en/comps/12/2024-2025/shooting/2024-2025-La-Liga-Stats
[2025-09-08T20:05:12.672+0000] {logging_mixin.py:188} INFO - FBref error en La Liga: Error al acceder a https://fbref.com/en/comps/12/2024-2025/shooting/2024-2025-La-Liga-Stats: código 403
[2025-09-08T20:05:12.673+0000] {logging_mixin.py:188} INFO - 
Procesando: Premier League
[2025-09-08T20:05:22.674+0000] {logging_mixin.py:188} INFO - https://fbref.com/en/comps/9/2024-2025/shooting/2024-2025-Premier-League-Stats
[2025-09-08T20:05:23.826+0000] {logging_mixin.py:188} INFO - FBref error en Premier League: Error al acceder a https://fbref.com/en/comps/9/2024-2025/shooting/2024-2025-Premier-League-Stats: código 403
[2025-09-08T20:05:23.827+0000] {logging_mixin.py:188} INFO - 
Procesando: Serie A
[2025-09-08T20:05:33.823+0000] {logging_mixin.py:188} INFO - https://fbref.com/en/comps/11/2024-2025/shooting/2024-2025-Serie-A-Stats
[2025-09-08T20:05:33.902+0000] {logging_mixin.py:188} INFO - FBref error en Serie A: Error al acceder a https://fbref.com/en/comps/11/2024-2025/shooting/2024-2025-Serie-A-Stats: código 403
[2025-09-08T20:05:33.903+0000] {logging_mixin.py:188} INFO - 
Procesando: Bundesliga
[2025-09-08T20:05:43.904+0000] {logging_mixin.py:188} INFO - https://fbref.com/en/comps/20/2024-2025/shooting/2024-2025-Bundesliga-Stats
[2025-09-08T20:05:44.480+0000] {logging_mixin.py:188} INFO - FBref error en Bundesliga: Error al acceder a https://fbref.com/en/comps/20/2024-2025/shooting/2024-2025-Bundesliga-Stats: código 403
[2025-09-08T20:05:44.481+0000] {logging_mixin.py:188} INFO - 
Procesando: Ligue-1
[2025-09-08T20:05:54.482+0000] {logging_mixin.py:188} INFO - https://fbref.com/en/comps/13/2024-2025/shooting/2024-2025-Ligue-1-Stats
[2025-09-08T20:05:54.668+0000] {logging_mixin.py:188} INFO - FBref error en Ligue-1: Error al acceder a https://fbref.com/en/comps/13/2024-2025/shooting/2024-2025-Ligue-1-Stats: código 403
[2025-09-08T20:05:54.669+0000] {logging_mixin.py:188} INFO - FBref error en 2024-2025 [shooting]: cannot access local variable 'temporada' where it is not associated with a value
[2025-09-08T20:05:54.670+0000] {logging_mixin.py:188} INFO - 
Procesando archivo: keepers
[2025-09-08T20:05:54.670+0000] {logging_mixin.py:188} INFO - 
Procesando: La Liga
[2025-09-08T20:06:04.680+0000] {logging_mixin.py:188} INFO - https://fbref.com/en/comps/12/2024-2025/keepers/2024-2025-La-Liga-Stats
[2025-09-08T20:06:05.114+0000] {logging_mixin.py:188} INFO - FBref error en La Liga: Error al acceder a https://fbref.com/en/comps/12/2024-2025/keepers/2024-2025-La-Liga-Stats: código 403
[2025-09-08T20:06:05.115+0000] {logging_mixin.py:188} INFO - 
Procesando: Premier League
[2025-09-08T20:06:15.117+0000] {logging_mixin.py:188} INFO - https://fbref.com/en/comps/9/2024-2025/keepers/2024-2025-Premier-League-Stats
[2025-09-08T20:06:15.227+0000] {logging_mixin.py:188} INFO - FBref error en Premier League: Error al acceder a https://fbref.com/en/comps/9/2024-2025/keepers/2024-2025-Premier-League-Stats: código 403
[2025-09-08T20:06:15.228+0000] {logging_mixin.py:188} INFO - 
Procesando: Serie A
[2025-09-08T20:06:25.228+0000] {logging_mixin.py:188} INFO - https://fbref.com/en/comps/11/2024-2025/keepers/2024-2025-Serie-A-Stats
[2025-09-08T20:06:26.569+0000] {logging_mixin.py:188} INFO - FBref error en Serie A: Error al acceder a https://fbref.com/en/comps/11/2024-2025/keepers/2024-2025-Serie-A-Stats: código 403
[2025-09-08T20:06:26.571+0000] {logging_mixin.py:188} INFO - 
Procesando: Bundesliga
[2025-09-08T20:06:36.580+0000] {logging_mixin.py:188} INFO - https://fbref.com/en/comps/20/2024-2025/keepers/2024-2025-Bundesliga-Stats
[2025-09-08T20:06:36.654+0000] {logging_mixin.py:188} INFO - FBref error en Bundesliga: Error al acceder a https://fbref.com/en/comps/20/2024-2025/keepers/2024-2025-Bundesliga-Stats: código 403
[2025-09-08T20:06:36.655+0000] {logging_mixin.py:188} INFO - 
Procesando: Ligue-1
[2025-09-08T20:06:46.656+0000] {logging_mixin.py:188} INFO - https://fbref.com/en/comps/13/2024-2025/keepers/2024-2025-Ligue-1-Stats
[2025-09-08T20:06:46.778+0000] {logging_mixin.py:188} INFO - FBref error en Ligue-1: Error al acceder a https://fbref.com/en/comps/13/2024-2025/keepers/2024-2025-Ligue-1-Stats: código 403
[2025-09-08T20:06:46.780+0000] {logging_mixin.py:188} INFO - FBref error en 2024-2025 [keepers]: cannot access local variable 'temporada' where it is not associated with a value
[2025-09-08T20:06:46.781+0000] {logging_mixin.py:188} INFO - 
Procesando archivo: keepersadv
[2025-09-08T20:06:46.782+0000] {logging_mixin.py:188} INFO - 
Procesando: La Liga
[2025-09-08T20:06:56.783+0000] {logging_mixin.py:188} INFO - https://fbref.com/en/comps/12/2024-2025/keepersadv/2024-2025-La-Liga-Stats
[2025-09-08T20:06:56.880+0000] {logging_mixin.py:188} INFO - FBref error en La Liga: Error al acceder a https://fbref.com/en/comps/12/2024-2025/keepersadv/2024-2025-La-Liga-Stats: código 403
[2025-09-08T20:06:56.883+0000] {logging_mixin.py:188} INFO - 
Procesando: Premier League
[2025-09-08T20:07:06.894+0000] {logging_mixin.py:188} INFO - https://fbref.com/en/comps/9/2024-2025/keepersadv/2024-2025-Premier-League-Stats
[2025-09-08T20:07:07.897+0000] {logging_mixin.py:188} INFO - FBref error en Premier League: Error al acceder a https://fbref.com/en/comps/9/2024-2025/keepersadv/2024-2025-Premier-League-Stats: código 403
[2025-09-08T20:07:07.899+0000] {logging_mixin.py:188} INFO - 
Procesando: Serie A
[2025-09-08T20:07:17.900+0000] {logging_mixin.py:188} INFO - https://fbref.com/en/comps/11/2024-2025/keepersadv/2024-2025-Serie-A-Stats
[2025-09-08T20:07:18.248+0000] {logging_mixin.py:188} INFO - FBref error en Serie A: Error al acceder a https://fbref.com/en/comps/11/2024-2025/keepersadv/2024-2025-Serie-A-Stats: código 403
[2025-09-08T20:07:18.250+0000] {logging_mixin.py:188} INFO - 
Procesando: Bundesliga
[2025-09-08T20:07:28.251+0000] {logging_mixin.py:188} INFO - https://fbref.com/en/comps/20/2024-2025/keepersadv/2024-2025-Bundesliga-Stats
[2025-09-08T20:07:29.356+0000] {logging_mixin.py:188} INFO - FBref error en Bundesliga: Error al acceder a https://fbref.com/en/comps/20/2024-2025/keepersadv/2024-2025-Bundesliga-Stats: código 403
[2025-09-08T20:07:29.357+0000] {logging_mixin.py:188} INFO - 
Procesando: Ligue-1
[2025-09-08T20:07:39.371+0000] {logging_mixin.py:188} INFO - https://fbref.com/en/comps/13/2024-2025/keepersadv/2024-2025-Ligue-1-Stats
[2025-09-08T20:07:39.797+0000] {logging_mixin.py:188} INFO - FBref error en Ligue-1: Error al acceder a https://fbref.com/en/comps/13/2024-2025/keepersadv/2024-2025-Ligue-1-Stats: código 403
[2025-09-08T20:07:39.798+0000] {logging_mixin.py:188} INFO - FBref error en 2024-2025 [keepersadv]: cannot access local variable 'temporada' where it is not associated with a value
[2025-09-08T20:07:39.799+0000] {python.py:237} INFO - Done. Returned value was: None
[2025-09-08T20:07:39.800+0000] {taskinstance.py:441} INFO - ::group::Post task execution logs
[2025-09-08T20:07:39.817+0000] {taskinstance.py:1206} INFO - Marking task as SUCCESS. dag_id=tfm_weekly_pipeline, task_id=scrape, run_id=manual__2025-09-08T20:00:38+00:00, execution_date=20250908T200038, start_date=20250908T200041, end_date=20250908T200739
[2025-09-08T20:07:39.865+0000] {local_task_job_runner.py:240} INFO - Task exited with return code 0
[2025-09-08T20:07:39.905+0000] {taskinstance.py:3503} INFO - 1 downstream tasks scheduled from follow-on schedule check
[2025-09-08T20:07:39.911+0000] {local_task_job_runner.py:222} INFO - ::endgroup::
