[2025-09-13T13:20:06.885+0000] {local_task_job_runner.py:120} INFO - ::group::Pre task execution logs
[2025-09-13T13:20:06.941+0000] {taskinstance.py:2076} INFO - Dependencies all met for dep_context=non-requeueable deps ti=<TaskInstance: tfm_weekly_pipeline.scrape __airflow_temporary_run_2025-09-13T13:19:49.187661+00:00__ [queued]>
[2025-09-13T13:20:06.956+0000] {taskinstance.py:2076} INFO - Dependencies all met for dep_context=requeueable deps ti=<TaskInstance: tfm_weekly_pipeline.scrape __airflow_temporary_run_2025-09-13T13:19:49.187661+00:00__ [queued]>
[2025-09-13T13:20:06.957+0000] {taskinstance.py:2306} INFO - Starting attempt 1 of 2
[2025-09-13T13:20:06.982+0000] {taskinstance.py:2330} INFO - Executing <Task(_PythonDecoratedOperator): scrape> on 2025-09-13 01:00:00+00:00
[2025-09-13T13:20:06.990+0000] {standard_task_runner.py:63} INFO - Started process 189 to run task
[2025-09-13T13:20:06.999+0000] {standard_task_runner.py:90} INFO - Running: ['***', 'tasks', 'run', 'tfm_weekly_pipeline', 'scrape', '__***_temporary_run_2025-09-13T13:19:49.187661+00:00__', '--job-id', '110', '--raw', '--subdir', 'DAGS_FOLDER/tfm_market_value_dag.py', '--cfg-path', '/tmp/tmp0fqtisdz']
[2025-09-13T13:20:07.005+0000] {standard_task_runner.py:91} INFO - Job 110: Subtask scrape
[2025-09-13T13:20:07.119+0000] {task_command.py:426} INFO - Running <TaskInstance: tfm_weekly_pipeline.scrape __airflow_temporary_run_2025-09-13T13:19:49.187661+00:00__ [running]> on host 51a18b7a61c3
[2025-09-13T13:20:07.326+0000] {taskinstance.py:2648} INFO - Exporting env vars: AIRFLOW_CTX_DAG_OWNER='tfm' AIRFLOW_CTX_DAG_ID='tfm_weekly_pipeline' AIRFLOW_CTX_TASK_ID='scrape' AIRFLOW_CTX_EXECUTION_DATE='2025-09-13T01:00:00+00:00' AIRFLOW_CTX_TRY_NUMBER='1' AIRFLOW_CTX_DAG_RUN_ID='__***_temporary_run_2025-09-13T13:19:49.187661+00:00__'
[2025-09-13T13:20:07.328+0000] {taskinstance.py:430} INFO - ::endgroup::
[2025-09-13T13:20:07.330+0000] {logging_mixin.py:188} INFO - 
Procesando archivo: stats
[2025-09-13T13:20:07.332+0000] {logging_mixin.py:188} INFO - 
Procesando: La Liga
[2025-09-13T13:20:07.409+0000] {logging_mixin.py:188} INFO - WARN 403 en https://fbref.com/en/comps/12/2024-2025/. Reintentando con backoff y UA nuevo…
[2025-09-13T13:20:09.145+0000] {logging_mixin.py:188} INFO - FBref error en La Liga: Índice https://fbref.com/en/comps/12/2024-2025/ devolvió 403
[2025-09-13T13:20:10.703+0000] {logging_mixin.py:188} INFO - 
Procesando: Premier League
[2025-09-13T13:20:10.765+0000] {logging_mixin.py:188} INFO - WARN 403 en https://fbref.com/en/comps/9/2024-2025/. Reintentando con backoff y UA nuevo…
[2025-09-13T13:20:13.824+0000] {logging_mixin.py:188} INFO - FBref error en Premier League: Índice https://fbref.com/en/comps/9/2024-2025/ devolvió 403
[2025-09-13T13:20:15.455+0000] {logging_mixin.py:188} INFO - 
Procesando: Serie A
[2025-09-13T13:20:15.531+0000] {logging_mixin.py:188} INFO - WARN 403 en https://fbref.com/en/comps/11/2024-2025/. Reintentando con backoff y UA nuevo…
[2025-09-13T13:20:17.823+0000] {logging_mixin.py:188} INFO - FBref error en Serie A: Índice https://fbref.com/en/comps/11/2024-2025/ devolvió 403
[2025-09-13T13:20:18.879+0000] {logging_mixin.py:188} INFO - 
Procesando: Bundesliga
[2025-09-13T13:20:18.943+0000] {logging_mixin.py:188} INFO - WARN 403 en https://fbref.com/en/comps/20/2024-2025/. Reintentando con backoff y UA nuevo…
[2025-09-13T13:20:21.958+0000] {logging_mixin.py:188} INFO - FBref error en Bundesliga: Índice https://fbref.com/en/comps/20/2024-2025/ devolvió 403
[2025-09-13T13:20:23.068+0000] {logging_mixin.py:188} INFO - 
Procesando: Ligue 1
[2025-09-13T13:20:23.144+0000] {logging_mixin.py:188} INFO - WARN 403 en https://fbref.com/en/comps/13/2024-2025/. Reintentando con backoff y UA nuevo…
[2025-09-13T13:20:25.847+0000] {logging_mixin.py:188} INFO - FBref error en Ligue 1: Índice https://fbref.com/en/comps/13/2024-2025/ devolvió 403
[2025-09-13T13:20:27.308+0000] {local_task_job_runner.py:310} WARNING - State of this instance has been externally set to None. Terminating instance.
[2025-09-13T13:20:27.317+0000] {local_task_job_runner.py:222} INFO - ::endgroup::
[2025-09-13T13:20:27.334+0000] {process_utils.py:132} INFO - Sending 15 to group 189. PIDs of all processes in the group: [189]
[2025-09-13T13:20:27.338+0000] {process_utils.py:87} INFO - Sending the signal 15 to group 189
[2025-09-13T13:20:27.351+0000] {taskinstance.py:2611} ERROR - Received SIGTERM. Terminating subprocesses.
[2025-09-13T13:20:27.352+0000] {taskinstance.py:441} INFO - ::group::Post task execution logs
[2025-09-13T13:20:27.397+0000] {taskinstance.py:2905} ERROR - Task failed with exception
Traceback (most recent call last):
  File "/home/airflow/.local/lib/python3.11/site-packages/airflow/models/taskinstance.py", line 465, in _execute_task
    result = _execute_callable(context=context, **execute_callable_kwargs)
             ^^^^^^^^^^^^^^^^^^^^^^^^^^^^^^^^^^^^^^^^^^^^^^^^^^^^^^^^^^^^^
  File "/home/airflow/.local/lib/python3.11/site-packages/airflow/models/taskinstance.py", line 432, in _execute_callable
    return execute_callable(context=context, **execute_callable_kwargs)
           ^^^^^^^^^^^^^^^^^^^^^^^^^^^^^^^^^^^^^^^^^^^^^^^^^^^^^^^^^^^^
  File "/home/airflow/.local/lib/python3.11/site-packages/airflow/models/baseoperator.py", line 401, in wrapper
    return func(self, *args, **kwargs)
           ^^^^^^^^^^^^^^^^^^^^^^^^^^^
  File "/home/airflow/.local/lib/python3.11/site-packages/airflow/decorators/base.py", line 265, in execute
    return_value = super().execute(context)
                   ^^^^^^^^^^^^^^^^^^^^^^^^
  File "/home/airflow/.local/lib/python3.11/site-packages/airflow/models/baseoperator.py", line 401, in wrapper
    return func(self, *args, **kwargs)
           ^^^^^^^^^^^^^^^^^^^^^^^^^^^
  File "/home/airflow/.local/lib/python3.11/site-packages/airflow/operators/python.py", line 235, in execute
    return_value = self.execute_callable()
                   ^^^^^^^^^^^^^^^^^^^^^^^
  File "/home/airflow/.local/lib/python3.11/site-packages/airflow/operators/python.py", line 252, in execute_callable
    return self.python_callable(*self.op_args, **self.op_kwargs)
           ^^^^^^^^^^^^^^^^^^^^^^^^^^^^^^^^^^^^^^^^^^^^^^^^^^^^^
  File "/opt/airflow/dags/tfm_market_value_dag.py", line 78, in scrape
    run_scraping_pipeline(season=season, ejecutar_r= False)
  File "/opt/airflow/repo/scripts/pipeline_api.py", line 29, in run_scraping_pipeline
    return ctrl.run(season=season, ejecutar_r=ejecutar_r)
           ^^^^^^^^^^^^^^^^^^^^^^^^^^^^^^^^^^^^^^^^^^^^^^
  File "/opt/airflow/repo/scripts/controlador_scrpapping.py", line 47, in run
    scrap_fbref_and_clean(season)
  File "/opt/airflow/repo/scripts/controlador_scrpapping.py", line 38, in scrap_fbref_and_clean
    df = scrape_fbref(temporada, id, type)
         ^^^^^^^^^^^^^^^^^^^^^^^^^^^^^^^^^
  File "/opt/airflow/repo/scripts/scrape_fbref.py", line 253, in scrape_fbref
    _polite_pause(min_delay, max_delay)
  File "/opt/airflow/repo/scripts/scrape_fbref.py", line 68, in _polite_pause
    time.sleep(random.uniform(a, b))
  File "/home/airflow/.local/lib/python3.11/site-packages/airflow/models/taskinstance.py", line 2613, in signal_handler
    raise AirflowTaskTerminated("Task received SIGTERM signal")
airflow.exceptions.AirflowTaskTerminated: Task received SIGTERM signal
[2025-09-13T13:20:27.550+0000] {taskinstance.py:1206} INFO - Marking task as FAILED. dag_id=tfm_weekly_pipeline, task_id=scrape, run_id=__***_temporary_run_2025-09-13T13:19:49.187661+00:00__, execution_date=20250913T010000, start_date=20250913T132006, end_date=20250913T132027
[2025-09-13T13:20:27.609+0000] {standard_task_runner.py:110} ERROR - Failed to execute job 110 for task scrape ((psycopg2.errors.ForeignKeyViolation) insert or update on table "task_fail" violates foreign key constraint "task_fail_ti_fkey"
DETAIL:  Key (dag_id, task_id, run_id, map_index)=(tfm_weekly_pipeline, scrape, __airflow_temporary_run_2025-09-13T13:19:49.187661+00:00__, -1) is not present in table "task_instance".

[SQL: INSERT INTO task_fail (task_id, dag_id, run_id, map_index, start_date, end_date, duration) VALUES (%(task_id)s, %(dag_id)s, %(run_id)s, %(map_index)s, %(start_date)s, %(end_date)s, %(duration)s) RETURNING task_fail.id]
[parameters: {'task_id': 'scrape', 'dag_id': 'tfm_weekly_pipeline', 'run_id': '__airflow_temporary_run_2025-09-13T13:19:49.187661+00:00__', 'map_index': -1, 'start_date': datetime.datetime(2025, 9, 13, 13, 20, 6, 942436, tzinfo=Timezone('UTC')), 'end_date': datetime.datetime(2025, 9, 13, 13, 20, 27, 548756, tzinfo=Timezone('UTC')), 'duration': 20}]
(Background on this error at: https://sqlalche.me/e/14/gkpj); 189)
[2025-09-13T13:20:27.647+0000] {process_utils.py:80} INFO - Process psutil.Process(pid=189, status='terminated', exitcode=1, started='13:20:06') (189) terminated with exit code 1
