[2025-09-08T20:41:14.207+0000] {local_task_job_runner.py:120} INFO - ::group::Pre task execution logs
[2025-09-08T20:41:14.234+0000] {taskinstance.py:2076} INFO - Dependencies all met for dep_context=non-requeueable deps ti=<TaskInstance: tfm_weekly_pipeline.merge backfill__2025-09-02T01:00:00+00:00 [queued]>
[2025-09-08T20:41:14.240+0000] {taskinstance.py:2076} INFO - Dependencies all met for dep_context=requeueable deps ti=<TaskInstance: tfm_weekly_pipeline.merge backfill__2025-09-02T01:00:00+00:00 [queued]>
[2025-09-08T20:41:14.241+0000] {taskinstance.py:2306} INFO - Starting attempt 2 of 2
[2025-09-08T20:41:14.252+0000] {taskinstance.py:2330} INFO - Executing <Task(_PythonDecoratedOperator): merge> on 2025-09-02 01:00:00+00:00
[2025-09-08T20:41:14.257+0000] {standard_task_runner.py:63} INFO - Started process 556 to run task
[2025-09-08T20:41:14.260+0000] {standard_task_runner.py:90} INFO - Running: ['***', 'tasks', 'run', 'tfm_weekly_pipeline', 'merge', 'backfill__2025-09-02T01:00:00+00:00', '--job-id', '73', '--pool', 'default_pool', '--raw', '--subdir', 'DAGS_FOLDER/tfm_market_value_dag.py', '--cfg-path', '/tmp/tmpstfblx0v']
[2025-09-08T20:41:14.262+0000] {standard_task_runner.py:91} INFO - Job 73: Subtask merge
[2025-09-08T20:41:14.303+0000] {task_command.py:426} INFO - Running <TaskInstance: tfm_weekly_pipeline.merge backfill__2025-09-02T01:00:00+00:00 [running]> on host 0c5ea971e960
[2025-09-08T20:41:14.373+0000] {taskinstance.py:2648} INFO - Exporting env vars: AIRFLOW_CTX_DAG_OWNER='tfm' AIRFLOW_CTX_DAG_ID='tfm_weekly_pipeline' AIRFLOW_CTX_TASK_ID='merge' AIRFLOW_CTX_EXECUTION_DATE='2025-09-02T01:00:00+00:00' AIRFLOW_CTX_TRY_NUMBER='2' AIRFLOW_CTX_DAG_RUN_ID='backfill__2025-09-02T01:00:00+00:00'
[2025-09-08T20:41:14.374+0000] {taskinstance.py:430} INFO - ::endgroup::
[2025-09-08T20:41:19.352+0000] {logging_mixin.py:188} INFO - Uniendo los datasets...
[2025-09-08T20:41:30.084+0000] {taskinstance.py:441} INFO - ::group::Post task execution logs
[2025-09-08T20:41:30.085+0000] {taskinstance.py:2905} ERROR - Task failed with exception
Traceback (most recent call last):
  File "/home/airflow/.local/lib/python3.11/site-packages/airflow/models/taskinstance.py", line 465, in _execute_task
    result = _execute_callable(context=context, **execute_callable_kwargs)
             ^^^^^^^^^^^^^^^^^^^^^^^^^^^^^^^^^^^^^^^^^^^^^^^^^^^^^^^^^^^^^
  File "/home/airflow/.local/lib/python3.11/site-packages/airflow/models/taskinstance.py", line 432, in _execute_callable
    return execute_callable(context=context, **execute_callable_kwargs)
           ^^^^^^^^^^^^^^^^^^^^^^^^^^^^^^^^^^^^^^^^^^^^^^^^^^^^^^^^^^^^
  File "/home/airflow/.local/lib/python3.11/site-packages/airflow/models/baseoperator.py", line 401, in wrapper
    return func(self, *args, **kwargs)
           ^^^^^^^^^^^^^^^^^^^^^^^^^^^
  File "/home/airflow/.local/lib/python3.11/site-packages/airflow/decorators/base.py", line 265, in execute
    return_value = super().execute(context)
                   ^^^^^^^^^^^^^^^^^^^^^^^^
  File "/home/airflow/.local/lib/python3.11/site-packages/airflow/models/baseoperator.py", line 401, in wrapper
    return func(self, *args, **kwargs)
           ^^^^^^^^^^^^^^^^^^^^^^^^^^^
  File "/home/airflow/.local/lib/python3.11/site-packages/airflow/operators/python.py", line 235, in execute
    return_value = self.execute_callable()
                   ^^^^^^^^^^^^^^^^^^^^^^^
  File "/home/airflow/.local/lib/python3.11/site-packages/airflow/operators/python.py", line 252, in execute_callable
    return self.python_callable(*self.op_args, **self.op_kwargs)
           ^^^^^^^^^^^^^^^^^^^^^^^^^^^^^^^^^^^^^^^^^^^^^^^^^^^^^
  File "/opt/airflow/dags/tfm_market_value_dag.py", line 62, in merge
    return spark_merge_and_convert()
           ^^^^^^^^^^^^^^^^^^^^^^^^^
  File "/opt/airflow/repo/scripts/pipeline_api.py", line 36, in spark_merge_and_convert
    return procesar()
           ^^^^^^^^^^
  File "/opt/airflow/repo/spark_pipeline/procesamiento_spark.py", line 181, in procesar
    df = union_datasets(spark)
         ^^^^^^^^^^^^^^^^^^^^^
  File "/opt/airflow/repo/spark_pipeline/procesamiento_spark.py", line 126, in union_datasets
    "mercado": spark.read.option("header", True).csv(DATA / "mercado.csv"),
               ^^^^^^^^^^^^^^^^^^^^^^^^^^^^^^^^^^^^^^^^^^^^^^^^^^^^^^^^^^^
  File "/home/airflow/.local/lib/python3.11/site-packages/pyspark/sql/readwriter.py", line 763, in csv
    raise PySparkTypeError(
pyspark.errors.exceptions.base.PySparkTypeError: [NOT_STR_OR_LIST_OF_RDD] Argument `path` should be a str or list[RDD], got PosixPath.
[2025-09-08T20:41:30.112+0000] {taskinstance.py:1206} INFO - Marking task as FAILED. dag_id=tfm_weekly_pipeline, task_id=merge, run_id=backfill__2025-09-02T01:00:00+00:00, execution_date=20250902T010000, start_date=20250908T204114, end_date=20250908T204130
[2025-09-08T20:41:30.136+0000] {standard_task_runner.py:110} ERROR - Failed to execute job 73 for task merge ([NOT_STR_OR_LIST_OF_RDD] Argument `path` should be a str or list[RDD], got PosixPath.; 556)
[2025-09-08T20:41:30.182+0000] {local_task_job_runner.py:240} INFO - Task exited with return code 1
[2025-09-08T20:41:30.216+0000] {taskinstance.py:3503} INFO - 0 downstream tasks scheduled from follow-on schedule check
[2025-09-08T20:41:30.225+0000] {local_task_job_runner.py:222} INFO - ::endgroup::
